#
# There is insufficient memory for the Java Runtime Environment to continue.
# Native memory allocation (mmap) failed to map 266338304 bytes for G1 virtual space
# Possible reasons:
#   The system is out of physical RAM or swap space
#   The process is running with CompressedOops enabled, and the Java Heap may be blocking the growth of the native heap
# Possible solutions:
#   Reduce memory load on the system
#   Increase physical memory or swap space
#   Check if swap backing store is full
#   Decrease Java heap size (-Xmx/-Xms)
#   Decrease number of Java threads
#   Decrease Java thread stack sizes (-Xss)
#   Set larger code cache with -XX:ReservedCodeCacheSize=
#   JVM is running with Zero Based Compressed Oops mode in which the Java heap is
#     placed in the first 32GB address space. The Java Heap base address is the
#     maximum limit for the native heap growth. Please use -XX:HeapBaseMinAddress
#     to set the Java Heap base and to place the Java Heap above 32GB virtual address.
# This output file may be truncated or incomplete.
#
#  Out of Memory Error (os_windows.cpp:3532), pid=19104, tid=22328
#
# JRE version:  (17.0.2+8) (build )
# Java VM: Java HotSpot(TM) 64-Bit Server VM (17.0.2+8-LTS-86, mixed mode, sharing, tiered, compressed oops, compressed class ptrs, g1 gc, windows-amd64)
# No core dump will be written. Minidumps are not enabled by default on client versions of Windows
#

---------------  S U M M A R Y ------------

Command Line: -javaagent:E:\IntelliJ IDEA PRO\IntelliJ IDEA 2022.2.3\lib\idea_rt.jar=61238:E:\IntelliJ IDEA PRO\IntelliJ IDEA 2022.2.3\bin -Dfile.encoding=UTF-8 --module-path=C:\Users\User\.m2\repository\org\openjfx\javafx-graphics\17.0.2\javafx-graphics-17.0.2-win.jar;C:\Users\User\.m2\repository\org\openjfx\javafx-fxml\17.0.2\javafx-fxml-17.0.2-win.jar;C:\Users\User\.m2\repository\org\openjfx\javafx-base\17.0.2\javafx-base-17.0.2-win.jar;C:\Users\User\.m2\repository\org\openjfx\javafx-controls\17.0.2\javafx-controls-17.0.2-win.jar;E:\ProgSP_course_project\Java\Course_project\target\classes -Djdk.module.main=com.example.course_project com.example.course_project/com.example.course_project.database.QueriesSQL

Host: Intel(R) Core(TM) i5-10300H CPU @ 2.50GHz, 8 cores, 15G,  Windows 10 , 64 bit Build 19041 (10.0.19041.1889)
Time: Fri Dec 16 21:57:04 2022  Windows 10 , 64 bit Build 19041 (10.0.19041.1889) elapsed time: 0.011493 seconds (0d 0h 0m 0s)

---------------  T H R E A D  ---------------

Current thread (0x00000194050708b0):  JavaThread "Unknown thread" [_thread_in_vm, id=22328, stack(0x0000001220d00000,0x0000001220e00000)]

Stack: [0x0000001220d00000,0x0000001220e00000]
Native frames: (J=compiled Java code, j=interpreted, Vv=VM code, C=native code)
V  [jvm.dll+0x670baa]
V  [jvm.dll+0x7cfcb4]
V  [jvm.dll+0x7d145e]
V  [jvm.dll+0x7d1ac3]
V  [jvm.dll+0x242bc5]
V  [jvm.dll+0x66dac9]
V  [jvm.dll+0x662412]
V  [jvm.dll+0x300c0b]
V  [jvm.dll+0x3081a6]
V  [jvm.dll+0x357d0e]
V  [jvm.dll+0x357f3f]
V  [jvm.dll+0x2d7ec8]
V  [jvm.dll+0x2d8e34]
V  [jvm.dll+0x7a18c1]
V  [jvm.dll+0x365a91]
V  [jvm.dll+0x780d2c]
V  [jvm.dll+0x3e845f]
V  [jvm.dll+0x3e9f01]
C  [jli.dll+0x527b]
C  [ucrtbase.dll+0x21bb2]
C  [KERNEL32.DLL+0x17034]
C  [ntdll.dll+0x526a1]


---------------  P R O C E S S  ---------------

Threads class SMR info:
_java_thread_list=0x00007ffd6dba9858, length=0, elements={
}

Java Threads: ( => current thread )

Other Threads:
  0x00000194050bfd90 GCTaskThread "GC Thread#0" [stack: 0x0000001220e00000,0x0000001220f00000] [id=16720]
  0x00000194050d09d0 ConcurrentGCThread "G1 Main Marker" [stack: 0x0000001220f00000,0x0000001221000000] [id=13224]
  0x00000194050d1b80 ConcurrentGCThread "G1 Conc#0" [stack: 0x0000001221000000,0x0000001221100000] [id=14720]

[error occurred during error reporting (printing all threads), id 0xc0000005, EXCEPTION_ACCESS_VIOLATION (0xc0000005) at pc=0x00007ffd6d3f88a7]

VM state: not at safepoint (not fully initialized)

VM Mutex/Monitor currently owned by a thread:  ([mutex/lock_event])
[0x000001940506c880] Heap_lock - owner thread: 0x00000194050708b0

Heap address: 0x0000000703000000, size: 4048 MB, Compressed Oops mode: Zero based, Oop shift amount: 3

CDS archive(s) mapped at: [0x0000000000000000-0x0000000000000000-0x0000000000000000), size 0, SharedBaseAddress: 0x0000000800000000, ArchiveRelocationMode: 0.
Narrow klass base: 0x0000000000000000, Narrow klass shift: 0, Narrow klass range: 0x0

GC Precious Log:
<Empty>

Heap:
 garbage-first heap   total 0K, used 0K [0x0000000703000000, 0x0000000800000000)
  region size 2048K, 0 young (0K), 0 survivors (0K)

[error occurred during error reporting (printing heap information), id 0xc0000005, EXCEPTION_ACCESS_VIOLATION (0xc0000005) at pc=0x00007ffd6d7d9f19]

GC Heap History (0 events):
No events

Deoptimization events (0 events):
No events

Classes unloaded (0 events):
No events

Classes redefined (0 events):
No events

Internal exceptions (0 events):
No events

VM Operations (0 events):
No events

Events (1 events):
Event: 0.007 Loaded shared library C:\Program Files\Java\jdk-17.0.2\bin\java.dll


Dynamic libraries:
0x00007ff6654b0000 - 0x00007ff6654c0000 	C:\Program Files\Java\jdk-17.0.2\bin\java.exe
0x00007ffdc2170000 - 0x00007ffdc2368000 	C:\WINDOWS\SYSTEM32\ntdll.dll
0x00007ffdc0ab0000 - 0x00007ffdc0b6d000 	C:\WINDOWS\System32\KERNEL32.DLL
0x00007ffdbf9c0000 - 0x00007ffdbfc8e000 	C:\WINDOWS\System32\KERNELBASE.dll
0x00007ffdbfed0000 - 0x00007ffdbffd0000 	C:\WINDOWS\System32\ucrtbase.dll
0x00007ffdaa950000 - 0x00007ffdaa968000 	C:\Program Files\Java\jdk-17.0.2\bin\jli.dll
0x00007ffdafbe0000 - 0x00007ffdafbfa000 	C:\Program Files\Java\jdk-17.0.2\bin\VCRUNTIME140.dll
0x00007ffdc1d80000 - 0x00007ffdc1e2e000 	C:\WINDOWS\System32\ADVAPI32.dll
0x00007ffdc1950000 - 0x00007ffdc19ee000 	C:\WINDOWS\System32\msvcrt.dll
0x00007ffdc01d0000 - 0x00007ffdc026c000 	C:\WINDOWS\System32\sechost.dll
0x00007ffdc1bf0000 - 0x00007ffdc1d15000 	C:\WINDOWS\System32\RPCRT4.dll
0x00007ffdc1f90000 - 0x00007ffdc2130000 	C:\WINDOWS\System32\USER32.dll
0x00007ffdbfe10000 - 0x00007ffdbfe32000 	C:\WINDOWS\System32\win32u.dll
0x00007ffda3580000 - 0x00007ffda381a000 	C:\WINDOWS\WinSxS\amd64_microsoft.windows.common-controls_6595b64144ccf1df_6.0.19041.1110_none_60b5254171f9507e\COMCTL32.dll
0x00007ffdc19f0000 - 0x00007ffdc1a1a000 	C:\WINDOWS\System32\GDI32.dll
0x00007ffdbfd00000 - 0x00007ffdbfe0b000 	C:\WINDOWS\System32\gdi32full.dll
0x00007ffdbffd0000 - 0x00007ffdc006d000 	C:\WINDOWS\System32\msvcp_win.dll
0x00007ffdb8570000 - 0x00007ffdb857a000 	C:\WINDOWS\SYSTEM32\VERSION.dll
0x00007ffdc09e0000 - 0x00007ffdc0a10000 	C:\WINDOWS\System32\IMM32.DLL
0x00007ffdb4500000 - 0x00007ffdb450c000 	C:\Program Files\Java\jdk-17.0.2\bin\vcruntime140_1.dll
0x00007ffd95ab0000 - 0x00007ffd95b3d000 	C:\Program Files\Java\jdk-17.0.2\bin\msvcp140.dll
0x00007ffd6d110000 - 0x00007ffd6dcd1000 	C:\Program Files\Java\jdk-17.0.2\bin\server\jvm.dll
0x00007ffdc18b0000 - 0x00007ffdc18b8000 	C:\WINDOWS\System32\PSAPI.DLL
0x00007ffdaca00000 - 0x00007ffdaca27000 	C:\WINDOWS\SYSTEM32\WINMM.dll
0x00007ffdbad80000 - 0x00007ffdbad89000 	C:\WINDOWS\SYSTEM32\WSOCK32.dll
0x00007ffdc1840000 - 0x00007ffdc18ab000 	C:\WINDOWS\System32\WS2_32.dll
0x00007ffdbe120000 - 0x00007ffdbe132000 	C:\WINDOWS\SYSTEM32\kernel.appcore.dll
0x00007ffdaaa40000 - 0x00007ffdaaa4a000 	C:\Program Files\Java\jdk-17.0.2\bin\jimage.dll
0x00007ffdbbd20000 - 0x00007ffdbbf04000 	C:\WINDOWS\SYSTEM32\DBGHELP.DLL
0x00007ffdaca70000 - 0x00007ffdaca9c000 	C:\WINDOWS\SYSTEM32\dbgcore.DLL
0x00007ffdbfe40000 - 0x00007ffdbfec2000 	C:\WINDOWS\System32\bcryptPrimitives.dll
0x00007ffdbad70000 - 0x00007ffdbad7e000 	C:\Program Files\Java\jdk-17.0.2\bin\instrument.dll
0x00007ffd9f080000 - 0x00007ffd9f0a5000 	C:\Program Files\Java\jdk-17.0.2\bin\java.dll

dbghelp: loaded successfully - version: 4.0.5 - missing functions: none
symbol engine: initialized successfully - sym options: 0x614 - pdb path: .;C:\Program Files\Java\jdk-17.0.2\bin;C:\WINDOWS\SYSTEM32;C:\WINDOWS\WinSxS\amd64_microsoft.windows.common-controls_6595b64144ccf1df_6.0.19041.1110_none_60b5254171f9507e;C:\Program Files\Java\jdk-17.0.2\bin\server

VM Arguments:
jvm_args: -javaagent:E:\IntelliJ IDEA PRO\IntelliJ IDEA 2022.2.3\lib\idea_rt.jar=61238:E:\IntelliJ IDEA PRO\IntelliJ IDEA 2022.2.3\bin -Dfile.encoding=UTF-8 --module-path=C:\Users\User\.m2\repository\org\openjfx\javafx-graphics\17.0.2\javafx-graphics-17.0.2-win.jar;C:\Users\User\.m2\repository\org\openjfx\javafx-fxml\17.0.2\javafx-fxml-17.0.2-win.jar;C:\Users\User\.m2\repository\org\openjfx\javafx-base\17.0.2\javafx-base-17.0.2-win.jar;C:\Users\User\.m2\repository\org\openjfx\javafx-controls\17.0.2\javafx-controls-17.0.2-win.jar;E:\ProgSP_course_project\Java\Course_project\target\classes -Djdk.module.main=com.example.course_project 
java_command: com.example.course_project/com.example.course_project.database.QueriesSQL
java_class_path (initial): D:\mysql-connector-j-8.0.31\mysql-connector-j-8.0.31.jar;C:\Users\User\.m2\repository\org\openjfx\javafx-controls\17.0.2\javafx-controls-17.0.2.jar;C:\Users\User\.m2\repository\org\openjfx\javafx-graphics\17.0.2\javafx-graphics-17.0.2.jar;C:\Users\User\.m2\repository\org\openjfx\javafx-base\17.0.2\javafx-base-17.0.2.jar;C:\Users\User\.m2\repository\org\openjfx\javafx-fxml\17.0.2\javafx-fxml-17.0.2.jar
Launcher Type: SUN_STANDARD

[Global flags]
     intx CICompilerCount                          = 4                                         {product} {ergonomic}
     uint ConcGCThreads                            = 2                                         {product} {ergonomic}
     uint G1ConcRefinementThreads                  = 8                                         {product} {ergonomic}
   size_t G1HeapRegionSize                         = 2097152                                   {product} {ergonomic}
    uintx GCDrainStackTargetSize                   = 64                                        {product} {ergonomic}
   size_t InitialHeapSize                          = 266338304                                 {product} {ergonomic}
   size_t MarkStackSize                            = 4194304                                   {product} {ergonomic}
   size_t MaxHeapSize                              = 4244635648                                {product} {ergonomic}
   size_t MinHeapDeltaBytes                        = 2097152                                   {product} {ergonomic}
   size_t MinHeapSize                              = 8388608                                   {product} {ergonomic}
    uintx NonNMethodCodeHeapSize                   = 5839372                                {pd product} {ergonomic}
    uintx NonProfiledCodeHeapSize                  = 122909434                              {pd product} {ergonomic}
    uintx ProfiledCodeHeapSize                     = 122909434                              {pd product} {ergonomic}
    uintx ReservedCodeCacheSize                    = 251658240                              {pd product} {ergonomic}
     bool SegmentedCodeCache                       = true                                      {product} {ergonomic}
   size_t SoftMaxHeapSize                          = 4244635648                             {manageable} {ergonomic}
     bool UseCompressedClassPointers               = true                           {product lp64_product} {ergonomic}
     bool UseCompressedOops                        = true                           {product lp64_product} {ergonomic}
     bool UseG1GC                                  = true                                      {product} {ergonomic}
     bool UseLargePagesIndividualAllocation        = false                                  {pd product} {ergonomic}

Logging:
Log output configuration:
 #0: stdout all=warning uptime,level,tags
 #1: stderr all=off uptime,level,tags

Environment Variables:
CLASSPATH=.;C:\PROGRA~1\IBM\IBMDAT~1\java\db2jcc.jar;C:\PROGRA~1\IBM\IBMDAT~1\java\sqlj.zip;C:\PROGRA~1\IBM\IBMDAT~1\bin
PATH=C:\Program Files\Microsoft MPI\Bin\;C:\Program Files\Python38\Scripts\;C:\Program Files\Python38\;D:\WinAVR\bin;D:\WinAVR\utils\bin;C:\Program Files\Common Files\Oracle\Java\javapath;C:\Program Files (x86)\Common Files\Oracle\Java\javapath;C:\WINDOWS\system32;C:\WINDOWS;C:\WINDOWS\System32\Wbem;C:\WINDOWS\System32\WindowsPowerShell\v1.0\;C:\WINDOWS\System32\OpenSSH\;C:\Program Files (x86)\NVIDIA Corporation\PhysX\Common;C:\Program Files\NVIDIA Corporation\NVIDIA NvDLISR;C:\Program Files\Git\cmd;C:\Program Files\Microsoft SQL Server\Client SDK\ODBC\170\Tools\Binn\;C:\Program Files\Microsoft SQL Server\130\Tools\Binn\;C:\Program Files\Microsoft SQL Server\150\Tools\Binn\;C:\Program Files (x86)\Microsoft SQL Server\150\DTS\Binn\;C:\Program Files\dotnet\;C:\Program Files (x86)\Microsoft SQL Server\110\DTS\Binn\;C:\Program Files (x86)\Microsoft SQL Server\120\DTS\Binn\;C:\Program Files (x86)\Microsoft SQL Server\130\DTS\Binn\;C:\Program Files (x86)\Microsoft SQL Server\140\DTS\Binn\;C:\Program Files (x86)\Microsoft SQL Server\160\DTS\Binn\;C:\WINDOWS\system32;C:\WINDOWS;C:\WINDOWS\System32\Wbem;C:\WINDOWS\System32\WindowsPowerShell\v1.0\;C:\WINDOWS\System32\OpenSSH\;C:\PROGRA~1\IBM\IBMDAT~1\BIN;E:\Git_LFS\Git LFS;E:\TortoiseGIT\bin;C:\Users\User\.dnx\bin;C:\Program Files\Microsoft DNX\Dnvm\;C:\Program Files (x86)\Microsoft SQL Server\150\Tools\Binn\;C:\Program Files\Microsoft SQL Server\150\DTS\Binn\;C:\Program Files\MySQL\MySQL Shell 8.0\bin\;E:\Python_3_10\Scripts\;E:\Python_3_10\;C:\Users\User\AppData\Local\Microsoft\WindowsApps;C:\Users\User\AppData\Local\GitHubDesktop\bin;C:\Program Files\Azure Data Studio\bin;C:\Program Files (x86)\GNU Tools ARM Embedded\4.6 2012q4\bin;C:\Users\User\.dotnet\tools;;E:\PyCharm PRO\PyCharm 2022.2.2\bin;;E:\IntelliJ IDEA PRO\IntelliJ IDEA 2022.2.3\bin;
USERNAME=User
OS=Windows_NT
PROCESSOR_IDENTIFIER=Intel64 Family 6 Model 165 Stepping 2, GenuineIntel



---------------  S Y S T E M  ---------------

OS:
 Windows 10 , 64 bit Build 19041 (10.0.19041.1889)
OS uptime: 6 days 19:37 hours

CPU: total 8 (initial active 8) (4 cores per cpu, 2 threads per core) family 6 model 165 stepping 2 microcode 0xc8, cx8, cmov, fxsr, ht, mmx, 3dnowpref, sse, sse2, sse3, ssse3, sse4.1, sse4.2, popcnt, lzcnt, tsc, tscinvbit, avx, avx2, aes, erms, clmul, bmi1, bmi2, adx, fma, vzeroupper, clflush, clflushopt

Memory: 4k page, system-wide physical 16185M (3920M free)
TotalPageFile size 18233M (AvailPageFile size 149M)
current process WorkingSet (physical memory assigned to process): 10M, peak: 10M
current process commit charge ("private bytes"): 60M, peak: 314M

vm_info: Java HotSpot(TM) 64-Bit Server VM (17.0.2+8-LTS-86) for windows-amd64 JRE (17.0.2+8-LTS-86), built on Dec  7 2021 21:51:03 by "mach5one" with MS VC++ 16.8 / 16.9 (VS2019)

END.
