#
# There is insufficient memory for the Java Runtime Environment to continue.
# Native memory allocation (malloc) failed to allocate 1988992 bytes for Chunk::new
# Possible reasons:
#   The system is out of physical RAM or swap space
#   The process is running with CompressedOops enabled, and the Java Heap may be blocking the growth of the native heap
# Possible solutions:
#   Reduce memory load on the system
#   Increase physical memory or swap space
#   Check if swap backing store is full
#   Decrease Java heap size (-Xmx/-Xms)
#   Decrease number of Java threads
#   Decrease Java thread stack sizes (-Xss)
#   Set larger code cache with -XX:ReservedCodeCacheSize=
#   JVM is running with Zero Based Compressed Oops mode in which the Java heap is
#     placed in the first 32GB address space. The Java Heap base address is the
#     maximum limit for the native heap growth. Please use -XX:HeapBaseMinAddress
#     to set the Java Heap base and to place the Java Heap above 32GB virtual address.
# This output file may be truncated or incomplete.
#
#  Out of Memory Error (arena.cpp:189), pid=3180, tid=6316
#
# JRE version: Java(TM) SE Runtime Environment (17.0.2+8) (build 17.0.2+8-LTS-86)
# Java VM: Java HotSpot(TM) 64-Bit Server VM (17.0.2+8-LTS-86, mixed mode, sharing, tiered, compressed oops, compressed class ptrs, g1 gc, windows-amd64)
# No core dump will be written. Minidumps are not enabled by default on client versions of Windows
#

---------------  S U M M A R Y ------------

Command Line: -javaagent:E:\IntelliJ IDEA PRO\IntelliJ IDEA 2022.2.3\lib\idea_rt.jar=56524:E:\IntelliJ IDEA PRO\IntelliJ IDEA 2022.2.3\bin -Dfile.encoding=UTF-8 --module-path=C:\Users\User\.m2\repository\org\openjfx\javafx-controls\17.0.2\javafx-controls-17.0.2-win.jar;C:\Users\User\.m2\repository\org\openjfx\javafx-graphics\17.0.2\javafx-graphics-17.0.2-win.jar;C:\Users\User\.m2\repository\org\openjfx\javafx-fxml\17.0.2\javafx-fxml-17.0.2-win.jar;E:\ProgSP_course_project\Java\Course_project\target\classes;C:\Users\User\.m2\repository\org\openjfx\javafx-base\17.0.2\javafx-base-17.0.2-win.jar -Djdk.module.main=com.example.course_project com.example.course_project/com.example.course_project.StartClient

Host: Intel(R) Core(TM) i5-10300H CPU @ 2.50GHz, 8 cores, 15G,  Windows 10 , 64 bit Build 19041 (10.0.19041.1889)
Time: Sat Dec 17 17:52:01 2022  Windows 10 , 64 bit Build 19041 (10.0.19041.1889) elapsed time: 6.286430 seconds (0d 0h 0m 6s)

---------------  T H R E A D  ---------------

Current thread (0x0000021b5a168860):  JavaThread "C2 CompilerThread0" daemon [_thread_in_native, id=6316, stack(0x000000baf3000000,0x000000baf3100000)]


Current CompileTask:
C2:   6286 2249       4       java.lang.invoke.MethodType::makeImpl (109 bytes)

Stack: [0x000000baf3000000,0x000000baf3100000]
Native frames: (J=compiled Java code, j=interpreted, Vv=VM code, C=native code)
V  [jvm.dll+0x670baa]
V  [jvm.dll+0x7cfcb4]
V  [jvm.dll+0x7d145e]
V  [jvm.dll+0x7d1ac3]
V  [jvm.dll+0x242bc5]
V  [jvm.dll+0xaa57b]
V  [jvm.dll+0xaab0c]
V  [jvm.dll+0x35fd07]
V  [jvm.dll+0x32a331]
V  [jvm.dll+0x3297da]
V  [jvm.dll+0x215c91]
V  [jvm.dll+0x2150b1]
V  [jvm.dll+0x1a1bbd]
V  [jvm.dll+0x224908]
V  [jvm.dll+0x222a6c]
V  [jvm.dll+0x7859bb]
V  [jvm.dll+0x77ff7a]
V  [jvm.dll+0x66fa35]
C  [ucrtbase.dll+0x21bb2]
C  [KERNEL32.DLL+0x17034]
C  [ntdll.dll+0x526a1]


---------------  P R O C E S S  ---------------

Threads class SMR info:
_java_thread_list=0x0000021b5b91f580, length=21, elements={
0x0000021b35577830, 0x0000021b5a14c090, 0x0000021b5a14ce10, 0x0000021b5a165170,
0x0000021b5a165a30, 0x0000021b5a1662f0, 0x0000021b5a167bc0, 0x0000021b5a168860,
0x0000021b5a174720, 0x0000021b5a181420, 0x0000021b5aca7530, 0x0000021b5af13220,
0x0000021b5b220fb0, 0x0000021b5b705520, 0x0000021b5b706d30, 0x0000021b5b703d10,
0x0000021b5b705ec0, 0x0000021b5b705050, 0x0000021b5b704b80, 0x0000021b5b7059f0,
0x0000021b62cff4a0
}

Java Threads: ( => current thread )
  0x0000021b35577830 JavaThread "main" [_thread_blocked, id=7888, stack(0x000000baf2300000,0x000000baf2400000)]
  0x0000021b5a14c090 JavaThread "Reference Handler" daemon [_thread_blocked, id=16224, stack(0x000000baf2a00000,0x000000baf2b00000)]
  0x0000021b5a14ce10 JavaThread "Finalizer" daemon [_thread_blocked, id=15344, stack(0x000000baf2b00000,0x000000baf2c00000)]
  0x0000021b5a165170 JavaThread "Signal Dispatcher" daemon [_thread_blocked, id=13516, stack(0x000000baf2c00000,0x000000baf2d00000)]
  0x0000021b5a165a30 JavaThread "Attach Listener" daemon [_thread_blocked, id=3176, stack(0x000000baf2d00000,0x000000baf2e00000)]
  0x0000021b5a1662f0 JavaThread "Service Thread" daemon [_thread_blocked, id=13176, stack(0x000000baf2e00000,0x000000baf2f00000)]
  0x0000021b5a167bc0 JavaThread "Monitor Deflation Thread" daemon [_thread_blocked, id=21672, stack(0x000000baf2f00000,0x000000baf3000000)]
=>0x0000021b5a168860 JavaThread "C2 CompilerThread0" daemon [_thread_in_native, id=6316, stack(0x000000baf3000000,0x000000baf3100000)]
  0x0000021b5a174720 JavaThread "C1 CompilerThread0" daemon [_thread_blocked, id=22116, stack(0x000000baf3100000,0x000000baf3200000)]
  0x0000021b5a181420 JavaThread "Sweeper thread" daemon [_thread_blocked, id=19264, stack(0x000000baf3200000,0x000000baf3300000)]
  0x0000021b5aca7530 JavaThread "Common-Cleaner" daemon [_thread_blocked, id=14908, stack(0x000000baf3300000,0x000000baf3400000)]
  0x0000021b5af13220 JavaThread "Monitor Ctrl-Break" daemon [_thread_in_native, id=20444, stack(0x000000baf3600000,0x000000baf3700000)]
  0x0000021b5b220fb0 JavaThread "Notification Thread" daemon [_thread_blocked, id=7352, stack(0x000000baf3700000,0x000000baf3800000)]
  0x0000021b5b705520 JavaThread "QuantumRenderer-0" daemon [_thread_blocked, id=8380, stack(0x000000baf3900000,0x000000baf3a00000)]
  0x0000021b5b706d30 JavaThread "InvokeLaterDispatcher" daemon [_thread_blocked, id=19996, stack(0x000000baf3500000,0x000000baf3600000)]
  0x0000021b5b703d10 JavaThread "JavaFX Application Thread" [_thread_in_native, id=2452, stack(0x000000baf3a00000,0x000000baf3b00000)]
  0x0000021b5b705ec0 JavaThread "JavaFX-Launcher" [_thread_blocked, id=7456, stack(0x000000baf3f00000,0x000000baf4000000)]
  0x0000021b5b705050 JavaThread "Thread-2" daemon [_thread_in_native, id=15736, stack(0x000000baf3e00000,0x000000baf3f00000)]
  0x0000021b5b704b80 JavaThread "Prism Font Disposer" daemon [_thread_blocked, id=18888, stack(0x000000baf4500000,0x000000baf4600000)]
  0x0000021b5b7059f0 JavaThread "Cleaner-0" daemon [_thread_blocked, id=8400, stack(0x000000baf4900000,0x000000baf4a00000)]
  0x0000021b62cff4a0 JavaThread "C2 CompilerThread1" daemon [_thread_in_native, id=20292, stack(0x000000baf3400000,0x000000baf3500000)]

Other Threads:
  0x0000021b5a147580 VMThread "VM Thread" [stack: 0x000000baf2900000,0x000000baf2a00000] [id=21932]
  0x0000021b355df890 WatcherThread [stack: 0x000000baf3800000,0x000000baf3900000] [id=6408]
  0x0000021b3552afe0 GCTaskThread "GC Thread#0" [stack: 0x000000baf2400000,0x000000baf2500000] [id=12112]
  0x0000021b5b8e9860 GCTaskThread "GC Thread#1" [stack: 0x000000baf4000000,0x000000baf4100000] [id=16304]
  0x0000021b5b536830 GCTaskThread "GC Thread#2" [stack: 0x000000baf4100000,0x000000baf4200000] [id=20852]
  0x0000021b5b8dcc30 GCTaskThread "GC Thread#3" [stack: 0x000000baf4200000,0x000000baf4300000] [id=7736]
  0x0000021b5b8db270 GCTaskThread "GC Thread#4" [stack: 0x000000baf4300000,0x000000baf4400000] [id=12228]
  0x0000021b5b91ff40 GCTaskThread "GC Thread#5" [stack: 0x000000baf4400000,0x000000baf4500000] [id=19864]
  0x0000021b5c334bd0 GCTaskThread "GC Thread#6" [stack: 0x000000baf4e00000,0x000000baf4f00000] [id=17816]
  0x0000021b630ed020 GCTaskThread "GC Thread#7" [stack: 0x000000baf4f00000,0x000000baf5000000] [id=17352]
  0x0000021b355d5cc0 ConcurrentGCThread "G1 Main Marker" [stack: 0x000000baf2500000,0x000000baf2600000] [id=20208]
  0x0000021b3552d9a0 ConcurrentGCThread "G1 Conc#0" [stack: 0x000000baf2600000,0x000000baf2700000] [id=1612]
  0x0000021b5a0020c0 ConcurrentGCThread "G1 Refine#0" [stack: 0x000000baf2700000,0x000000baf2800000] [id=3672]
  0x0000021b5a0029f0 ConcurrentGCThread "G1 Service" [stack: 0x000000baf2800000,0x000000baf2900000] [id=17300]

Threads with active compile tasks:
C2 CompilerThread0     6303 2249       4       java.lang.invoke.MethodType::makeImpl (109 bytes)
C2 CompilerThread1     6303 2392 %     4       com.sun.marlin.Renderer::_endRendering @ 763 (2473 bytes)

VM state: not at safepoint (normal execution)

VM Mutex/Monitor currently owned by a thread: None

Heap address: 0x0000000703000000, size: 4048 MB, Compressed Oops mode: Zero based, Oop shift amount: 3

CDS archive(s) mapped at: [0x0000000800000000-0x0000000800bc0000-0x0000000800bc0000), size 12320768, SharedBaseAddress: 0x0000000800000000, ArchiveRelocationMode: 0.
Compressed class space mapped at: 0x0000000800c00000-0x0000000840c00000, reserved size: 1073741824
Narrow klass base: 0x0000000800000000, Narrow klass shift: 0, Narrow klass range: 0x100000000

GC Precious Log:
 CPUs: 8 total, 8 available
 Memory: 16185M
 Large Page Support: Disabled
 NUMA Support: Disabled
 Compressed Oops: Enabled (Zero based)
 Heap Region Size: 2M
 Heap Min Capacity: 8M
 Heap Initial Capacity: 254M
 Heap Max Capacity: 4048M
 Pre-touch: Disabled
 Parallel Workers: 8
 Concurrent Workers: 2
 Concurrent Refinement Workers: 8
 Periodic GC: Disabled

Heap:
 garbage-first heap   total 260096K, used 15068K [0x0000000703000000, 0x0000000800000000)
  region size 2048K, 7 young (14336K), 3 survivors (6144K)
 Metaspace       used 15364K, committed 15616K, reserved 1064960K
  class space    used 2196K, committed 2304K, reserved 1048576K

Heap Regions: E=young(eden), S=young(survivor), O=old, HS=humongous(starts), HC=humongous(continues), CS=collection set, F=free, OA=open archive, CA=closed archive, TAMS=top-at-mark-start (previous, next)
|   0|0x0000000703000000, 0x0000000703200000, 0x0000000703200000|100%|HS|  |TAMS 0x0000000703000000, 0x0000000703000000| Complete 
|   1|0x0000000703200000, 0x00000007032b7200, 0x0000000703400000| 35%| O|  |TAMS 0x0000000703200000, 0x0000000703200000| Untracked 
|   2|0x0000000703400000, 0x0000000703400000, 0x0000000703600000|  0%| F|  |TAMS 0x0000000703400000, 0x0000000703400000| Untracked 
|   3|0x0000000703600000, 0x0000000703600000, 0x0000000703800000|  0%| F|  |TAMS 0x0000000703600000, 0x0000000703600000| Untracked 
|   4|0x0000000703800000, 0x0000000703800000, 0x0000000703a00000|  0%| F|  |TAMS 0x0000000703800000, 0x0000000703800000| Untracked 
|   5|0x0000000703a00000, 0x0000000703a00000, 0x0000000703c00000|  0%| F|  |TAMS 0x0000000703a00000, 0x0000000703a00000| Untracked 
|   6|0x0000000703c00000, 0x0000000703c00000, 0x0000000703e00000|  0%| F|  |TAMS 0x0000000703c00000, 0x0000000703c00000| Untracked 
|   7|0x0000000703e00000, 0x0000000703e00000, 0x0000000704000000|  0%| F|  |TAMS 0x0000000703e00000, 0x0000000703e00000| Untracked 
|   8|0x0000000704000000, 0x0000000704000000, 0x0000000704200000|  0%| F|  |TAMS 0x0000000704000000, 0x0000000704000000| Untracked 
|   9|0x0000000704200000, 0x0000000704200000, 0x0000000704400000|  0%| F|  |TAMS 0x0000000704200000, 0x0000000704200000| Untracked 
|  10|0x0000000704400000, 0x0000000704400000, 0x0000000704600000|  0%| F|  |TAMS 0x0000000704400000, 0x0000000704400000| Untracked 
|  11|0x0000000704600000, 0x0000000704600000, 0x0000000704800000|  0%| F|  |TAMS 0x0000000704600000, 0x0000000704600000| Untracked 
|  12|0x0000000704800000, 0x0000000704800000, 0x0000000704a00000|  0%| F|  |TAMS 0x0000000704800000, 0x0000000704800000| Untracked 
|  13|0x0000000704a00000, 0x0000000704a00000, 0x0000000704c00000|  0%| F|  |TAMS 0x0000000704a00000, 0x0000000704a00000| Untracked 
|  14|0x0000000704c00000, 0x0000000704c00000, 0x0000000704e00000|  0%| F|  |TAMS 0x0000000704c00000, 0x0000000704c00000| Untracked 
|  15|0x0000000704e00000, 0x0000000704e00000, 0x0000000705000000|  0%| F|  |TAMS 0x0000000704e00000, 0x0000000704e00000| Untracked 
|  16|0x0000000705000000, 0x0000000705000000, 0x0000000705200000|  0%| F|  |TAMS 0x0000000705000000, 0x0000000705000000| Untracked 
|  17|0x0000000705200000, 0x0000000705200000, 0x0000000705400000|  0%| F|  |TAMS 0x0000000705200000, 0x0000000705200000| Untracked 
|  18|0x0000000705400000, 0x0000000705400000, 0x0000000705600000|  0%| F|  |TAMS 0x0000000705400000, 0x0000000705400000| Untracked 
|  19|0x0000000705600000, 0x0000000705600000, 0x0000000705800000|  0%| F|  |TAMS 0x0000000705600000, 0x0000000705600000| Untracked 
|  20|0x0000000705800000, 0x0000000705800000, 0x0000000705a00000|  0%| F|  |TAMS 0x0000000705800000, 0x0000000705800000| Untracked 
|  21|0x0000000705a00000, 0x0000000705a00000, 0x0000000705c00000|  0%| F|  |TAMS 0x0000000705a00000, 0x0000000705a00000| Untracked 
|  22|0x0000000705c00000, 0x0000000705c00000, 0x0000000705e00000|  0%| F|  |TAMS 0x0000000705c00000, 0x0000000705c00000| Untracked 
|  23|0x0000000705e00000, 0x0000000705e00000, 0x0000000706000000|  0%| F|  |TAMS 0x0000000705e00000, 0x0000000705e00000| Untracked 
|  24|0x0000000706000000, 0x0000000706000000, 0x0000000706200000|  0%| F|  |TAMS 0x0000000706000000, 0x0000000706000000| Untracked 
|  25|0x0000000706200000, 0x0000000706200000, 0x0000000706400000|  0%| F|  |TAMS 0x0000000706200000, 0x0000000706200000| Untracked 
|  26|0x0000000706400000, 0x0000000706400000, 0x0000000706600000|  0%| F|  |TAMS 0x0000000706400000, 0x0000000706400000| Untracked 
|  27|0x0000000706600000, 0x0000000706600000, 0x0000000706800000|  0%| F|  |TAMS 0x0000000706600000, 0x0000000706600000| Untracked 
|  28|0x0000000706800000, 0x0000000706800000, 0x0000000706a00000|  0%| F|  |TAMS 0x0000000706800000, 0x0000000706800000| Untracked 
|  29|0x0000000706a00000, 0x0000000706a00000, 0x0000000706c00000|  0%| F|  |TAMS 0x0000000706a00000, 0x0000000706a00000| Untracked 
|  30|0x0000000706c00000, 0x0000000706c00000, 0x0000000706e00000|  0%| F|  |TAMS 0x0000000706c00000, 0x0000000706c00000| Untracked 
|  31|0x0000000706e00000, 0x0000000706e00000, 0x0000000707000000|  0%| F|  |TAMS 0x0000000706e00000, 0x0000000706e00000| Untracked 
|  32|0x0000000707000000, 0x0000000707000000, 0x0000000707200000|  0%| F|  |TAMS 0x0000000707000000, 0x0000000707000000| Untracked 
|  33|0x0000000707200000, 0x0000000707200000, 0x0000000707400000|  0%| F|  |TAMS 0x0000000707200000, 0x0000000707200000| Untracked 
|  34|0x0000000707400000, 0x0000000707400000, 0x0000000707600000|  0%| F|  |TAMS 0x0000000707400000, 0x0000000707400000| Untracked 
|  35|0x0000000707600000, 0x0000000707600000, 0x0000000707800000|  0%| F|  |TAMS 0x0000000707600000, 0x0000000707600000| Untracked 
|  36|0x0000000707800000, 0x0000000707800000, 0x0000000707a00000|  0%| F|  |TAMS 0x0000000707800000, 0x0000000707800000| Untracked 
|  37|0x0000000707a00000, 0x0000000707a00000, 0x0000000707c00000|  0%| F|  |TAMS 0x0000000707a00000, 0x0000000707a00000| Untracked 
|  38|0x0000000707c00000, 0x0000000707c00000, 0x0000000707e00000|  0%| F|  |TAMS 0x0000000707c00000, 0x0000000707c00000| Untracked 
|  39|0x0000000707e00000, 0x0000000707e00000, 0x0000000708000000|  0%| F|  |TAMS 0x0000000707e00000, 0x0000000707e00000| Untracked 
|  40|0x0000000708000000, 0x0000000708000000, 0x0000000708200000|  0%| F|  |TAMS 0x0000000708000000, 0x0000000708000000| Untracked 
|  41|0x0000000708200000, 0x0000000708200000, 0x0000000708400000|  0%| F|  |TAMS 0x0000000708200000, 0x0000000708200000| Untracked 
|  42|0x0000000708400000, 0x0000000708400000, 0x0000000708600000|  0%| F|  |TAMS 0x0000000708400000, 0x0000000708400000| Untracked 
|  43|0x0000000708600000, 0x0000000708600000, 0x0000000708800000|  0%| F|  |TAMS 0x0000000708600000, 0x0000000708600000| Untracked 
|  44|0x0000000708800000, 0x0000000708800000, 0x0000000708a00000|  0%| F|  |TAMS 0x0000000708800000, 0x0000000708800000| Untracked 
|  45|0x0000000708a00000, 0x0000000708a00000, 0x0000000708c00000|  0%| F|  |TAMS 0x0000000708a00000, 0x0000000708a00000| Untracked 
|  46|0x0000000708c00000, 0x0000000708c00000, 0x0000000708e00000|  0%| F|  |TAMS 0x0000000708c00000, 0x0000000708c00000| Untracked 
|  47|0x0000000708e00000, 0x0000000708e00000, 0x0000000709000000|  0%| F|  |TAMS 0x0000000708e00000, 0x0000000708e00000| Untracked 
|  48|0x0000000709000000, 0x0000000709000000, 0x0000000709200000|  0%| F|  |TAMS 0x0000000709000000, 0x0000000709000000| Untracked 
|  49|0x0000000709200000, 0x0000000709200000, 0x0000000709400000|  0%| F|  |TAMS 0x0000000709200000, 0x0000000709200000| Untracked 
|  50|0x0000000709400000, 0x0000000709400000, 0x0000000709600000|  0%| F|  |TAMS 0x0000000709400000, 0x0000000709400000| Untracked 
|  51|0x0000000709600000, 0x0000000709600000, 0x0000000709800000|  0%| F|  |TAMS 0x0000000709600000, 0x0000000709600000| Untracked 
|  52|0x0000000709800000, 0x0000000709800000, 0x0000000709a00000|  0%| F|  |TAMS 0x0000000709800000, 0x0000000709800000| Untracked 
|  53|0x0000000709a00000, 0x0000000709a00000, 0x0000000709c00000|  0%| F|  |TAMS 0x0000000709a00000, 0x0000000709a00000| Untracked 
|  54|0x0000000709c00000, 0x0000000709c00000, 0x0000000709e00000|  0%| F|  |TAMS 0x0000000709c00000, 0x0000000709c00000| Untracked 
|  55|0x0000000709e00000, 0x0000000709e00000, 0x000000070a000000|  0%| F|  |TAMS 0x0000000709e00000, 0x0000000709e00000| Untracked 
|  56|0x000000070a000000, 0x000000070a000000, 0x000000070a200000|  0%| F|  |TAMS 0x000000070a000000, 0x000000070a000000| Untracked 
|  57|0x000000070a200000, 0x000000070a200000, 0x000000070a400000|  0%| F|  |TAMS 0x000000070a200000, 0x000000070a200000| Untracked 
|  58|0x000000070a400000, 0x000000070a400000, 0x000000070a600000|  0%| F|  |TAMS 0x000000070a400000, 0x000000070a400000| Untracked 
|  59|0x000000070a600000, 0x000000070a600000, 0x000000070a800000|  0%| F|  |TAMS 0x000000070a600000, 0x000000070a600000| Untracked 
|  60|0x000000070a800000, 0x000000070a800000, 0x000000070aa00000|  0%| F|  |TAMS 0x000000070a800000, 0x000000070a800000| Untracked 
|  61|0x000000070aa00000, 0x000000070aa00000, 0x000000070ac00000|  0%| F|  |TAMS 0x000000070aa00000, 0x000000070aa00000| Untracked 
|  62|0x000000070ac00000, 0x000000070ac00000, 0x000000070ae00000|  0%| F|  |TAMS 0x000000070ac00000, 0x000000070ac00000| Untracked 
|  63|0x000000070ae00000, 0x000000070ae00000, 0x000000070b000000|  0%| F|  |TAMS 0x000000070ae00000, 0x000000070ae00000| Untracked 
|  64|0x000000070b000000, 0x000000070b000000, 0x000000070b200000|  0%| F|  |TAMS 0x000000070b000000, 0x000000070b000000| Untracked 
|  65|0x000000070b200000, 0x000000070b200000, 0x000000070b400000|  0%| F|  |TAMS 0x000000070b200000, 0x000000070b200000| Untracked 
|  66|0x000000070b400000, 0x000000070b400000, 0x000000070b600000|  0%| F|  |TAMS 0x000000070b400000, 0x000000070b400000| Untracked 
|  67|0x000000070b600000, 0x000000070b600000, 0x000000070b800000|  0%| F|  |TAMS 0x000000070b600000, 0x000000070b600000| Untracked 
|  68|0x000000070b800000, 0x000000070b800000, 0x000000070ba00000|  0%| F|  |TAMS 0x000000070b800000, 0x000000070b800000| Untracked 
|  69|0x000000070ba00000, 0x000000070ba00000, 0x000000070bc00000|  0%| F|  |TAMS 0x000000070ba00000, 0x000000070ba00000| Untracked 
|  70|0x000000070bc00000, 0x000000070bc00000, 0x000000070be00000|  0%| F|  |TAMS 0x000000070bc00000, 0x000000070bc00000| Untracked 
|  71|0x000000070be00000, 0x000000070be00000, 0x000000070c000000|  0%| F|  |TAMS 0x000000070be00000, 0x000000070be00000| Untracked 
|  72|0x000000070c000000, 0x000000070c000000, 0x000000070c200000|  0%| F|  |TAMS 0x000000070c000000, 0x000000070c000000| Untracked 
|  73|0x000000070c200000, 0x000000070c200000, 0x000000070c400000|  0%| F|  |TAMS 0x000000070c200000, 0x000000070c200000| Untracked 
|  74|0x000000070c400000, 0x000000070c400000, 0x000000070c600000|  0%| F|  |TAMS 0x000000070c400000, 0x000000070c400000| Untracked 
|  75|0x000000070c600000, 0x000000070c600000, 0x000000070c800000|  0%| F|  |TAMS 0x000000070c600000, 0x000000070c600000| Untracked 
|  76|0x000000070c800000, 0x000000070c800000, 0x000000070ca00000|  0%| F|  |TAMS 0x000000070c800000, 0x000000070c800000| Untracked 
|  77|0x000000070ca00000, 0x000000070ca00000, 0x000000070cc00000|  0%| F|  |TAMS 0x000000070ca00000, 0x000000070ca00000| Untracked 
|  78|0x000000070cc00000, 0x000000070cc00000, 0x000000070ce00000|  0%| F|  |TAMS 0x000000070cc00000, 0x000000070cc00000| Untracked 
|  79|0x000000070ce00000, 0x000000070ce00000, 0x000000070d000000|  0%| F|  |TAMS 0x000000070ce00000, 0x000000070ce00000| Untracked 
|  80|0x000000070d000000, 0x000000070d000000, 0x000000070d200000|  0%| F|  |TAMS 0x000000070d000000, 0x000000070d000000| Untracked 
|  81|0x000000070d200000, 0x000000070d200000, 0x000000070d400000|  0%| F|  |TAMS 0x000000070d200000, 0x000000070d200000| Untracked 
|  82|0x000000070d400000, 0x000000070d400000, 0x000000070d600000|  0%| F|  |TAMS 0x000000070d400000, 0x000000070d400000| Untracked 
|  83|0x000000070d600000, 0x000000070d600000, 0x000000070d800000|  0%| F|  |TAMS 0x000000070d600000, 0x000000070d600000| Untracked 
|  84|0x000000070d800000, 0x000000070d800000, 0x000000070da00000|  0%| F|  |TAMS 0x000000070d800000, 0x000000070d800000| Untracked 
|  85|0x000000070da00000, 0x000000070da00000, 0x000000070dc00000|  0%| F|  |TAMS 0x000000070da00000, 0x000000070da00000| Untracked 
|  86|0x000000070dc00000, 0x000000070dc00000, 0x000000070de00000|  0%| F|  |TAMS 0x000000070dc00000, 0x000000070dc00000| Untracked 
|  87|0x000000070de00000, 0x000000070de00000, 0x000000070e000000|  0%| F|  |TAMS 0x000000070de00000, 0x000000070de00000| Untracked 
|  88|0x000000070e000000, 0x000000070e000000, 0x000000070e200000|  0%| F|  |TAMS 0x000000070e000000, 0x000000070e000000| Untracked 
|  89|0x000000070e200000, 0x000000070e200000, 0x000000070e400000|  0%| F|  |TAMS 0x000000070e200000, 0x000000070e200000| Untracked 
|  90|0x000000070e400000, 0x000000070e400000, 0x000000070e600000|  0%| F|  |TAMS 0x000000070e400000, 0x000000070e400000| Untracked 
|  91|0x000000070e600000, 0x000000070e600000, 0x000000070e800000|  0%| F|  |TAMS 0x000000070e600000, 0x000000070e600000| Untracked 
|  92|0x000000070e800000, 0x000000070e800000, 0x000000070ea00000|  0%| F|  |TAMS 0x000000070e800000, 0x000000070e800000| Untracked 
|  93|0x000000070ea00000, 0x000000070ea00000, 0x000000070ec00000|  0%| F|  |TAMS 0x000000070ea00000, 0x000000070ea00000| Untracked 
|  94|0x000000070ec00000, 0x000000070ec00000, 0x000000070ee00000|  0%| F|  |TAMS 0x000000070ec00000, 0x000000070ec00000| Untracked 
|  95|0x000000070ee00000, 0x000000070ee00000, 0x000000070f000000|  0%| F|  |TAMS 0x000000070ee00000, 0x000000070ee00000| Untracked 
|  96|0x000000070f000000, 0x000000070f000000, 0x000000070f200000|  0%| F|  |TAMS 0x000000070f000000, 0x000000070f000000| Untracked 
|  97|0x000000070f200000, 0x000000070f200000, 0x000000070f400000|  0%| F|  |TAMS 0x000000070f200000, 0x000000070f200000| Untracked 
|  98|0x000000070f400000, 0x000000070f400000, 0x000000070f600000|  0%| F|  |TAMS 0x000000070f400000, 0x000000070f400000| Untracked 
|  99|0x000000070f600000, 0x000000070f600000, 0x000000070f800000|  0%| F|  |TAMS 0x000000070f600000, 0x000000070f600000| Untracked 
| 100|0x000000070f800000, 0x000000070f800000, 0x000000070fa00000|  0%| F|  |TAMS 0x000000070f800000, 0x000000070f800000| Untracked 
| 101|0x000000070fa00000, 0x000000070fa00000, 0x000000070fc00000|  0%| F|  |TAMS 0x000000070fa00000, 0x000000070fa00000| Untracked 
| 102|0x000000070fc00000, 0x000000070fc00000, 0x000000070fe00000|  0%| F|  |TAMS 0x000000070fc00000, 0x000000070fc00000| Untracked 
| 103|0x000000070fe00000, 0x000000070fe00000, 0x0000000710000000|  0%| F|  |TAMS 0x000000070fe00000, 0x000000070fe00000| Untracked 
| 104|0x0000000710000000, 0x0000000710200000, 0x0000000710200000|100%| S|CS|TAMS 0x0000000710000000, 0x0000000710000000| Complete 
| 105|0x0000000710200000, 0x0000000710400000, 0x0000000710400000|100%| S|CS|TAMS 0x0000000710200000, 0x0000000710200000| Complete 
| 106|0x0000000710400000, 0x0000000710600000, 0x0000000710600000|100%| S|CS|TAMS 0x0000000710400000, 0x0000000710400000| Complete 
| 107|0x0000000710600000, 0x0000000710600000, 0x0000000710800000|  0%| F|  |TAMS 0x0000000710600000, 0x0000000710600000| Untracked 
| 108|0x0000000710800000, 0x0000000710800000, 0x0000000710a00000|  0%| F|  |TAMS 0x0000000710800000, 0x0000000710800000| Untracked 
| 109|0x0000000710a00000, 0x0000000710a00000, 0x0000000710c00000|  0%| F|  |TAMS 0x0000000710a00000, 0x0000000710a00000| Untracked 
| 110|0x0000000710c00000, 0x0000000710c00000, 0x0000000710e00000|  0%| F|  |TAMS 0x0000000710c00000, 0x0000000710c00000| Untracked 
| 111|0x0000000710e00000, 0x0000000710e00000, 0x0000000711000000|  0%| F|  |TAMS 0x0000000710e00000, 0x0000000710e00000| Untracked 
| 112|0x0000000711000000, 0x0000000711000000, 0x0000000711200000|  0%| F|  |TAMS 0x0000000711000000, 0x0000000711000000| Untracked 
| 113|0x0000000711200000, 0x0000000711200000, 0x0000000711400000|  0%| F|  |TAMS 0x0000000711200000, 0x0000000711200000| Untracked 
| 114|0x0000000711400000, 0x0000000711400000, 0x0000000711600000|  0%| F|  |TAMS 0x0000000711400000, 0x0000000711400000| Untracked 
| 115|0x0000000711600000, 0x0000000711600000, 0x0000000711800000|  0%| F|  |TAMS 0x0000000711600000, 0x0000000711600000| Untracked 
| 116|0x0000000711800000, 0x0000000711800000, 0x0000000711a00000|  0%| F|  |TAMS 0x0000000711800000, 0x0000000711800000| Untracked 
| 117|0x0000000711a00000, 0x0000000711a00000, 0x0000000711c00000|  0%| F|  |TAMS 0x0000000711a00000, 0x0000000711a00000| Untracked 
| 118|0x0000000711c00000, 0x0000000711c00000, 0x0000000711e00000|  0%| F|  |TAMS 0x0000000711c00000, 0x0000000711c00000| Untracked 
| 119|0x0000000711e00000, 0x0000000711e00000, 0x0000000712000000|  0%| F|  |TAMS 0x0000000711e00000, 0x0000000711e00000| Untracked 
| 120|0x0000000712000000, 0x0000000712000000, 0x0000000712200000|  0%| F|  |TAMS 0x0000000712000000, 0x0000000712000000| Untracked 
| 121|0x0000000712200000, 0x0000000712200000, 0x0000000712400000|  0%| F|  |TAMS 0x0000000712200000, 0x0000000712200000| Untracked 
| 122|0x0000000712400000, 0x0000000712400000, 0x0000000712600000|  0%| F|  |TAMS 0x0000000712400000, 0x0000000712400000| Untracked 
| 123|0x0000000712600000, 0x00000007127f37b8, 0x0000000712800000| 97%| E|  |TAMS 0x0000000712600000, 0x0000000712600000| Complete 
| 124|0x0000000712800000, 0x0000000712a00000, 0x0000000712a00000|100%| E|CS|TAMS 0x0000000712800000, 0x0000000712800000| Complete 
| 125|0x0000000712a00000, 0x0000000712c00000, 0x0000000712c00000|100%| E|CS|TAMS 0x0000000712a00000, 0x0000000712a00000| Complete 
| 126|0x0000000712c00000, 0x0000000712e00000, 0x0000000712e00000|100%| E|CS|TAMS 0x0000000712c00000, 0x0000000712c00000| Complete 

Card table byte_map: [0x0000021b4e830000,0x0000021b4f020000] _byte_map_base: 0x0000021b4b018000

Marking Bits (Prev, Next): (CMBitMap*) 0x0000021b3552c2b0, (CMBitMap*) 0x0000021b3552c2f0
 Prev Bits: [0x0000021b4f810000, 0x0000021b53750000)
 Next Bits: [0x0000021b53750000, 0x0000021b57690000)

Polling page: 0x0000021b35650000

Metaspace:

Usage:
  Non-class:     12.86 MB used.
      Class:      2.15 MB used.
       Both:     15.00 MB used.

Virtual space:
  Non-class space:       16.00 MB reserved,      13.00 MB ( 81%) committed,  2 nodes.
      Class space:        1.00 GB reserved,       2.25 MB ( <1%) committed,  1 nodes.
             Both:        1.02 GB reserved,      15.25 MB (  1%) committed. 

Chunk freelists:
   Non-Class:  2.41 MB
       Class:  1.75 MB
        Both:  4.16 MB

MaxMetaspaceSize: unlimited
CompressedClassSpaceSize: 1.00 GB
Initial GC threshold: 21.00 MB
Current GC threshold: 21.00 MB
CDS: on
MetaspaceReclaimPolicy: balanced
 - commit_granule_bytes: 65536.
 - commit_granule_words: 8192.
 - virtual_space_node_default_size: 1048576.
 - enlarge_chunks_in_place: 1.
 - new_chunks_are_fully_committed: 0.
 - uncommit_free_chunks: 1.
 - use_allocation_guard: 0.
 - handle_deallocations: 1.


Internal statistics:

num_allocs_failed_limit: 0.
num_arena_births: 206.
num_arena_deaths: 0.
num_vsnodes_births: 3.
num_vsnodes_deaths: 0.
num_space_committed: 244.
num_space_uncommitted: 0.
num_chunks_returned_to_freelist: 0.
num_chunks_taken_from_freelist: 677.
num_chunk_merges: 0.
num_chunk_splits: 466.
num_chunks_enlarged: 364.
num_purges: 0.
num_inconsistent_stats: 0.

CodeHeap 'non-profiled nmethods': size=120000Kb used=865Kb max_used=865Kb free=119134Kb
 bounds [0x0000021b460b0000, 0x0000021b46320000, 0x0000021b4d5e0000]
CodeHeap 'profiled nmethods': size=120000Kb used=4337Kb max_used=4337Kb free=115662Kb
 bounds [0x0000021b3eb80000, 0x0000021b3efc0000, 0x0000021b460b0000]
CodeHeap 'non-nmethods': size=5760Kb used=1420Kb max_used=1435Kb free=4339Kb
 bounds [0x0000021b3e5e0000, 0x0000021b3e850000, 0x0000021b3eb80000]
 total_blobs=3163 nmethods=2386 adapters=689
 compilation: enabled
              stopped_count=0, restarted_count=0
 full_count=0

Compilation events (20 events):
Event: 6.226 Thread 0x0000021b62cff4a0 2258       4       java.util.StringTokenizer::scanToken (179 bytes)
Event: 6.227 Thread 0x0000021b5a174720 nmethod 2384 0x0000021b3efb5990 code [0x0000021b3efb5be0, 0x0000021b3efb6948]
Event: 6.227 Thread 0x0000021b5a174720 2383       3       com.sun.javafx.css.PseudoClassState::retainAll (6 bytes)
Event: 6.227 Thread 0x0000021b5a174720 nmethod 2383 0x0000021b3efb6d90 code [0x0000021b3efb6f20, 0x0000021b3efb7068]
Event: 6.227 Thread 0x0000021b5a174720 2385       1       javafx.scene.layout.CornerRadii::isUniform (5 bytes)
Event: 6.227 Thread 0x0000021b5a174720 nmethod 2385 0x0000021b46187a10 code [0x0000021b46187ba0, 0x0000021b46187c78]
Event: 6.228 Thread 0x0000021b5a174720 2386       3       com.sun.prism.impl.ps.BaseShaderContext::checkState (211 bytes)
Event: 6.229 Thread 0x0000021b5a174720 nmethod 2386 0x0000021b3efb7110 code [0x0000021b3efb7400, 0x0000021b3efb88c8]
Event: 6.229 Thread 0x0000021b5a174720 2387       3       com.sun.javafx.text.TextRun::getGlyphCode (46 bytes)
Event: 6.229 Thread 0x0000021b5a174720 nmethod 2387 0x0000021b3efb8f90 code [0x0000021b3efb9140, 0x0000021b3efb93b8]
Event: 6.229 Thread 0x0000021b5a174720 2389       3       com.sun.javafx.text.TextRun::getPosX (132 bytes)
Event: 6.229 Thread 0x0000021b5a174720 nmethod 2389 0x0000021b3efb9510 code [0x0000021b3efb9700, 0x0000021b3efb9be8]
Event: 6.229 Thread 0x0000021b5a174720 2388       3       com.sun.prism.impl.ps.BaseShaderContext::setRenderTarget (278 bytes)
Event: 6.229 Thread 0x0000021b62cff4a0 nmethod 2258 0x0000021b46187d10 code [0x0000021b46187ec0, 0x0000021b46188218]
Event: 6.229 Thread 0x0000021b62cff4a0 2392 %     4       com.sun.marlin.Renderer::_endRendering @ 763 (2473 bytes)
Event: 6.230 Thread 0x0000021b5a174720 nmethod 2388 0x0000021b3efb9d90 code [0x0000021b3efba040, 0x0000021b3efbb278]
Event: 6.230 Thread 0x0000021b5a174720 2391       3       com.sun.javafx.font.directwrite.DWFontStrike::getQuantizedPosition (151 bytes)
Event: 6.230 Thread 0x0000021b5a174720 nmethod 2391 0x0000021b3efbb690 code [0x0000021b3efbb880, 0x0000021b3efbbcb8]
Event: 6.230 Thread 0x0000021b5a174720 2390       3       java.lang.Integer::equals (29 bytes)
Event: 6.230 Thread 0x0000021b5a174720 nmethod 2390 0x0000021b3efbbe10 code [0x0000021b3efbbfc0, 0x0000021b3efbc3b8]

GC Heap History (4 events):
Event: 0.484 GC heap before
{Heap before GC invocations=0 (full 0):
 garbage-first heap   total 260096K, used 22528K [0x0000000703000000, 0x0000000800000000)
  region size 2048K, 11 young (22528K), 0 survivors (0K)
 Metaspace       used 5173K, committed 5376K, reserved 1056768K
  class space    used 609K, committed 704K, reserved 1048576K
}
Event: 0.487 GC heap after
{Heap after GC invocations=1 (full 0):
 garbage-first heap   total 260096K, used 2812K [0x0000000703000000, 0x0000000800000000)
  region size 2048K, 2 young (4096K), 2 survivors (4096K)
 Metaspace       used 5173K, committed 5376K, reserved 1056768K
  class space    used 609K, committed 704K, reserved 1048576K
}
Event: 1.032 GC heap before
{Heap before GC invocations=1 (full 0):
 garbage-first heap   total 260096K, used 41724K [0x0000000703000000, 0x0000000800000000)
  region size 2048K, 20 young (40960K), 2 survivors (4096K)
 Metaspace       used 13962K, committed 14208K, reserved 1064960K
  class space    used 2059K, committed 2176K, reserved 1048576K
}
Event: 1.040 GC heap after
{Heap after GC invocations=2 (full 0):
 garbage-first heap   total 260096K, used 8924K [0x0000000703000000, 0x0000000800000000)
  region size 2048K, 3 young (6144K), 3 survivors (6144K)
 Metaspace       used 13962K, committed 14208K, reserved 1064960K
  class space    used 2059K, committed 2176K, reserved 1048576K
}

Deoptimization events (20 events):
Event: 6.169 Thread 0x0000021b5b703d10 Uncommon trap: trap_request=0xffffffc6 fr.pc=0x0000021b46103b80 relative=0x00000000000005a0
Event: 6.169 Thread 0x0000021b5b703d10 Uncommon trap: reason=bimorphic_or_optimized_type_check action=maybe_recompile pc=0x0000021b46103b80 method=java.util.concurrent.ConcurrentHashMap.get(Ljava/lang/Object;)Ljava/lang/Object; @ 149 c2
Event: 6.169 Thread 0x0000021b5b703d10 DEOPT PACKING pc=0x0000021b46103b80 sp=0x000000baf3afb480
Event: 6.169 Thread 0x0000021b5b703d10 DEOPT UNPACKING pc=0x0000021b3e6323a3 sp=0x000000baf3afb420 mode 2
Event: 6.169 Thread 0x0000021b5b703d10 Uncommon trap: trap_request=0xffffffc6 fr.pc=0x0000021b46103b80 relative=0x00000000000005a0
Event: 6.169 Thread 0x0000021b5b703d10 Uncommon trap: reason=bimorphic_or_optimized_type_check action=maybe_recompile pc=0x0000021b46103b80 method=java.util.concurrent.ConcurrentHashMap.get(Ljava/lang/Object;)Ljava/lang/Object; @ 149 c2
Event: 6.169 Thread 0x0000021b5b703d10 DEOPT PACKING pc=0x0000021b46103b80 sp=0x000000baf3afb480
Event: 6.169 Thread 0x0000021b5b703d10 DEOPT UNPACKING pc=0x0000021b3e6323a3 sp=0x000000baf3afb420 mode 2
Event: 6.169 Thread 0x0000021b5b703d10 Uncommon trap: trap_request=0xffffffc6 fr.pc=0x0000021b46103b80 relative=0x00000000000005a0
Event: 6.169 Thread 0x0000021b5b703d10 Uncommon trap: reason=bimorphic_or_optimized_type_check action=maybe_recompile pc=0x0000021b46103b80 method=java.util.concurrent.ConcurrentHashMap.get(Ljava/lang/Object;)Ljava/lang/Object; @ 149 c2
Event: 6.169 Thread 0x0000021b5b703d10 DEOPT PACKING pc=0x0000021b46103b80 sp=0x000000baf3afb480
Event: 6.169 Thread 0x0000021b5b703d10 DEOPT UNPACKING pc=0x0000021b3e6323a3 sp=0x000000baf3afb420 mode 2
Event: 6.179 Thread 0x0000021b5b703d10 Uncommon trap: trap_request=0xffffff45 fr.pc=0x0000021b460fd9a8 relative=0x0000000000000568
Event: 6.179 Thread 0x0000021b5b703d10 Uncommon trap: reason=unstable_if action=reinterpret pc=0x0000021b460fd9a8 method=java.lang.AbstractStringBuilder.putStringAt(ILjava/lang/String;II)V @ 8 c2
Event: 6.179 Thread 0x0000021b5b703d10 DEOPT PACKING pc=0x0000021b460fd9a8 sp=0x000000baf3afb7f0
Event: 6.179 Thread 0x0000021b5b703d10 DEOPT UNPACKING pc=0x0000021b3e6323a3 sp=0x000000baf3afb678 mode 2
Event: 6.179 Thread 0x0000021b5b703d10 Uncommon trap: trap_request=0xffffff45 fr.pc=0x0000021b460fa724 relative=0x0000000000000564
Event: 6.180 Thread 0x0000021b5b703d10 Uncommon trap: reason=unstable_if action=reinterpret pc=0x0000021b460fa724 method=java.lang.AbstractStringBuilder.putStringAt(ILjava/lang/String;II)V @ 8 c2
Event: 6.180 Thread 0x0000021b5b703d10 DEOPT PACKING pc=0x0000021b460fa724 sp=0x000000baf3afb610
Event: 6.180 Thread 0x0000021b5b703d10 DEOPT UNPACKING pc=0x0000021b3e6323a3 sp=0x000000baf3afb500 mode 2

Classes unloaded (0 events):
No events

Classes redefined (0 events):
No events

Internal exceptions (20 events):
Event: 0.631 Thread 0x0000021b5b703d10 Exception <a 'java/lang/NoSuchMethodError'{0x0000000712040998}: 'void java.lang.invoke.DirectMethodHandle$Holder.invokeStaticInit(java.lang.Object, java.lang.Object)'> (0x0000000712040998) 
thrown [t:\workspace\open\src\hotspot\share\interpreter\linkResolver.cpp, line 766]
Event: 0.642 Thread 0x0000021b5b703d10 Exception <a 'sun/nio/fs/WindowsException'{0x00000007121bf5e0}> (0x00000007121bf5e0) 
thrown [t:\workspace\open\src\hotspot\share\prims\jni.cpp, line 516]
Event: 0.705 Thread 0x0000021b5b703d10 Exception <a 'java/lang/NoSuchMethodError'{0x0000000711c5ba18}: 'void java.lang.invoke.DirectMethodHandle$Holder.invokeSpecial(java.lang.Object, java.lang.Object, java.lang.Object, java.lang.Object, java.lang.Object)'> (0x0000000711c5ba18) 
thrown [t:\workspace\open\src\hotspot\share\interpreter\linkResolver.cpp, line 766]
Event: 0.725 Thread 0x0000021b5b703d10 Exception <a 'sun/nio/fs/WindowsException'{0x0000000711ddb0d8}> (0x0000000711ddb0d8) 
thrown [t:\workspace\open\src\hotspot\share\prims\jni.cpp, line 516]
Event: 0.755 Thread 0x0000021b5b703d10 Implicit null exception at 0x0000021b4610fc2d to 0x0000021b46110400
Event: 0.827 Thread 0x0000021b5b703d10 Exception <a 'java/lang/NoSuchMethodError'{0x00000007113358e0}: 'java.lang.Object java.lang.invoke.DirectMethodHandle$Holder.invokeInterface(java.lang.Object, java.lang.Object, java.lang.Object)'> (0x00000007113358e0) 
thrown [t:\workspace\open\src\hotspot\share\interpreter\linkResolver.cpp, line 766]
Event: 0.828 Thread 0x0000021b5b703d10 Exception <a 'java/lang/IncompatibleClassChangeError'{0x0000000711339268}: Found class java.lang.Object, but interface was expected> (0x0000000711339268) 
thrown [t:\workspace\open\src\hotspot\share\interpreter\linkResolver.cpp, line 833]
Event: 0.865 Thread 0x0000021b5b703d10 Exception <a 'java/lang/ClassNotFoundException'{0x00000007111b79a0}: com/sun/javafx/scene/control/skin/resources/controls> (0x00000007111b79a0) 
thrown [t:\workspace\open\src\hotspot\share\prims\jni.cpp, line 535]
Event: 0.865 Thread 0x0000021b5b703d10 Exception <a 'java/lang/ClassNotFoundException'{0x00000007111c5940}: com/sun/javafx/scene/control/skin/resources/controls_ru> (0x00000007111c5940) 
thrown [t:\workspace\open\src\hotspot\share\prims\jni.cpp, line 535]
Event: 0.866 Thread 0x0000021b5b703d10 Exception <a 'java/lang/ClassNotFoundException'{0x00000007111c6970}: com/sun/javafx/scene/control/skin/resources/controls_ru_RU> (0x00000007111c6970) 
thrown [t:\workspace\open\src\hotspot\share\prims\jni.cpp, line 535]
Event: 0.894 Thread 0x0000021b5b703d10 Exception <a 'java/lang/NoSuchMethodError'{0x0000000710f493f8}: 'void java.lang.invoke.DirectMethodHandle$Holder.invokeSpecial(java.lang.Object, java.lang.Object, java.lang.Object, java.lang.Object, java.lang.Object, java.lang.Object)'> (0x0000000710f493f8) 
thrown [t:\workspace\open\src\hotspot\share\interpreter\linkResolver.cpp, line 766]
Event: 0.932 Thread 0x0000021b5b703d10 Exception <a 'java/lang/NoSuchMethodError'{0x0000000710a58778}: 'java.lang.Object java.lang.invoke.DirectMethodHandle$Holder.newInvokeSpecial(java.lang.Object, java.lang.Object, int)'> (0x0000000710a58778) 
thrown [t:\workspace\open\src\hotspot\share\interpreter\linkResolver.cpp, line 766]
Event: 0.950 Thread 0x0000021b5b705520 Exception <a 'java/lang/NoSuchMethodError'{0x0000000710ba7930}: 'int java.lang.invoke.DirectMethodHandle$Holder.invokeStaticInit(java.lang.Object, java.lang.Object)'> (0x0000000710ba7930) 
thrown [t:\workspace\open\src\hotspot\share\interpreter\linkResolver.cpp, line 766]
Event: 2.044 Thread 0x0000021b5b703d10 Exception <a 'java/lang/NoSuchMethodError'{0x0000000712a7dbe8}: 'long java.lang.invoke.DirectMethodHandle$Holder.invokeStatic(java.lang.Object, java.lang.Object, java.lang.Object)'> (0x0000000712a7dbe8) 
thrown [t:\workspace\open\src\hotspot\share\interpreter\linkResolver.cpp, line 766]
Event: 2.044 Thread 0x0000021b5b703d10 Exception <a 'java/lang/NoSuchMethodError'{0x0000000712a81390}: 'long java.lang.invoke.DirectMethodHandle$Holder.invokeStaticInit(java.lang.Object, java.lang.Object, java.lang.Object)'> (0x0000000712a81390) 
thrown [t:\workspace\open\src\hotspot\share\interpreter\linkResolver.cpp, line 766]
Event: 2.045 Thread 0x0000021b5b703d10 Exception <a 'java/lang/NoSuchMethodError'{0x0000000712a98f98}: 'java.lang.Object java.lang.invoke.DirectMethodHandle$Holder.newInvokeSpecial(java.lang.Object, java.lang.Object, long)'> (0x0000000712a98f98) 
thrown [t:\workspace\open\src\hotspot\share\interpreter\linkResolver.cpp, line 766]
Event: 2.045 Thread 0x0000021b5b703d10 Exception <a 'java/lang/NoSuchMethodError'{0x0000000712a9cb08}: 'java.lang.Object java.lang.invoke.Invokers$Holder.linkToTargetMethod(java.lang.Object, long, java.lang.Object)'> (0x0000000712a9cb08) 
thrown [t:\workspace\open\src\hotspot\share\interpreter\linkResolver.cpp, line 766]
Event: 6.139 Thread 0x0000021b5b703d10 Exception <a 'java/lang/NoSuchMethodError'{0x00000007128648c0}: 'java.lang.Object java.lang.invoke.DirectMethodHandle$Holder.invokeSpecial(java.lang.Object, java.lang.Object, int, java.lang.Object, java.lang.Object)'> (0x00000007128648c0) 
thrown [t:\workspace\open\src\hotspot\share\interpreter\linkResolver.cpp, line 766]
Event: 6.168 Thread 0x0000021b5b703d10 Exception <a 'sun/nio/fs/WindowsException'{0x0000000712963b20}> (0x0000000712963b20) 
thrown [t:\workspace\open\src\hotspot\share\prims\jni.cpp, line 516]
Event: 6.175 Thread 0x0000021b5b703d10 Exception <a 'java/lang/ClassNotFoundException'{0x0000000712978c68}: sun/util/logging/resources/spi/loggingProvider> (0x0000000712978c68) 
thrown [t:\workspace\open\src\hotspot\share\classfile\systemDictionary.cpp, line 256]

VM Operations (20 events):
Event: 0.400 Executing VM operation: HandshakeAllThreads
Event: 0.400 Executing VM operation: HandshakeAllThreads done
Event: 0.484 Executing VM operation: G1CollectForAllocation
Event: 0.487 Executing VM operation: G1CollectForAllocation done
Event: 0.589 Executing VM operation: HandshakeAllThreads
Event: 0.589 Executing VM operation: HandshakeAllThreads done
Event: 0.645 Executing VM operation: HandshakeAllThreads
Event: 0.645 Executing VM operation: HandshakeAllThreads done
Event: 0.824 Executing VM operation: ICBufferFull
Event: 0.824 Executing VM operation: ICBufferFull done
Event: 1.032 Executing VM operation: G1CollectForAllocation
Event: 1.040 Executing VM operation: G1CollectForAllocation done
Event: 3.040 Executing VM operation: Cleanup
Event: 3.040 Executing VM operation: Cleanup done
Event: 5.041 Executing VM operation: Cleanup
Event: 5.041 Executing VM operation: Cleanup done
Event: 6.042 Executing VM operation: Cleanup
Event: 6.042 Executing VM operation: Cleanup done
Event: 6.161 Executing VM operation: HandshakeAllThreads
Event: 6.161 Executing VM operation: HandshakeAllThreads done

Events (20 events):
Event: 6.177 loading class java/time/ZonedDateTime$1 done
Event: 6.209 loading class java/net/StandardSocketOptions
Event: 6.209 loading class java/net/StandardSocketOptions done
Event: 6.209 loading class java/net/StandardSocketOptions$StdSocketOption
Event: 6.210 loading class java/net/SocketOption
Event: 6.210 loading class java/net/SocketOption done
Event: 6.210 loading class java/net/StandardSocketOptions$StdSocketOption done
Event: 6.210 loading class sun/nio/ch/SocketOptionRegistry
Event: 6.210 loading class sun/nio/ch/SocketOptionRegistry done
Event: 6.210 loading class sun/nio/ch/SocketOptionRegistry$RegistryKey
Event: 6.210 loading class sun/nio/ch/SocketOptionRegistry$RegistryKey done
Event: 6.210 loading class sun/nio/ch/SocketOptionRegistry$LazyInitialization
Event: 6.210 loading class sun/nio/ch/SocketOptionRegistry$LazyInitialization done
Event: 6.210 loading class sun/nio/ch/OptionKey
Event: 6.210 loading class sun/nio/ch/OptionKey done
Event: 6.210 loading class sun/nio/ch/ExtendedSocketOption
Event: 6.210 loading class sun/nio/ch/ExtendedSocketOption done
Event: 6.210 loading class sun/nio/ch/ExtendedSocketOption$1
Event: 6.210 loading class sun/nio/ch/ExtendedSocketOption$1 done
Event: 6.226 Thread 0x0000021b62cff4a0 Thread added: 0x0000021b62cff4a0


Dynamic libraries:
0x00007ff6654b0000 - 0x00007ff6654c0000 	C:\Program Files\Java\jdk-17.0.2\bin\java.exe
0x00007ffdc2170000 - 0x00007ffdc2368000 	C:\WINDOWS\SYSTEM32\ntdll.dll
0x00007ffdc0ab0000 - 0x00007ffdc0b6d000 	C:\WINDOWS\System32\KERNEL32.DLL
0x00007ffdbf9c0000 - 0x00007ffdbfc8e000 	C:\WINDOWS\System32\KERNELBASE.dll
0x00007ffdbfed0000 - 0x00007ffdbffd0000 	C:\WINDOWS\System32\ucrtbase.dll
0x00007ffdafbe0000 - 0x00007ffdafbfa000 	C:\Program Files\Java\jdk-17.0.2\bin\VCRUNTIME140.dll
0x00007ffdaa950000 - 0x00007ffdaa968000 	C:\Program Files\Java\jdk-17.0.2\bin\jli.dll
0x00007ffdc1d80000 - 0x00007ffdc1e2e000 	C:\WINDOWS\System32\ADVAPI32.dll
0x00007ffdc1950000 - 0x00007ffdc19ee000 	C:\WINDOWS\System32\msvcrt.dll
0x00007ffdc01d0000 - 0x00007ffdc026c000 	C:\WINDOWS\System32\sechost.dll
0x00007ffdc1bf0000 - 0x00007ffdc1d15000 	C:\WINDOWS\System32\RPCRT4.dll
0x00007ffdc1f90000 - 0x00007ffdc2130000 	C:\WINDOWS\System32\USER32.dll
0x00007ffdbfe10000 - 0x00007ffdbfe32000 	C:\WINDOWS\System32\win32u.dll
0x00007ffdc19f0000 - 0x00007ffdc1a1a000 	C:\WINDOWS\System32\GDI32.dll
0x00007ffdbfd00000 - 0x00007ffdbfe0b000 	C:\WINDOWS\System32\gdi32full.dll
0x00007ffda3580000 - 0x00007ffda381a000 	C:\WINDOWS\WinSxS\amd64_microsoft.windows.common-controls_6595b64144ccf1df_6.0.19041.1110_none_60b5254171f9507e\COMCTL32.dll
0x00007ffdbffd0000 - 0x00007ffdc006d000 	C:\WINDOWS\System32\msvcp_win.dll
0x00007ffdb8570000 - 0x00007ffdb857a000 	C:\WINDOWS\SYSTEM32\VERSION.dll
0x00007ffdc09e0000 - 0x00007ffdc0a10000 	C:\WINDOWS\System32\IMM32.DLL
0x00007ffdb4500000 - 0x00007ffdb450c000 	C:\Program Files\Java\jdk-17.0.2\bin\vcruntime140_1.dll
0x00007ffd95ab0000 - 0x00007ffd95b3d000 	C:\Program Files\Java\jdk-17.0.2\bin\msvcp140.dll
0x00007ffd6d110000 - 0x00007ffd6dcd1000 	C:\Program Files\Java\jdk-17.0.2\bin\server\jvm.dll
0x00007ffdc18b0000 - 0x00007ffdc18b8000 	C:\WINDOWS\System32\PSAPI.DLL
0x00007ffdaca00000 - 0x00007ffdaca27000 	C:\WINDOWS\SYSTEM32\WINMM.dll
0x00007ffdbad80000 - 0x00007ffdbad89000 	C:\WINDOWS\SYSTEM32\WSOCK32.dll
0x00007ffdc1840000 - 0x00007ffdc18ab000 	C:\WINDOWS\System32\WS2_32.dll
0x00007ffdbe120000 - 0x00007ffdbe132000 	C:\WINDOWS\SYSTEM32\kernel.appcore.dll
0x00007ffdaaa40000 - 0x00007ffdaaa4a000 	C:\Program Files\Java\jdk-17.0.2\bin\jimage.dll
0x00007ffdbbd20000 - 0x00007ffdbbf04000 	C:\WINDOWS\SYSTEM32\DBGHELP.DLL
0x00007ffdaca70000 - 0x00007ffdaca9c000 	C:\WINDOWS\SYSTEM32\dbgcore.DLL
0x00007ffdbfe40000 - 0x00007ffdbfec2000 	C:\WINDOWS\System32\bcryptPrimitives.dll
0x00007ffdbcc90000 - 0x00007ffdbcc9e000 	C:\Program Files\Java\jdk-17.0.2\bin\instrument.dll
0x00007ffd9f080000 - 0x00007ffd9f0a5000 	C:\Program Files\Java\jdk-17.0.2\bin\java.dll
0x00007ffd952d0000 - 0x00007ffd953a6000 	C:\Program Files\Java\jdk-17.0.2\bin\jsvml.dll
0x00007ffdc1090000 - 0x00007ffdc17d3000 	C:\WINDOWS\System32\SHELL32.dll
0x00007ffdbd940000 - 0x00007ffdbe0d5000 	C:\WINDOWS\SYSTEM32\windows.storage.dll
0x00007ffdc0270000 - 0x00007ffdc05c4000 	C:\WINDOWS\System32\combase.dll
0x00007ffdbf2f0000 - 0x00007ffdbf320000 	C:\WINDOWS\SYSTEM32\Wldp.dll
0x00007ffdc0fe0000 - 0x00007ffdc108d000 	C:\WINDOWS\System32\SHCORE.dll
0x00007ffdc17e0000 - 0x00007ffdc1835000 	C:\WINDOWS\System32\shlwapi.dll
0x00007ffdbf7d0000 - 0x00007ffdbf7ef000 	C:\WINDOWS\SYSTEM32\profapi.dll
0x00007ffd9ec30000 - 0x00007ffd9ec49000 	C:\Program Files\Java\jdk-17.0.2\bin\net.dll
0x00007ffdb0520000 - 0x00007ffdb062a000 	C:\WINDOWS\SYSTEM32\WINHTTP.dll
0x00007ffdbf050000 - 0x00007ffdbf0ba000 	C:\WINDOWS\system32\mswsock.dll
0x00007ffd9ec10000 - 0x00007ffd9ec26000 	C:\Program Files\Java\jdk-17.0.2\bin\nio.dll
0x00007ffd9ebf0000 - 0x00007ffd9ec08000 	C:\Program Files\Java\jdk-17.0.2\bin\zip.dll
0x00007ffdb9de0000 - 0x00007ffdb9dfa000 	E:\IntelliJ IDEA PRO\IntelliJ IDEA 2022.2.3\bin\breakgen64.dll
0x0000021b356a0000 - 0x0000021b356a3000 	C:\Users\User\.openjfx\cache\17.0.2-ea\api-ms-win-core-console-l1-1-0.dll
0x0000021b5a2b0000 - 0x0000021b5a2b3000 	C:\Users\User\.openjfx\cache\17.0.2-ea\api-ms-win-core-console-l1-2-0.dll
0x0000021b5a2c0000 - 0x0000021b5a2c3000 	C:\Users\User\.openjfx\cache\17.0.2-ea\api-ms-win-core-datetime-l1-1-0.dll
0x0000021b5a2d0000 - 0x0000021b5a2d3000 	C:\Users\User\.openjfx\cache\17.0.2-ea\api-ms-win-core-debug-l1-1-0.dll
0x0000021b5a2e0000 - 0x0000021b5a2e3000 	C:\Users\User\.openjfx\cache\17.0.2-ea\api-ms-win-core-errorhandling-l1-1-0.dll
0x0000021b5a2f0000 - 0x0000021b5a2f4000 	C:\Users\User\.openjfx\cache\17.0.2-ea\api-ms-win-core-file-l1-1-0.dll
0x0000021b5a300000 - 0x0000021b5a303000 	C:\Users\User\.openjfx\cache\17.0.2-ea\api-ms-win-core-file-l1-2-0.dll
0x0000021b5a310000 - 0x0000021b5a313000 	C:\Users\User\.openjfx\cache\17.0.2-ea\api-ms-win-core-file-l2-1-0.dll
0x0000021b5a320000 - 0x0000021b5a323000 	C:\Users\User\.openjfx\cache\17.0.2-ea\api-ms-win-core-handle-l1-1-0.dll
0x0000021b5a330000 - 0x0000021b5a333000 	C:\Users\User\.openjfx\cache\17.0.2-ea\api-ms-win-core-heap-l1-1-0.dll
0x0000021b5a340000 - 0x0000021b5a343000 	C:\Users\User\.openjfx\cache\17.0.2-ea\api-ms-win-core-interlocked-l1-1-0.dll
0x0000021b5a350000 - 0x0000021b5a353000 	C:\Users\User\.openjfx\cache\17.0.2-ea\api-ms-win-core-libraryloader-l1-1-0.dll
0x0000021b5a360000 - 0x0000021b5a363000 	C:\Users\User\.openjfx\cache\17.0.2-ea\api-ms-win-core-localization-l1-2-0.dll
0x0000021b5a370000 - 0x0000021b5a373000 	C:\Users\User\.openjfx\cache\17.0.2-ea\api-ms-win-core-memory-l1-1-0.dll
0x0000021b5a380000 - 0x0000021b5a383000 	C:\Users\User\.openjfx\cache\17.0.2-ea\api-ms-win-core-namedpipe-l1-1-0.dll
0x0000021b5a390000 - 0x0000021b5a393000 	C:\Users\User\.openjfx\cache\17.0.2-ea\api-ms-win-core-processenvironment-l1-1-0.dll
0x0000021b5a3a0000 - 0x0000021b5a3a3000 	C:\Users\User\.openjfx\cache\17.0.2-ea\api-ms-win-core-processthreads-l1-1-0.dll
0x0000021b5a3b0000 - 0x0000021b5a3b3000 	C:\Users\User\.openjfx\cache\17.0.2-ea\api-ms-win-core-processthreads-l1-1-1.dll
0x0000021b5a3c0000 - 0x0000021b5a3c3000 	C:\Users\User\.openjfx\cache\17.0.2-ea\api-ms-win-core-profile-l1-1-0.dll
0x0000021b5a3d0000 - 0x0000021b5a3d3000 	C:\Users\User\.openjfx\cache\17.0.2-ea\api-ms-win-core-rtlsupport-l1-1-0.dll
0x0000021b5a3e0000 - 0x0000021b5a3e3000 	C:\Users\User\.openjfx\cache\17.0.2-ea\api-ms-win-core-string-l1-1-0.dll
0x0000021b5a3f0000 - 0x0000021b5a3f3000 	C:\Users\User\.openjfx\cache\17.0.2-ea\api-ms-win-core-synch-l1-1-0.dll
0x0000021b5c7d0000 - 0x0000021b5c7d3000 	C:\Users\User\.openjfx\cache\17.0.2-ea\api-ms-win-core-synch-l1-2-0.dll
0x0000021b5c7e0000 - 0x0000021b5c7e3000 	C:\Users\User\.openjfx\cache\17.0.2-ea\api-ms-win-core-sysinfo-l1-1-0.dll
0x0000021b5c7f0000 - 0x0000021b5c7f3000 	C:\Users\User\.openjfx\cache\17.0.2-ea\api-ms-win-core-timezone-l1-1-0.dll
0x0000021b5c800000 - 0x0000021b5c803000 	C:\Users\User\.openjfx\cache\17.0.2-ea\api-ms-win-core-util-l1-1-0.dll
0x0000021b5c810000 - 0x0000021b5c813000 	C:\Users\User\.openjfx\cache\17.0.2-ea\api-ms-win-crt-conio-l1-1-0.dll
0x0000021b5c820000 - 0x0000021b5c824000 	C:\Users\User\.openjfx\cache\17.0.2-ea\api-ms-win-crt-convert-l1-1-0.dll
0x0000021b5c950000 - 0x0000021b5c953000 	C:\Users\User\.openjfx\cache\17.0.2-ea\api-ms-win-crt-environment-l1-1-0.dll
0x0000021b5c960000 - 0x0000021b5c963000 	C:\Users\User\.openjfx\cache\17.0.2-ea\api-ms-win-crt-filesystem-l1-1-0.dll
0x0000021b5c970000 - 0x0000021b5c973000 	C:\Users\User\.openjfx\cache\17.0.2-ea\api-ms-win-crt-heap-l1-1-0.dll
0x0000021b5c980000 - 0x0000021b5c983000 	C:\Users\User\.openjfx\cache\17.0.2-ea\api-ms-win-crt-locale-l1-1-0.dll
0x0000021b5c990000 - 0x0000021b5c995000 	C:\Users\User\.openjfx\cache\17.0.2-ea\api-ms-win-crt-math-l1-1-0.dll
0x0000021b5c9a0000 - 0x0000021b5c9a5000 	C:\Users\User\.openjfx\cache\17.0.2-ea\api-ms-win-crt-multibyte-l1-1-0.dll
0x0000021b5c9b0000 - 0x0000021b5c9c0000 	C:\Users\User\.openjfx\cache\17.0.2-ea\api-ms-win-crt-private-l1-1-0.dll
0x0000021b5c9c0000 - 0x0000021b5c9c3000 	C:\Users\User\.openjfx\cache\17.0.2-ea\api-ms-win-crt-process-l1-1-0.dll
0x0000021b5c9d0000 - 0x0000021b5c9d4000 	C:\Users\User\.openjfx\cache\17.0.2-ea\api-ms-win-crt-runtime-l1-1-0.dll
0x0000021b5c940000 - 0x0000021b5c944000 	C:\Users\User\.openjfx\cache\17.0.2-ea\api-ms-win-crt-stdio-l1-1-0.dll
0x0000021b5cb10000 - 0x0000021b5cb14000 	C:\Users\User\.openjfx\cache\17.0.2-ea\api-ms-win-crt-string-l1-1-0.dll
0x0000021b5cb20000 - 0x0000021b5cb23000 	C:\Users\User\.openjfx\cache\17.0.2-ea\api-ms-win-crt-time-l1-1-0.dll
0x0000021b5cb30000 - 0x0000021b5cb33000 	C:\Users\User\.openjfx\cache\17.0.2-ea\api-ms-win-crt-utility-l1-1-0.dll
0x00007ffd83220000 - 0x00007ffd8331c000 	C:\Users\User\.openjfx\cache\17.0.2-ea\ucrtbase.dll
0x00007ffdb9cb0000 - 0x00007ffdb9cca000 	C:\Users\User\.openjfx\cache\17.0.2-ea\vcruntime140.dll
0x00007ffdbade0000 - 0x00007ffdbadec000 	C:\Users\User\.openjfx\cache\17.0.2-ea\vcruntime140_1.dll
0x00007ffd98550000 - 0x00007ffd985dd000 	C:\Users\User\.openjfx\cache\17.0.2-ea\msvcp140.dll
0x00007ffdb9b40000 - 0x00007ffdb9b6a000 	C:\Users\User\.openjfx\cache\17.0.2-ea\prism_d3d.dll
0x00007ffd944b0000 - 0x00007ffd9467f000 	C:\WINDOWS\system32\d3d9.dll
0x00007ffdbd1f0000 - 0x00007ffdbd21f000 	C:\WINDOWS\SYSTEM32\dwmapi.dll
0x00007ffdbcf00000 - 0x00007ffdbcf9e000 	C:\WINDOWS\system32\uxtheme.dll
0x00007ffd81510000 - 0x00007ffd816dd000 	C:\WINDOWS\System32\DriverStore\FileRepository\iigd_dch.inf_amd64_5ff19bda550c7b73\igdumdim64.dll
0x00007ffdb52e0000 - 0x00007ffdb5400000 	C:\WINDOWS\System32\DriverStore\FileRepository\iigd_dch.inf_amd64_5ff19bda550c7b73\igdgmm64.dll
0x00007ffd644a0000 - 0x00007ffd680b1000 	C:\WINDOWS\System32\DriverStore\FileRepository\iigd_dch.inf_amd64_5ff19bda550c7b73\igd9dxva64.dll
0x00007ffdc06a0000 - 0x00007ffdc07ca000 	C:\WINDOWS\System32\OLE32.dll
0x00007ffdc05d0000 - 0x00007ffdc069d000 	C:\WINDOWS\System32\OLEAUT32.dll
0x00007ffdafc50000 - 0x00007ffdafc92000 	C:\Users\User\.openjfx\cache\17.0.2-ea\glass.dll
0x00007ffdc1ea0000 - 0x00007ffdc1f7a000 	C:\WINDOWS\System32\COMDLG32.dll
0x00007ffdc1a20000 - 0x00007ffdc1b35000 	C:\WINDOWS\System32\MSCTF.dll
0x00007ffdad730000 - 0x00007ffdad751000 	C:\WINDOWS\System32\DriverStore\FileRepository\iigd_dch.inf_amd64_5ff19bda550c7b73\igdinfo64.dll
0x00007ffdb1030000 - 0x00007ffdb3390000 	C:\WINDOWS\System32\DriverStore\FileRepository\iigd_dch.inf_amd64_5ff19bda550c7b73\igc64.dll
0x00007ffdba5a0000 - 0x00007ffdba5db000 	C:\WINDOWS\SYSTEM32\dxcore.dll
0x00007ffdbf970000 - 0x00007ffdbf9be000 	C:\WINDOWS\System32\cfgmgr32.dll
0x00007ffdb9b00000 - 0x00007ffdb9b14000 	C:\Users\User\.openjfx\cache\17.0.2-ea\javafx_font.dll
0x00007ffd99810000 - 0x00007ffd99a8f000 	C:\WINDOWS\SYSTEM32\dwrite.dll
0x00007ffdc1b40000 - 0x00007ffdc1be9000 	C:\WINDOWS\System32\clbcatq.dll
0x00007ffdb8860000 - 0x00007ffdb8a14000 	C:\WINDOWS\SYSTEM32\WindowsCodecs.dll
0x00007ffdbf940000 - 0x00007ffdbf967000 	C:\WINDOWS\System32\bcrypt.dll
0x00007ffd89ce0000 - 0x00007ffd89d1e000 	C:\WINDOWS\system32\dataexchange.dll
0x00007ffdbaf50000 - 0x00007ffdbb1b3000 	C:\WINDOWS\system32\d3d11.dll
0x00007ffdbc070000 - 0x00007ffdbc254000 	C:\WINDOWS\system32\dcomp.dll
0x00007ffdbe160000 - 0x00007ffdbe253000 	C:\WINDOWS\system32\dxgi.dll
0x00007ffdb8b00000 - 0x00007ffdb8d00000 	C:\WINDOWS\system32\twinapi.appcore.dll
0x00007ffda26f0000 - 0x00007ffda2724000 	C:\Program Files\Common Files\Microsoft Shared\Ink\rtscom.dll
0x00007ffd9bae0000 - 0x00007ffd9bbd9000 	C:\WINDOWS\SYSTEM32\textinputframework.dll
0x00007ffdbca30000 - 0x00007ffdbcb22000 	C:\WINDOWS\System32\CoreMessaging.dll
0x00007ffdbc6d0000 - 0x00007ffdbca2e000 	C:\WINDOWS\System32\CoreUIComponents.dll
0x00007ffdbe570000 - 0x00007ffdbe5a3000 	C:\WINDOWS\SYSTEM32\ntmarta.dll
0x00007ffdbbf10000 - 0x00007ffdbc064000 	C:\WINDOWS\SYSTEM32\wintypes.dll
0x00007ffdbb760000 - 0x00007ffdbbd20000 	C:\WINDOWS\SYSTEM32\d2d1.dll
0x00007ffdb6160000 - 0x00007ffdb6856000 	C:\WINDOWS\SYSTEM32\D3D10Warp.dll

dbghelp: loaded successfully - version: 4.0.5 - missing functions: none
symbol engine: initialized successfully - sym options: 0x614 - pdb path: .;C:\Program Files\Java\jdk-17.0.2\bin;C:\WINDOWS\SYSTEM32;C:\WINDOWS\WinSxS\amd64_microsoft.windows.common-controls_6595b64144ccf1df_6.0.19041.1110_none_60b5254171f9507e;C:\Program Files\Java\jdk-17.0.2\bin\server;E:\IntelliJ IDEA PRO\IntelliJ IDEA 2022.2.3\bin;C:\Users\User\.openjfx\cache\17.0.2-ea;C:\WINDOWS\System32\DriverStore\FileRepository\iigd_dch.inf_amd64_5ff19bda550c7b73;C:\Program Files\Common Files\Microsoft Shared\Ink

VM Arguments:
jvm_args: -javaagent:E:\IntelliJ IDEA PRO\IntelliJ IDEA 2022.2.3\lib\idea_rt.jar=56524:E:\IntelliJ IDEA PRO\IntelliJ IDEA 2022.2.3\bin -Dfile.encoding=UTF-8 --module-path=C:\Users\User\.m2\repository\org\openjfx\javafx-controls\17.0.2\javafx-controls-17.0.2-win.jar;C:\Users\User\.m2\repository\org\openjfx\javafx-graphics\17.0.2\javafx-graphics-17.0.2-win.jar;C:\Users\User\.m2\repository\org\openjfx\javafx-fxml\17.0.2\javafx-fxml-17.0.2-win.jar;E:\ProgSP_course_project\Java\Course_project\target\classes;C:\Users\User\.m2\repository\org\openjfx\javafx-base\17.0.2\javafx-base-17.0.2-win.jar -Djdk.module.main=com.example.course_project 
java_command: com.example.course_project/com.example.course_project.StartClient
java_class_path (initial): D:\mysql-connector-j-8.0.31\mysql-connector-j-8.0.31.jar;C:\Users\User\.m2\repository\org\openjfx\javafx-controls\17.0.2\javafx-controls-17.0.2.jar;C:\Users\User\.m2\repository\org\openjfx\javafx-graphics\17.0.2\javafx-graphics-17.0.2.jar;C:\Users\User\.m2\repository\org\openjfx\javafx-base\17.0.2\javafx-base-17.0.2.jar;C:\Users\User\.m2\repository\org\openjfx\javafx-fxml\17.0.2\javafx-fxml-17.0.2.jar
Launcher Type: SUN_STANDARD

[Global flags]
     intx CICompilerCount                          = 4                                         {product} {ergonomic}
     uint ConcGCThreads                            = 2                                         {product} {ergonomic}
     uint G1ConcRefinementThreads                  = 8                                         {product} {ergonomic}
   size_t G1HeapRegionSize                         = 2097152                                   {product} {ergonomic}
    uintx GCDrainStackTargetSize                   = 64                                        {product} {ergonomic}
   size_t InitialHeapSize                          = 266338304                                 {product} {ergonomic}
   size_t MarkStackSize                            = 4194304                                   {product} {ergonomic}
   size_t MaxHeapSize                              = 4244635648                                {product} {ergonomic}
   size_t MaxNewSize                               = 2545942528                                {product} {ergonomic}
   size_t MinHeapDeltaBytes                        = 2097152                                   {product} {ergonomic}
   size_t MinHeapSize                              = 8388608                                   {product} {ergonomic}
    uintx NonNMethodCodeHeapSize                   = 5839372                                {pd product} {ergonomic}
    uintx NonProfiledCodeHeapSize                  = 122909434                              {pd product} {ergonomic}
    uintx ProfiledCodeHeapSize                     = 122909434                              {pd product} {ergonomic}
    uintx ReservedCodeCacheSize                    = 251658240                              {pd product} {ergonomic}
     bool SegmentedCodeCache                       = true                                      {product} {ergonomic}
   size_t SoftMaxHeapSize                          = 4244635648                             {manageable} {ergonomic}
     bool UseCompressedClassPointers               = true                           {product lp64_product} {ergonomic}
     bool UseCompressedOops                        = true                           {product lp64_product} {ergonomic}
     bool UseG1GC                                  = true                                      {product} {ergonomic}
     bool UseLargePagesIndividualAllocation        = false                                  {pd product} {ergonomic}

Logging:
Log output configuration:
 #0: stdout all=warning uptime,level,tags
 #1: stderr all=off uptime,level,tags

Environment Variables:
CLASSPATH=.;C:\PROGRA~1\IBM\IBMDAT~1\java\db2jcc.jar;C:\PROGRA~1\IBM\IBMDAT~1\java\sqlj.zip;C:\PROGRA~1\IBM\IBMDAT~1\bin
PATH=C:\Program Files\Microsoft MPI\Bin\;C:\Program Files\Python38\Scripts\;C:\Program Files\Python38\;D:\WinAVR\bin;D:\WinAVR\utils\bin;C:\Program Files\Common Files\Oracle\Java\javapath;C:\Program Files (x86)\Common Files\Oracle\Java\javapath;C:\WINDOWS\system32;C:\WINDOWS;C:\WINDOWS\System32\Wbem;C:\WINDOWS\System32\WindowsPowerShell\v1.0\;C:\WINDOWS\System32\OpenSSH\;C:\Program Files (x86)\NVIDIA Corporation\PhysX\Common;C:\Program Files\NVIDIA Corporation\NVIDIA NvDLISR;C:\Program Files\Git\cmd;C:\Program Files\Microsoft SQL Server\Client SDK\ODBC\170\Tools\Binn\;C:\Program Files\Microsoft SQL Server\130\Tools\Binn\;C:\Program Files\Microsoft SQL Server\150\Tools\Binn\;C:\Program Files (x86)\Microsoft SQL Server\150\DTS\Binn\;C:\Program Files\dotnet\;C:\Program Files (x86)\Microsoft SQL Server\110\DTS\Binn\;C:\Program Files (x86)\Microsoft SQL Server\120\DTS\Binn\;C:\Program Files (x86)\Microsoft SQL Server\130\DTS\Binn\;C:\Program Files (x86)\Microsoft SQL Server\140\DTS\Binn\;C:\Program Files (x86)\Microsoft SQL Server\160\DTS\Binn\;C:\WINDOWS\system32;C:\WINDOWS;C:\WINDOWS\System32\Wbem;C:\WINDOWS\System32\WindowsPowerShell\v1.0\;C:\WINDOWS\System32\OpenSSH\;C:\PROGRA~1\IBM\IBMDAT~1\BIN;E:\Git_LFS\Git LFS;E:\TortoiseGIT\bin;C:\Users\User\.dnx\bin;C:\Program Files\Microsoft DNX\Dnvm\;C:\Program Files (x86)\Microsoft SQL Server\150\Tools\Binn\;C:\Program Files\Microsoft SQL Server\150\DTS\Binn\;C:\Program Files\MySQL\MySQL Shell 8.0\bin\;E:\Python_3_10\Scripts\;E:\Python_3_10\;C:\Users\User\AppData\Local\Microsoft\WindowsApps;C:\Users\User\AppData\Local\GitHubDesktop\bin;C:\Program Files\Azure Data Studio\bin;C:\Program Files (x86)\GNU Tools ARM Embedded\4.6 2012q4\bin;C:\Users\User\.dotnet\tools;;E:\PyCharm PRO\PyCharm 2022.2.2\bin;;E:\IntelliJ IDEA PRO\IntelliJ IDEA 2022.2.3\bin;
USERNAME=User
OS=Windows_NT
PROCESSOR_IDENTIFIER=Intel64 Family 6 Model 165 Stepping 2, GenuineIntel



---------------  S Y S T E M  ---------------

OS:
 Windows 10 , 64 bit Build 19041 (10.0.19041.1889)
OS uptime: 7 days 15:32 hours

CPU: total 8 (initial active 8) (4 cores per cpu, 2 threads per core) family 6 model 165 stepping 2 microcode 0xc8, cx8, cmov, fxsr, ht, mmx, 3dnowpref, sse, sse2, sse3, ssse3, sse4.1, sse4.2, popcnt, lzcnt, tsc, tscinvbit, avx, avx2, aes, erms, clmul, bmi1, bmi2, adx, fma, vzeroupper, clflush, clflushopt

Memory: 4k page, system-wide physical 16185M (4565M free)
TotalPageFile size 18233M (AvailPageFile size 5M)
current process WorkingSet (physical memory assigned to process): 181M, peak: 181M
current process commit charge ("private bytes"): 436M, peak: 437M

vm_info: Java HotSpot(TM) 64-Bit Server VM (17.0.2+8-LTS-86) for windows-amd64 JRE (17.0.2+8-LTS-86), built on Dec  7 2021 21:51:03 by "mach5one" with MS VC++ 16.8 / 16.9 (VS2019)

END.
