#
# There is insufficient memory for the Java Runtime Environment to continue.
# Native memory allocation (malloc) failed to allocate 1455696 bytes for Chunk::new
# Possible reasons:
#   The system is out of physical RAM or swap space
#   The process is running with CompressedOops enabled, and the Java Heap may be blocking the growth of the native heap
# Possible solutions:
#   Reduce memory load on the system
#   Increase physical memory or swap space
#   Check if swap backing store is full
#   Decrease Java heap size (-Xmx/-Xms)
#   Decrease number of Java threads
#   Decrease Java thread stack sizes (-Xss)
#   Set larger code cache with -XX:ReservedCodeCacheSize=
#   JVM is running with Zero Based Compressed Oops mode in which the Java heap is
#     placed in the first 32GB address space. The Java Heap base address is the
#     maximum limit for the native heap growth. Please use -XX:HeapBaseMinAddress
#     to set the Java Heap base and to place the Java Heap above 32GB virtual address.
# This output file may be truncated or incomplete.
#
#  Out of Memory Error (arena.cpp:189), pid=13176, tid=10228
#
# JRE version: Java(TM) SE Runtime Environment (17.0.2+8) (build 17.0.2+8-LTS-86)
# Java VM: Java HotSpot(TM) 64-Bit Server VM (17.0.2+8-LTS-86, mixed mode, sharing, tiered, compressed oops, compressed class ptrs, g1 gc, windows-amd64)
# No core dump will be written. Minidumps are not enabled by default on client versions of Windows
#

---------------  S U M M A R Y ------------

Command Line: -javaagent:E:\IntelliJ IDEA PRO\IntelliJ IDEA 2022.2.3\lib\idea_rt.jar=59391:E:\IntelliJ IDEA PRO\IntelliJ IDEA 2022.2.3\bin -Dfile.encoding=UTF-8 --module-path=C:\Users\User\.m2\repository\org\openjfx\javafx-controls\17.0.2\javafx-controls-17.0.2-win.jar;C:\Users\User\.m2\repository\org\openjfx\javafx-fxml\17.0.2\javafx-fxml-17.0.2-win.jar;E:\ProgSP_course_project\Java\Course_project\target\classes;C:\Users\User\.m2\repository\org\openjfx\javafx-graphics\17.0.2\javafx-graphics-17.0.2-win.jar;C:\Users\User\.m2\repository\org\openjfx\javafx-base\17.0.2\javafx-base-17.0.2-win.jar -Djdk.module.main=com.example.course_project com.example.course_project/com.example.course_project.StartClient

Host: Intel(R) Core(TM) i5-10300H CPU @ 2.50GHz, 8 cores, 15G,  Windows 10 , 64 bit Build 19041 (10.0.19041.1889)
Time: Sun Dec 18 13:13:55 2022  Windows 10 , 64 bit Build 19041 (10.0.19041.1889) elapsed time: 0.908588 seconds (0d 0h 0m 0s)

---------------  T H R E A D  ---------------

Current thread (0x000002387d3973c0):  JavaThread "C2 CompilerThread0" daemon [_thread_in_native, id=10228, stack(0x000000d68d800000,0x000000d68d900000)]


Current CompileTask:
C2:    908 1218   !   4       com.sun.javafx.css.ParsedValueImpl::readBinary (688 bytes)

Stack: [0x000000d68d800000,0x000000d68d900000]
Native frames: (J=compiled Java code, j=interpreted, Vv=VM code, C=native code)
V  [jvm.dll+0x670baa]
V  [jvm.dll+0x7cfcb4]
V  [jvm.dll+0x7d145e]
V  [jvm.dll+0x7d1ac3]
V  [jvm.dll+0x242bc5]
V  [jvm.dll+0xaa57b]
V  [jvm.dll+0xaab0c]
V  [jvm.dll+0x35fcb2]
V  [jvm.dll+0x1b9982]
V  [jvm.dll+0x215de9]
V  [jvm.dll+0x2150b1]
V  [jvm.dll+0x1a1bbd]
V  [jvm.dll+0x224908]
V  [jvm.dll+0x222a6c]
V  [jvm.dll+0x7859bb]
V  [jvm.dll+0x77ff7a]
V  [jvm.dll+0x66fa35]
C  [ucrtbase.dll+0x21bb2]
C  [KERNEL32.DLL+0x17034]
C  [ntdll.dll+0x526a1]


---------------  P R O C E S S  ---------------

Threads class SMR info:
_java_thread_list=0x000002387ec91e40, length=20, elements={
0x000002385a7305d0, 0x000002387d3755c0, 0x000002387d376170, 0x000002387d38c0e0,
0x000002387d38edb0, 0x000002387d38f760, 0x000002387d393130, 0x000002387d3973c0,
0x000002387d397e60, 0x000002387dd18070, 0x000002387dddd000, 0x000002387de68dc0,
0x000002387e505c50, 0x000002387e544f40, 0x000002387e829e60, 0x000002387e98be90,
0x000002387e84e7a0, 0x000002387e8390c0, 0x000002387e8399a0, 0x000002387e9473d0
}

Java Threads: ( => current thread )
  0x000002385a7305d0 JavaThread "main" [_thread_blocked, id=12172, stack(0x000000d68cb00000,0x000000d68cc00000)]
  0x000002387d3755c0 JavaThread "Reference Handler" daemon [_thread_blocked, id=9596, stack(0x000000d68d200000,0x000000d68d300000)]
  0x000002387d376170 JavaThread "Finalizer" daemon [_thread_blocked, id=4768, stack(0x000000d68d300000,0x000000d68d400000)]
  0x000002387d38c0e0 JavaThread "Signal Dispatcher" daemon [_thread_blocked, id=8208, stack(0x000000d68d400000,0x000000d68d500000)]
  0x000002387d38edb0 JavaThread "Attach Listener" daemon [_thread_blocked, id=11140, stack(0x000000d68d500000,0x000000d68d600000)]
  0x000002387d38f760 JavaThread "Service Thread" daemon [_thread_blocked, id=3912, stack(0x000000d68d600000,0x000000d68d700000)]
  0x000002387d393130 JavaThread "Monitor Deflation Thread" daemon [_thread_blocked, id=15272, stack(0x000000d68d700000,0x000000d68d800000)]
=>0x000002387d3973c0 JavaThread "C2 CompilerThread0" daemon [_thread_in_native, id=10228, stack(0x000000d68d800000,0x000000d68d900000)]
  0x000002387d397e60 JavaThread "C1 CompilerThread0" daemon [_thread_blocked, id=15384, stack(0x000000d68d900000,0x000000d68da00000)]
  0x000002387dd18070 JavaThread "Sweeper thread" daemon [_thread_blocked, id=15004, stack(0x000000d68da00000,0x000000d68db00000)]
  0x000002387dddd000 JavaThread "Common-Cleaner" daemon [_thread_blocked, id=14564, stack(0x000000d68db00000,0x000000d68dc00000)]
  0x000002387de68dc0 JavaThread "C2 CompilerThread1" daemon [_thread_blocked, id=15636, stack(0x000000d68dc00000,0x000000d68dd00000)]
  0x000002387e505c50 JavaThread "Monitor Ctrl-Break" daemon [_thread_in_native, id=18012, stack(0x000000d68de00000,0x000000d68df00000)]
  0x000002387e544f40 JavaThread "Notification Thread" daemon [_thread_blocked, id=16876, stack(0x000000d68df00000,0x000000d68e000000)]
  0x000002387e829e60 JavaThread "QuantumRenderer-0" daemon [_thread_blocked, id=22524, stack(0x000000d68e100000,0x000000d68e200000)]
  0x000002387e98be90 JavaThread "InvokeLaterDispatcher" daemon [_thread_blocked, id=3420, stack(0x000000d68e200000,0x000000d68e300000)]
  0x000002387e84e7a0 JavaThread "JavaFX Application Thread" [_thread_in_Java, id=9456, stack(0x000000d68e300000,0x000000d68e400000)]
  0x000002387e8390c0 JavaThread "JavaFX-Launcher" [_thread_blocked, id=15984, stack(0x000000d68e800000,0x000000d68e900000)]
  0x000002387e8399a0 JavaThread "Thread-2" daemon [_thread_in_native, id=12388, stack(0x000000d68e700000,0x000000d68e800000)]
  0x000002387e9473d0 JavaThread "Prism Font Disposer" daemon [_thread_blocked, id=20876, stack(0x000000d68ee00000,0x000000d68ef00000)]

Other Threads:
  0x000002387d36aac0 VMThread "VM Thread" [stack: 0x000000d68d100000,0x000000d68d200000] [id=15776]
  0x000002385a79e570 WatcherThread [stack: 0x000000d68e000000,0x000000d68e100000] [id=8572]
  0x000002385a77fab0 GCTaskThread "GC Thread#0" [stack: 0x000000d68cc00000,0x000000d68cd00000] [id=18768]
  0x000002387eaa7d50 GCTaskThread "GC Thread#1" [stack: 0x000000d68e900000,0x000000d68ea00000] [id=3248]
  0x000002387eb6e8c0 GCTaskThread "GC Thread#2" [stack: 0x000000d68ea00000,0x000000d68eb00000] [id=19660]
  0x000002387de06520 GCTaskThread "GC Thread#3" [stack: 0x000000d68eb00000,0x000000d68ec00000] [id=12112]
  0x000002387eab9040 GCTaskThread "GC Thread#4" [stack: 0x000000d68ec00000,0x000000d68ed00000] [id=11268]
  0x000002387ead1cf0 GCTaskThread "GC Thread#5" [stack: 0x000000d68ed00000,0x000000d68ee00000] [id=9852]
  0x000002385a7906f0 ConcurrentGCThread "G1 Main Marker" [stack: 0x000000d68cd00000,0x000000d68ce00000] [id=20456]
  0x000002385a7918a0 ConcurrentGCThread "G1 Conc#0" [stack: 0x000000d68ce00000,0x000000d68cf00000] [id=21772]
  0x000002385a80e700 ConcurrentGCThread "G1 Refine#0" [stack: 0x000000d68cf00000,0x000000d68d000000] [id=984]
  0x000002387d226100 ConcurrentGCThread "G1 Service" [stack: 0x000000d68d000000,0x000000d68d100000] [id=13672]

Threads with active compile tasks:
C2 CompilerThread0      921 1218   !   4       com.sun.javafx.css.ParsedValueImpl::readBinary (688 bytes)
C1 CompilerThread0      921 1470   !   3       jdk.internal.reflect.ReflectionFactory::checkInitted (100 bytes)

VM state: not at safepoint (normal execution)

VM Mutex/Monitor currently owned by a thread: None

Heap address: 0x0000000703000000, size: 4048 MB, Compressed Oops mode: Zero based, Oop shift amount: 3

CDS archive(s) mapped at: [0x0000000800000000-0x0000000800bc0000-0x0000000800bc0000), size 12320768, SharedBaseAddress: 0x0000000800000000, ArchiveRelocationMode: 0.
Compressed class space mapped at: 0x0000000800c00000-0x0000000840c00000, reserved size: 1073741824
Narrow klass base: 0x0000000800000000, Narrow klass shift: 0, Narrow klass range: 0x100000000

GC Precious Log:
 CPUs: 8 total, 8 available
 Memory: 16185M
 Large Page Support: Disabled
 NUMA Support: Disabled
 Compressed Oops: Enabled (Zero based)
 Heap Region Size: 2M
 Heap Min Capacity: 8M
 Heap Initial Capacity: 254M
 Heap Max Capacity: 4048M
 Pre-touch: Disabled
 Parallel Workers: 8
 Concurrent Workers: 2
 Concurrent Refinement Workers: 8
 Periodic GC: Disabled

Heap:
 garbage-first heap   total 260096K, used 27349K [0x0000000703000000, 0x0000000800000000)
  region size 2048K, 15 young (30720K), 2 survivors (4096K)
 Metaspace       used 11486K, committed 11776K, reserved 1064960K
  class space    used 1582K, committed 1728K, reserved 1048576K

Heap Regions: E=young(eden), S=young(survivor), O=old, HS=humongous(starts), HC=humongous(continues), CS=collection set, F=free, OA=open archive, CA=closed archive, TAMS=top-at-mark-start (previous, next)
|   0|0x0000000703000000, 0x0000000703000000, 0x0000000703200000|  0%| F|  |TAMS 0x0000000703000000, 0x0000000703000000| Untracked 
|   1|0x0000000703200000, 0x0000000703200000, 0x0000000703400000|  0%| F|  |TAMS 0x0000000703200000, 0x0000000703200000| Untracked 
|   2|0x0000000703400000, 0x0000000703400000, 0x0000000703600000|  0%| F|  |TAMS 0x0000000703400000, 0x0000000703400000| Untracked 
|   3|0x0000000703600000, 0x0000000703600000, 0x0000000703800000|  0%| F|  |TAMS 0x0000000703600000, 0x0000000703600000| Untracked 
|   4|0x0000000703800000, 0x0000000703800000, 0x0000000703a00000|  0%| F|  |TAMS 0x0000000703800000, 0x0000000703800000| Untracked 
|   5|0x0000000703a00000, 0x0000000703a00000, 0x0000000703c00000|  0%| F|  |TAMS 0x0000000703a00000, 0x0000000703a00000| Untracked 
|   6|0x0000000703c00000, 0x0000000703c00000, 0x0000000703e00000|  0%| F|  |TAMS 0x0000000703c00000, 0x0000000703c00000| Untracked 
|   7|0x0000000703e00000, 0x0000000703e00000, 0x0000000704000000|  0%| F|  |TAMS 0x0000000703e00000, 0x0000000703e00000| Untracked 
|   8|0x0000000704000000, 0x0000000704000000, 0x0000000704200000|  0%| F|  |TAMS 0x0000000704000000, 0x0000000704000000| Untracked 
|   9|0x0000000704200000, 0x0000000704200000, 0x0000000704400000|  0%| F|  |TAMS 0x0000000704200000, 0x0000000704200000| Untracked 
|  10|0x0000000704400000, 0x0000000704400000, 0x0000000704600000|  0%| F|  |TAMS 0x0000000704400000, 0x0000000704400000| Untracked 
|  11|0x0000000704600000, 0x0000000704600000, 0x0000000704800000|  0%| F|  |TAMS 0x0000000704600000, 0x0000000704600000| Untracked 
|  12|0x0000000704800000, 0x0000000704800000, 0x0000000704a00000|  0%| F|  |TAMS 0x0000000704800000, 0x0000000704800000| Untracked 
|  13|0x0000000704a00000, 0x0000000704a00000, 0x0000000704c00000|  0%| F|  |TAMS 0x0000000704a00000, 0x0000000704a00000| Untracked 
|  14|0x0000000704c00000, 0x0000000704c00000, 0x0000000704e00000|  0%| F|  |TAMS 0x0000000704c00000, 0x0000000704c00000| Untracked 
|  15|0x0000000704e00000, 0x0000000704e00000, 0x0000000705000000|  0%| F|  |TAMS 0x0000000704e00000, 0x0000000704e00000| Untracked 
|  16|0x0000000705000000, 0x0000000705000000, 0x0000000705200000|  0%| F|  |TAMS 0x0000000705000000, 0x0000000705000000| Untracked 
|  17|0x0000000705200000, 0x0000000705200000, 0x0000000705400000|  0%| F|  |TAMS 0x0000000705200000, 0x0000000705200000| Untracked 
|  18|0x0000000705400000, 0x0000000705400000, 0x0000000705600000|  0%| F|  |TAMS 0x0000000705400000, 0x0000000705400000| Untracked 
|  19|0x0000000705600000, 0x0000000705600000, 0x0000000705800000|  0%| F|  |TAMS 0x0000000705600000, 0x0000000705600000| Untracked 
|  20|0x0000000705800000, 0x0000000705800000, 0x0000000705a00000|  0%| F|  |TAMS 0x0000000705800000, 0x0000000705800000| Untracked 
|  21|0x0000000705a00000, 0x0000000705a00000, 0x0000000705c00000|  0%| F|  |TAMS 0x0000000705a00000, 0x0000000705a00000| Untracked 
|  22|0x0000000705c00000, 0x0000000705c00000, 0x0000000705e00000|  0%| F|  |TAMS 0x0000000705c00000, 0x0000000705c00000| Untracked 
|  23|0x0000000705e00000, 0x0000000705e00000, 0x0000000706000000|  0%| F|  |TAMS 0x0000000705e00000, 0x0000000705e00000| Untracked 
|  24|0x0000000706000000, 0x0000000706000000, 0x0000000706200000|  0%| F|  |TAMS 0x0000000706000000, 0x0000000706000000| Untracked 
|  25|0x0000000706200000, 0x0000000706200000, 0x0000000706400000|  0%| F|  |TAMS 0x0000000706200000, 0x0000000706200000| Untracked 
|  26|0x0000000706400000, 0x0000000706400000, 0x0000000706600000|  0%| F|  |TAMS 0x0000000706400000, 0x0000000706400000| Untracked 
|  27|0x0000000706600000, 0x0000000706600000, 0x0000000706800000|  0%| F|  |TAMS 0x0000000706600000, 0x0000000706600000| Untracked 
|  28|0x0000000706800000, 0x0000000706800000, 0x0000000706a00000|  0%| F|  |TAMS 0x0000000706800000, 0x0000000706800000| Untracked 
|  29|0x0000000706a00000, 0x0000000706a00000, 0x0000000706c00000|  0%| F|  |TAMS 0x0000000706a00000, 0x0000000706a00000| Untracked 
|  30|0x0000000706c00000, 0x0000000706c00000, 0x0000000706e00000|  0%| F|  |TAMS 0x0000000706c00000, 0x0000000706c00000| Untracked 
|  31|0x0000000706e00000, 0x0000000706e00000, 0x0000000707000000|  0%| F|  |TAMS 0x0000000706e00000, 0x0000000706e00000| Untracked 
|  32|0x0000000707000000, 0x0000000707000000, 0x0000000707200000|  0%| F|  |TAMS 0x0000000707000000, 0x0000000707000000| Untracked 
|  33|0x0000000707200000, 0x0000000707200000, 0x0000000707400000|  0%| F|  |TAMS 0x0000000707200000, 0x0000000707200000| Untracked 
|  34|0x0000000707400000, 0x0000000707400000, 0x0000000707600000|  0%| F|  |TAMS 0x0000000707400000, 0x0000000707400000| Untracked 
|  35|0x0000000707600000, 0x0000000707600000, 0x0000000707800000|  0%| F|  |TAMS 0x0000000707600000, 0x0000000707600000| Untracked 
|  36|0x0000000707800000, 0x0000000707800000, 0x0000000707a00000|  0%| F|  |TAMS 0x0000000707800000, 0x0000000707800000| Untracked 
|  37|0x0000000707a00000, 0x0000000707a00000, 0x0000000707c00000|  0%| F|  |TAMS 0x0000000707a00000, 0x0000000707a00000| Untracked 
|  38|0x0000000707c00000, 0x0000000707c00000, 0x0000000707e00000|  0%| F|  |TAMS 0x0000000707c00000, 0x0000000707c00000| Untracked 
|  39|0x0000000707e00000, 0x0000000707e00000, 0x0000000708000000|  0%| F|  |TAMS 0x0000000707e00000, 0x0000000707e00000| Untracked 
|  40|0x0000000708000000, 0x0000000708000000, 0x0000000708200000|  0%| F|  |TAMS 0x0000000708000000, 0x0000000708000000| Untracked 
|  41|0x0000000708200000, 0x0000000708200000, 0x0000000708400000|  0%| F|  |TAMS 0x0000000708200000, 0x0000000708200000| Untracked 
|  42|0x0000000708400000, 0x0000000708400000, 0x0000000708600000|  0%| F|  |TAMS 0x0000000708400000, 0x0000000708400000| Untracked 
|  43|0x0000000708600000, 0x0000000708600000, 0x0000000708800000|  0%| F|  |TAMS 0x0000000708600000, 0x0000000708600000| Untracked 
|  44|0x0000000708800000, 0x0000000708800000, 0x0000000708a00000|  0%| F|  |TAMS 0x0000000708800000, 0x0000000708800000| Untracked 
|  45|0x0000000708a00000, 0x0000000708a00000, 0x0000000708c00000|  0%| F|  |TAMS 0x0000000708a00000, 0x0000000708a00000| Untracked 
|  46|0x0000000708c00000, 0x0000000708c00000, 0x0000000708e00000|  0%| F|  |TAMS 0x0000000708c00000, 0x0000000708c00000| Untracked 
|  47|0x0000000708e00000, 0x0000000708e00000, 0x0000000709000000|  0%| F|  |TAMS 0x0000000708e00000, 0x0000000708e00000| Untracked 
|  48|0x0000000709000000, 0x0000000709000000, 0x0000000709200000|  0%| F|  |TAMS 0x0000000709000000, 0x0000000709000000| Untracked 
|  49|0x0000000709200000, 0x0000000709200000, 0x0000000709400000|  0%| F|  |TAMS 0x0000000709200000, 0x0000000709200000| Untracked 
|  50|0x0000000709400000, 0x0000000709400000, 0x0000000709600000|  0%| F|  |TAMS 0x0000000709400000, 0x0000000709400000| Untracked 
|  51|0x0000000709600000, 0x0000000709600000, 0x0000000709800000|  0%| F|  |TAMS 0x0000000709600000, 0x0000000709600000| Untracked 
|  52|0x0000000709800000, 0x0000000709800000, 0x0000000709a00000|  0%| F|  |TAMS 0x0000000709800000, 0x0000000709800000| Untracked 
|  53|0x0000000709a00000, 0x0000000709a00000, 0x0000000709c00000|  0%| F|  |TAMS 0x0000000709a00000, 0x0000000709a00000| Untracked 
|  54|0x0000000709c00000, 0x0000000709c00000, 0x0000000709e00000|  0%| F|  |TAMS 0x0000000709c00000, 0x0000000709c00000| Untracked 
|  55|0x0000000709e00000, 0x0000000709e00000, 0x000000070a000000|  0%| F|  |TAMS 0x0000000709e00000, 0x0000000709e00000| Untracked 
|  56|0x000000070a000000, 0x000000070a000000, 0x000000070a200000|  0%| F|  |TAMS 0x000000070a000000, 0x000000070a000000| Untracked 
|  57|0x000000070a200000, 0x000000070a200000, 0x000000070a400000|  0%| F|  |TAMS 0x000000070a200000, 0x000000070a200000| Untracked 
|  58|0x000000070a400000, 0x000000070a400000, 0x000000070a600000|  0%| F|  |TAMS 0x000000070a400000, 0x000000070a400000| Untracked 
|  59|0x000000070a600000, 0x000000070a600000, 0x000000070a800000|  0%| F|  |TAMS 0x000000070a600000, 0x000000070a600000| Untracked 
|  60|0x000000070a800000, 0x000000070a800000, 0x000000070aa00000|  0%| F|  |TAMS 0x000000070a800000, 0x000000070a800000| Untracked 
|  61|0x000000070aa00000, 0x000000070aa00000, 0x000000070ac00000|  0%| F|  |TAMS 0x000000070aa00000, 0x000000070aa00000| Untracked 
|  62|0x000000070ac00000, 0x000000070ac00000, 0x000000070ae00000|  0%| F|  |TAMS 0x000000070ac00000, 0x000000070ac00000| Untracked 
|  63|0x000000070ae00000, 0x000000070ae00000, 0x000000070b000000|  0%| F|  |TAMS 0x000000070ae00000, 0x000000070ae00000| Untracked 
|  64|0x000000070b000000, 0x000000070b000000, 0x000000070b200000|  0%| F|  |TAMS 0x000000070b000000, 0x000000070b000000| Untracked 
|  65|0x000000070b200000, 0x000000070b200000, 0x000000070b400000|  0%| F|  |TAMS 0x000000070b200000, 0x000000070b200000| Untracked 
|  66|0x000000070b400000, 0x000000070b400000, 0x000000070b600000|  0%| F|  |TAMS 0x000000070b400000, 0x000000070b400000| Untracked 
|  67|0x000000070b600000, 0x000000070b600000, 0x000000070b800000|  0%| F|  |TAMS 0x000000070b600000, 0x000000070b600000| Untracked 
|  68|0x000000070b800000, 0x000000070b800000, 0x000000070ba00000|  0%| F|  |TAMS 0x000000070b800000, 0x000000070b800000| Untracked 
|  69|0x000000070ba00000, 0x000000070ba00000, 0x000000070bc00000|  0%| F|  |TAMS 0x000000070ba00000, 0x000000070ba00000| Untracked 
|  70|0x000000070bc00000, 0x000000070bc00000, 0x000000070be00000|  0%| F|  |TAMS 0x000000070bc00000, 0x000000070bc00000| Untracked 
|  71|0x000000070be00000, 0x000000070be00000, 0x000000070c000000|  0%| F|  |TAMS 0x000000070be00000, 0x000000070be00000| Untracked 
|  72|0x000000070c000000, 0x000000070c000000, 0x000000070c200000|  0%| F|  |TAMS 0x000000070c000000, 0x000000070c000000| Untracked 
|  73|0x000000070c200000, 0x000000070c200000, 0x000000070c400000|  0%| F|  |TAMS 0x000000070c200000, 0x000000070c200000| Untracked 
|  74|0x000000070c400000, 0x000000070c400000, 0x000000070c600000|  0%| F|  |TAMS 0x000000070c400000, 0x000000070c400000| Untracked 
|  75|0x000000070c600000, 0x000000070c600000, 0x000000070c800000|  0%| F|  |TAMS 0x000000070c600000, 0x000000070c600000| Untracked 
|  76|0x000000070c800000, 0x000000070c800000, 0x000000070ca00000|  0%| F|  |TAMS 0x000000070c800000, 0x000000070c800000| Untracked 
|  77|0x000000070ca00000, 0x000000070ca00000, 0x000000070cc00000|  0%| F|  |TAMS 0x000000070ca00000, 0x000000070ca00000| Untracked 
|  78|0x000000070cc00000, 0x000000070cc00000, 0x000000070ce00000|  0%| F|  |TAMS 0x000000070cc00000, 0x000000070cc00000| Untracked 
|  79|0x000000070ce00000, 0x000000070ce00000, 0x000000070d000000|  0%| F|  |TAMS 0x000000070ce00000, 0x000000070ce00000| Untracked 
|  80|0x000000070d000000, 0x000000070d000000, 0x000000070d200000|  0%| F|  |TAMS 0x000000070d000000, 0x000000070d000000| Untracked 
|  81|0x000000070d200000, 0x000000070d200000, 0x000000070d400000|  0%| F|  |TAMS 0x000000070d200000, 0x000000070d200000| Untracked 
|  82|0x000000070d400000, 0x000000070d400000, 0x000000070d600000|  0%| F|  |TAMS 0x000000070d400000, 0x000000070d400000| Untracked 
|  83|0x000000070d600000, 0x000000070d600000, 0x000000070d800000|  0%| F|  |TAMS 0x000000070d600000, 0x000000070d600000| Untracked 
|  84|0x000000070d800000, 0x000000070d800000, 0x000000070da00000|  0%| F|  |TAMS 0x000000070d800000, 0x000000070d800000| Untracked 
|  85|0x000000070da00000, 0x000000070da00000, 0x000000070dc00000|  0%| F|  |TAMS 0x000000070da00000, 0x000000070da00000| Untracked 
|  86|0x000000070dc00000, 0x000000070dc00000, 0x000000070de00000|  0%| F|  |TAMS 0x000000070dc00000, 0x000000070dc00000| Untracked 
|  87|0x000000070de00000, 0x000000070de00000, 0x000000070e000000|  0%| F|  |TAMS 0x000000070de00000, 0x000000070de00000| Untracked 
|  88|0x000000070e000000, 0x000000070e000000, 0x000000070e200000|  0%| F|  |TAMS 0x000000070e000000, 0x000000070e000000| Untracked 
|  89|0x000000070e200000, 0x000000070e200000, 0x000000070e400000|  0%| F|  |TAMS 0x000000070e200000, 0x000000070e200000| Untracked 
|  90|0x000000070e400000, 0x000000070e400000, 0x000000070e600000|  0%| F|  |TAMS 0x000000070e400000, 0x000000070e400000| Untracked 
|  91|0x000000070e600000, 0x000000070e600000, 0x000000070e800000|  0%| F|  |TAMS 0x000000070e600000, 0x000000070e600000| Untracked 
|  92|0x000000070e800000, 0x000000070e800000, 0x000000070ea00000|  0%| F|  |TAMS 0x000000070e800000, 0x000000070e800000| Untracked 
|  93|0x000000070ea00000, 0x000000070ea00000, 0x000000070ec00000|  0%| F|  |TAMS 0x000000070ea00000, 0x000000070ea00000| Untracked 
|  94|0x000000070ec00000, 0x000000070ec00000, 0x000000070ee00000|  0%| F|  |TAMS 0x000000070ec00000, 0x000000070ec00000| Untracked 
|  95|0x000000070ee00000, 0x000000070ee00000, 0x000000070f000000|  0%| F|  |TAMS 0x000000070ee00000, 0x000000070ee00000| Untracked 
|  96|0x000000070f000000, 0x000000070f000000, 0x000000070f200000|  0%| F|  |TAMS 0x000000070f000000, 0x000000070f000000| Untracked 
|  97|0x000000070f200000, 0x000000070f200000, 0x000000070f400000|  0%| F|  |TAMS 0x000000070f200000, 0x000000070f200000| Untracked 
|  98|0x000000070f400000, 0x000000070f400000, 0x000000070f600000|  0%| F|  |TAMS 0x000000070f400000, 0x000000070f400000| Untracked 
|  99|0x000000070f600000, 0x000000070f600000, 0x000000070f800000|  0%| F|  |TAMS 0x000000070f600000, 0x000000070f600000| Untracked 
| 100|0x000000070f800000, 0x000000070f800000, 0x000000070fa00000|  0%| F|  |TAMS 0x000000070f800000, 0x000000070f800000| Untracked 
| 101|0x000000070fa00000, 0x000000070fa00000, 0x000000070fc00000|  0%| F|  |TAMS 0x000000070fa00000, 0x000000070fa00000| Untracked 
| 102|0x000000070fc00000, 0x000000070fc00000, 0x000000070fe00000|  0%| F|  |TAMS 0x000000070fc00000, 0x000000070fc00000| Untracked 
| 103|0x000000070fe00000, 0x000000070fe00000, 0x0000000710000000|  0%| F|  |TAMS 0x000000070fe00000, 0x000000070fe00000| Untracked 
| 104|0x0000000710000000, 0x0000000710000000, 0x0000000710200000|  0%| F|  |TAMS 0x0000000710000000, 0x0000000710000000| Untracked 
| 105|0x0000000710200000, 0x0000000710200000, 0x0000000710400000|  0%| F|  |TAMS 0x0000000710200000, 0x0000000710200000| Untracked 
| 106|0x0000000710400000, 0x0000000710400000, 0x0000000710600000|  0%| F|  |TAMS 0x0000000710400000, 0x0000000710400000| Untracked 
| 107|0x0000000710600000, 0x0000000710600000, 0x0000000710800000|  0%| F|  |TAMS 0x0000000710600000, 0x0000000710600000| Untracked 
| 108|0x0000000710800000, 0x0000000710800000, 0x0000000710a00000|  0%| F|  |TAMS 0x0000000710800000, 0x0000000710800000| Untracked 
| 109|0x0000000710a00000, 0x0000000710a00000, 0x0000000710c00000|  0%| F|  |TAMS 0x0000000710a00000, 0x0000000710a00000| Untracked 
| 110|0x0000000710c00000, 0x0000000710c00000, 0x0000000710e00000|  0%| F|  |TAMS 0x0000000710c00000, 0x0000000710c00000| Untracked 
| 111|0x0000000710e00000, 0x0000000710e00000, 0x0000000711000000|  0%| F|  |TAMS 0x0000000710e00000, 0x0000000710e00000| Untracked 
| 112|0x0000000711000000, 0x00000007110d6378, 0x0000000711200000| 41%| E|  |TAMS 0x0000000711000000, 0x0000000711000000| Complete 
| 113|0x0000000711200000, 0x0000000711400000, 0x0000000711400000|100%| E|CS|TAMS 0x0000000711200000, 0x0000000711200000| Complete 
| 114|0x0000000711400000, 0x00000007114b5528, 0x0000000711600000| 35%| S|CS|TAMS 0x0000000711400000, 0x0000000711400000| Complete 
| 115|0x0000000711600000, 0x0000000711800000, 0x0000000711800000|100%| S|CS|TAMS 0x0000000711600000, 0x0000000711600000| Complete 
| 116|0x0000000711800000, 0x0000000711a00000, 0x0000000711a00000|100%| E|CS|TAMS 0x0000000711800000, 0x0000000711800000| Complete 
| 117|0x0000000711a00000, 0x0000000711c00000, 0x0000000711c00000|100%| E|CS|TAMS 0x0000000711a00000, 0x0000000711a00000| Complete 
| 118|0x0000000711c00000, 0x0000000711e00000, 0x0000000711e00000|100%| E|CS|TAMS 0x0000000711c00000, 0x0000000711c00000| Complete 
| 119|0x0000000711e00000, 0x0000000712000000, 0x0000000712000000|100%| E|CS|TAMS 0x0000000711e00000, 0x0000000711e00000| Complete 
| 120|0x0000000712000000, 0x0000000712200000, 0x0000000712200000|100%| E|CS|TAMS 0x0000000712000000, 0x0000000712000000| Complete 
| 121|0x0000000712200000, 0x0000000712400000, 0x0000000712400000|100%| E|CS|TAMS 0x0000000712200000, 0x0000000712200000| Complete 
| 122|0x0000000712400000, 0x0000000712600000, 0x0000000712600000|100%| E|CS|TAMS 0x0000000712400000, 0x0000000712400000| Complete 
| 123|0x0000000712600000, 0x0000000712800000, 0x0000000712800000|100%| E|CS|TAMS 0x0000000712600000, 0x0000000712600000| Complete 
| 124|0x0000000712800000, 0x0000000712a00000, 0x0000000712a00000|100%| E|CS|TAMS 0x0000000712800000, 0x0000000712800000| Complete 
| 125|0x0000000712a00000, 0x0000000712c00000, 0x0000000712c00000|100%| E|CS|TAMS 0x0000000712a00000, 0x0000000712a00000| Complete 
| 126|0x0000000712c00000, 0x0000000712e00000, 0x0000000712e00000|100%| E|CS|TAMS 0x0000000712c00000, 0x0000000712c00000| Complete 

Card table byte_map: [0x0000023871ac0000,0x00000238722b0000] _byte_map_base: 0x000002386e2a8000

Marking Bits (Prev, Next): (CMBitMap*) 0x000002385a7800c0, (CMBitMap*) 0x000002385a780100
 Prev Bits: [0x0000023872aa0000, 0x00000238769e0000)
 Next Bits: [0x00000238769e0000, 0x000002387a920000)

Polling page: 0x00000238586d0000

Metaspace:

Usage:
  Non-class:      9.68 MB used.
      Class:      1.55 MB used.
       Both:     11.24 MB used.

Virtual space:
  Non-class space:       16.00 MB reserved,       9.81 MB ( 61%) committed,  2 nodes.
      Class space:        1.00 GB reserved,       1.69 MB ( <1%) committed,  1 nodes.
             Both:        1.02 GB reserved,      11.50 MB (  1%) committed. 

Chunk freelists:
   Non-Class:  1.95 MB
       Class:  2.30 MB
        Both:  4.25 MB

MaxMetaspaceSize: unlimited
CompressedClassSpaceSize: 1.00 GB
Initial GC threshold: 21.00 MB
Current GC threshold: 21.00 MB
CDS: on
MetaspaceReclaimPolicy: balanced
 - commit_granule_bytes: 65536.
 - commit_granule_words: 8192.
 - virtual_space_node_default_size: 1048576.
 - enlarge_chunks_in_place: 1.
 - new_chunks_are_fully_committed: 0.
 - uncommit_free_chunks: 1.
 - use_allocation_guard: 0.
 - handle_deallocations: 1.


Internal statistics:

num_allocs_failed_limit: 0.
num_arena_births: 156.
num_arena_deaths: 0.
num_vsnodes_births: 3.
num_vsnodes_deaths: 0.
num_space_committed: 184.
num_space_uncommitted: 0.
num_chunks_returned_to_freelist: 0.
num_chunks_taken_from_freelist: 498.
num_chunk_merges: 0.
num_chunk_splits: 341.
num_chunks_enlarged: 261.
num_purges: 0.
num_inconsistent_stats: 0.

CodeHeap 'non-profiled nmethods': size=120000Kb used=525Kb max_used=525Kb free=119474Kb
 bounds [0x0000023869a60000, 0x0000023869cd0000, 0x0000023870f90000]
CodeHeap 'profiled nmethods': size=120000Kb used=2603Kb max_used=2603Kb free=117396Kb
 bounds [0x0000023862530000, 0x00000238627c0000, 0x0000023869a60000]
CodeHeap 'non-nmethods': size=5760Kb used=1340Kb max_used=1354Kb free=4419Kb
 bounds [0x0000023861f90000, 0x0000023862200000, 0x0000023862530000]
 total_blobs=2154 nmethods=1474 adapters=593
 compilation: enabled
              stopped_count=0, restarted_count=0
 full_count=0

Compilation events (20 events):
Event: 0.873 Thread 0x000002387d397e60 1430       3       jdk.internal.org.objectweb.asm.MethodWriter::visitFrameEnd (53 bytes)
Event: 0.873 Thread 0x000002387d397e60 nmethod 1430 0x00000238627abc90 code [0x00000238627abe60, 0x00000238627ac368]
Event: 0.876 Thread 0x000002387de68dc0 1431       4       java.lang.AbstractStringBuilder::append (45 bytes)
Event: 0.879 Thread 0x000002387d397e60 1432       3       jdk.internal.misc.Unsafe::getAndAddInt (27 bytes)
Event: 0.879 Thread 0x000002387d397e60 nmethod 1432 0x00000238627ac490 code [0x00000238627ac640, 0x00000238627ac888]
Event: 0.879 Thread 0x000002387d397e60 1433       3       java.util.regex.Pattern::has (15 bytes)
Event: 0.879 Thread 0x000002387d397e60 nmethod 1433 0x00000238627ac990 code [0x00000238627acb20, 0x00000238627acc98]
Event: 0.880 Thread 0x000002387d397e60 1434       3       java.lang.invoke.MethodHandles$Lookup$ClassFile::<init> (20 bytes)
Event: 0.881 Thread 0x000002387d397e60 nmethod 1434 0x00000238627acd10 code [0x00000238627acec0, 0x00000238627ad0f8]
Event: 0.881 Thread 0x000002387d397e60 1435       3       java.lang.invoke.MethodHandles$Lookup::makeHiddenClassDefiner (42 bytes)
Event: 0.881 Thread 0x000002387d397e60 nmethod 1435 0x00000238627ad190 code [0x00000238627ad440, 0x00000238627ae358]
Event: 0.882 Thread 0x000002387d397e60 1436       3       java.lang.invoke.MethodHandles$Lookup$ClassDefiner::<init> (58 bytes)
Event: 0.882 Thread 0x000002387de68dc0 nmethod 1431 0x0000023869ade990 code [0x0000023869adeb40, 0x0000023869adf358]
Event: 0.882 Thread 0x000002387d397e60 nmethod 1436 0x00000238627ae890 code [0x00000238627aea40, 0x00000238627aecf8]
Event: 0.882 Thread 0x000002387d397e60 1437       3       sun.invoke.util.VerifyAccess::getClassModifiers (24 bytes)
Event: 0.882 Thread 0x000002387d397e60 nmethod 1437 0x00000238627aee10 code [0x00000238627aefc0, 0x00000238627af218]
Event: 0.889 Thread 0x000002387d397e60 1438       3       java.lang.invoke.InfoFromMemberName::getModifiers (8 bytes)
Event: 0.889 Thread 0x000002387d397e60 nmethod 1438 0x00000238627af310 code [0x00000238627af4a0, 0x00000238627af618]
Event: 0.891 Thread 0x000002387d397e60 1439       3       java.lang.invoke.MethodHandles$Lookup::getDirectMethodNoSecurityManager (18 bytes)
Event: 0.891 Thread 0x000002387d397e60 nmethod 1439 0x00000238627af710 code [0x00000238627af8a0, 0x00000238627af9e8]

GC Heap History (2 events):
Event: 0.516 GC heap before
{Heap before GC invocations=0 (full 0):
 garbage-first heap   total 260096K, used 22528K [0x0000000703000000, 0x0000000800000000)
  region size 2048K, 11 young (22528K), 0 survivors (0K)
 Metaspace       used 5173K, committed 5376K, reserved 1056768K
  class space    used 616K, committed 704K, reserved 1048576K
}
Event: 0.519 GC heap after
{Heap after GC invocations=1 (full 0):
 garbage-first heap   total 260096K, used 2773K [0x0000000703000000, 0x0000000800000000)
  region size 2048K, 2 young (4096K), 2 survivors (4096K)
 Metaspace       used 5173K, committed 5376K, reserved 1056768K
  class space    used 616K, committed 704K, reserved 1048576K
}

Deoptimization events (20 events):
Event: 0.731 Thread 0x000002387e84e7a0 DEOPT PACKING pc=0x0000023869a6a930 sp=0x000000d68e3fcea0
Event: 0.731 Thread 0x000002387e84e7a0 DEOPT UNPACKING pc=0x0000023861fe23a3 sp=0x000000d68e3fcdd0 mode 2
Event: 0.741 Thread 0x000002387e84e7a0 Uncommon trap: trap_request=0xffffff45 fr.pc=0x0000023869a6a520 relative=0x00000000000001a0
Event: 0.741 Thread 0x000002387e84e7a0 Uncommon trap: reason=unstable_if action=reinterpret pc=0x0000023869a6a520 method=java.lang.String.equals(Ljava/lang/Object;)Z @ 33 c2
Event: 0.741 Thread 0x000002387e84e7a0 DEOPT PACKING pc=0x0000023869a6a520 sp=0x000000d68e3fdd30
Event: 0.741 Thread 0x000002387e84e7a0 DEOPT UNPACKING pc=0x0000023861fe23a3 sp=0x000000d68e3fdcd0 mode 2
Event: 0.778 Thread 0x000002387e84e7a0 DEOPT PACKING pc=0x00000238626eab56 sp=0x000000d68e3fd5f0
Event: 0.778 Thread 0x000002387e84e7a0 DEOPT UNPACKING pc=0x0000023861fe2b43 sp=0x000000d68e3fca78 mode 0
Event: 0.783 Thread 0x000002387e84e7a0 Uncommon trap: trap_request=0xffffff45 fr.pc=0x0000023869a9ca68 relative=0x0000000000000148
Event: 0.783 Thread 0x000002387e84e7a0 Uncommon trap: reason=unstable_if action=reinterpret pc=0x0000023869a9ca68 method=java.lang.String.startsWith(Ljava/lang/String;I)Z @ 50 c2
Event: 0.783 Thread 0x000002387e84e7a0 DEOPT PACKING pc=0x0000023869a9ca68 sp=0x000000d68e3fe000
Event: 0.783 Thread 0x000002387e84e7a0 DEOPT UNPACKING pc=0x0000023861fe23a3 sp=0x000000d68e3fdf60 mode 2
Event: 0.785 Thread 0x000002387e84e7a0 Uncommon trap: trap_request=0xffffffc6 fr.pc=0x0000023869ab3bd8 relative=0x00000000000005f8
Event: 0.785 Thread 0x000002387e84e7a0 Uncommon trap: reason=bimorphic_or_optimized_type_check action=maybe_recompile pc=0x0000023869ab3bd8 method=java.util.concurrent.ConcurrentHashMap.get(Ljava/lang/Object;)Ljava/lang/Object; @ 149 c2
Event: 0.785 Thread 0x000002387e84e7a0 DEOPT PACKING pc=0x0000023869ab3bd8 sp=0x000000d68e3fd610
Event: 0.785 Thread 0x000002387e84e7a0 DEOPT UNPACKING pc=0x0000023861fe23a3 sp=0x000000d68e3fd5b0 mode 2
Event: 0.843 Thread 0x000002387e84e7a0 Uncommon trap: trap_request=0xffffff45 fr.pc=0x0000023869accb7c relative=0x000000000000073c
Event: 0.843 Thread 0x000002387e84e7a0 Uncommon trap: reason=unstable_if action=reinterpret pc=0x0000023869accb7c method=java.util.HashMap.hash(Ljava/lang/Object;)I @ 1 c2
Event: 0.843 Thread 0x000002387e84e7a0 DEOPT PACKING pc=0x0000023869accb7c sp=0x000000d68e3fd930
Event: 0.843 Thread 0x000002387e84e7a0 DEOPT UNPACKING pc=0x0000023861fe23a3 sp=0x000000d68e3fd7d8 mode 2

Classes unloaded (0 events):
No events

Classes redefined (0 events):
No events

Internal exceptions (20 events):
Event: 0.395 Thread 0x000002385a7305d0 Exception <a 'java/lang/NoSuchMethodError'{0x00000007121b2ac8}: 'int java.lang.invoke.DirectMethodHandle$Holder.invokeStaticInit(java.lang.Object, java.lang.Object, java.lang.Object)'> (0x00000007121b2ac8) 
thrown [t:\workspace\open\src\hotspot\share\interpreter\linkResolver.cpp, line 766]
Event: 0.414 Thread 0x000002385a7305d0 Exception <a 'java/lang/NoSuchMethodError'{0x0000000711f1f0d8}: 'java.lang.Object java.lang.invoke.DirectMethodHandle$Holder.newInvokeSpecial(java.lang.Object, java.lang.Object, int, java.lang.Object)'> (0x0000000711f1f0d8) 
thrown [t:\workspace\open\src\hotspot\share\interpreter\linkResolver.cpp, line 766]
Event: 0.415 Thread 0x000002385a7305d0 Exception <a 'java/lang/NoSuchMethodError'{0x0000000711f234b8}: 'java.lang.Object java.lang.invoke.DirectMethodHandle$Holder.invokeSpecial(java.lang.Object, java.lang.Object, java.lang.Object, int, java.lang.Object)'> (0x0000000711f234b8) 
thrown [t:\workspace\open\src\hotspot\share\interpreter\linkResolver.cpp, line 766]
Event: 0.467 Thread 0x000002387e84e7a0 Exception <a 'java/lang/NoSuchMethodError'{0x0000000711dcc6c0}: 'void java.lang.invoke.DirectMethodHandle$Holder.invokeStaticInit(java.lang.Object)'> (0x0000000711dcc6c0) 
thrown [t:\workspace\open\src\hotspot\share\interpreter\linkResolver.cpp, line 766]
Event: 0.469 Thread 0x000002385a7305d0 Exception <a 'java/lang/NoSuchMethodError'{0x0000000711f386b8}: 'java.lang.Object java.lang.invoke.DirectMethodHandle$Holder.newInvokeSpecial(java.lang.Object, java.lang.Object, java.lang.Object, java.lang.Object, java.lang.Object, java.lang.Object)'> (0x0000000711f386b8) 
thrown [t:\workspace\open\src\hotspot\share\interpreter\linkResolver.cpp, line 766]
Event: 0.483 Thread 0x000002385a7305d0 Exception <a 'java/lang/NoSuchMethodError'{0x0000000711a7ce40}: 'java.lang.Object java.lang.invoke.DirectMethodHandle$Holder.newInvokeSpecial(java.lang.Object, java.lang.Object, java.lang.Object, java.lang.Object, java.lang.Object)'> (0x0000000711a7ce40) 
thrown [t:\workspace\open\src\hotspot\share\interpreter\linkResolver.cpp, line 766]
Event: 0.484 Thread 0x000002387e8390c0 Exception <a 'java/lang/NoSuchMethodError'{0x0000000711aea118}: 'void java.lang.invoke.DirectMethodHandle$Holder.invokeStatic(java.lang.Object, java.lang.Object, java.lang.Object, java.lang.Object)'> (0x0000000711aea118) 
thrown [t:\workspace\open\src\hotspot\share\interpreter\linkResolver.cpp, line 766]
Event: 0.534 Thread 0x000002387e84e7a0 Exception <a 'sun/nio/fs/WindowsException'{0x0000000712ded960}> (0x0000000712ded960) 
thrown [t:\workspace\open\src\hotspot\share\prims\jni.cpp, line 516]
Event: 0.572 Thread 0x000002387e84e7a0 Exception <a 'java/lang/NoSuchMethodError'{0x00000007128a6740}: 'java.lang.Object java.lang.invoke.DirectMethodHandle$Holder.invokeStaticInit(java.lang.Object, java.lang.Object, java.lang.Object, java.lang.Object)'> (0x00000007128a6740) 
thrown [t:\workspace\open\src\hotspot\share\interpreter\linkResolver.cpp, line 766]
Event: 0.573 Thread 0x000002387e84e7a0 Exception <a 'java/lang/NullPointerException'{0x00000007128b2408}> (0x00000007128b2408) 
thrown [t:\workspace\open\src\hotspot\share\interpreter\linkResolver.cpp, line 1357]
Event: 0.581 Thread 0x000002387e84e7a0 Exception <a 'sun/nio/fs/WindowsException'{0x000000071291b890}> (0x000000071291b890) 
thrown [t:\workspace\open\src\hotspot\share\prims\jni.cpp, line 516]
Event: 0.595 Thread 0x000002387e84e7a0 Exception <a 'sun/nio/fs/WindowsException'{0x00000007129a0780}> (0x00000007129a0780) 
thrown [t:\workspace\open\src\hotspot\share\prims\jni.cpp, line 516]
Event: 0.602 Thread 0x000002387e84e7a0 Exception <a 'java/lang/ClassNotFoundException'{0x00000007129b8e30}: sun/util/logging/resources/spi/loggingProvider> (0x00000007129b8e30) 
thrown [t:\workspace\open\src\hotspot\share\classfile\systemDictionary.cpp, line 256]
Event: 0.648 Thread 0x000002387e84e7a0 Exception <a 'java/lang/ClassNotFoundException'{0x0000000712435930}: com/sun/glass/ui/win/themes> (0x0000000712435930) 
thrown [t:\workspace\open\src\hotspot\share\prims\jni.cpp, line 535]
Event: 0.649 Thread 0x000002387e84e7a0 Exception <a 'java/lang/ClassNotFoundException'{0x000000071243dbc8}: com/sun/glass/ui/win/themes_ru> (0x000000071243dbc8) 
thrown [t:\workspace\open\src\hotspot\share\prims\jni.cpp, line 535]
Event: 0.650 Thread 0x000002387e84e7a0 Exception <a 'java/lang/ClassNotFoundException'{0x000000071243ea10}: com/sun/glass/ui/win/themes_ru_RU> (0x000000071243ea10) 
thrown [t:\workspace\open\src\hotspot\share\prims\jni.cpp, line 535]
Event: 0.715 Thread 0x000002387e84e7a0 Exception <a 'java/lang/NoSuchMethodError'{0x000000071213ff60}: 'void java.lang.invoke.DirectMethodHandle$Holder.invokeStaticInit(java.lang.Object, java.lang.Object)'> (0x000000071213ff60) 
thrown [t:\workspace\open\src\hotspot\share\interpreter\linkResolver.cpp, line 766]
Event: 0.729 Thread 0x000002387e84e7a0 Exception <a 'sun/nio/fs/WindowsException'{0x0000000711ec1e40}> (0x0000000711ec1e40) 
thrown [t:\workspace\open\src\hotspot\share\prims\jni.cpp, line 516]
Event: 0.792 Thread 0x000002387e84e7a0 Exception <a 'java/lang/NoSuchMethodError'{0x0000000711d4f948}: 'void java.lang.invoke.DirectMethodHandle$Holder.invokeSpecial(java.lang.Object, java.lang.Object, java.lang.Object, java.lang.Object, java.lang.Object)'> (0x0000000711d4f948) 
thrown [t:\workspace\open\src\hotspot\share\interpreter\linkResolver.cpp, line 766]
Event: 0.843 Thread 0x000002387e84e7a0 Implicit null exception at 0x0000023869acc48d to 0x0000023869accb60

VM Operations (14 events):
Event: 0.103 Executing VM operation: HandshakeAllThreads
Event: 0.103 Executing VM operation: HandshakeAllThreads done
Event: 0.103 Executing VM operation: HandshakeAllThreads
Event: 0.103 Executing VM operation: HandshakeAllThreads done
Event: 0.128 Executing VM operation: HandshakeAllThreads
Event: 0.128 Executing VM operation: HandshakeAllThreads done
Event: 0.404 Executing VM operation: HandshakeAllThreads
Event: 0.404 Executing VM operation: HandshakeAllThreads done
Event: 0.516 Executing VM operation: G1CollectForAllocation
Event: 0.519 Executing VM operation: G1CollectForAllocation done
Event: 0.614 Executing VM operation: HandshakeAllThreads
Event: 0.614 Executing VM operation: HandshakeAllThreads done
Event: 0.672 Executing VM operation: HandshakeAllThreads
Event: 0.672 Executing VM operation: HandshakeAllThreads done

Events (20 events):
Event: 0.786 loading class sun/reflect/generics/tree/ClassSignature done
Event: 0.786 loading class sun/reflect/generics/tree/TypeVariableSignature
Event: 0.786 loading class sun/reflect/generics/tree/TypeVariableSignature done
Event: 0.786 loading class sun/reflect/generics/reflectiveObjects/TypeVariableImpl
Event: 0.786 loading class sun/reflect/generics/reflectiveObjects/LazyReflectiveObjectGenerator
Event: 0.786 loading class sun/reflect/generics/reflectiveObjects/LazyReflectiveObjectGenerator done
Event: 0.786 loading class sun/reflect/generics/reflectiveObjects/TypeVariableImpl done
Event: 0.799 Thread 0x000002387e9473d0 Thread added: 0x000002387e9473d0
Event: 0.805 loading class jdk/internal/math/FDBigInteger
Event: 0.806 loading class jdk/internal/math/FDBigInteger done
Event: 0.810 loading class com/sun/org/apache/xerces/internal/impl/io/MalformedByteSequenceException
Event: 0.810 loading class java/io/CharConversionException
Event: 0.810 loading class java/io/CharConversionException done
Event: 0.810 loading class com/sun/org/apache/xerces/internal/impl/io/MalformedByteSequenceException done
Event: 0.823 loading class java/io/CharArrayReader
Event: 0.823 loading class java/io/CharArrayReader done
Event: 0.874 loading class java/lang/StrictMath
Event: 0.874 loading class java/lang/StrictMath done
Event: 0.891 loading class jdk/jfr/FlightRecorder
Event: 0.891 loading class jdk/jfr/FlightRecorder done


Dynamic libraries:
0x00007ff6654b0000 - 0x00007ff6654c0000 	C:\Program Files\Java\jdk-17.0.2\bin\java.exe
0x00007ffdc2170000 - 0x00007ffdc2368000 	C:\WINDOWS\SYSTEM32\ntdll.dll
0x00007ffdc0ab0000 - 0x00007ffdc0b6d000 	C:\WINDOWS\System32\KERNEL32.DLL
0x00007ffdbf9c0000 - 0x00007ffdbfc8e000 	C:\WINDOWS\System32\KERNELBASE.dll
0x00007ffdbfed0000 - 0x00007ffdbffd0000 	C:\WINDOWS\System32\ucrtbase.dll
0x00007ffdaa950000 - 0x00007ffdaa968000 	C:\Program Files\Java\jdk-17.0.2\bin\jli.dll
0x00007ffdafbe0000 - 0x00007ffdafbfa000 	C:\Program Files\Java\jdk-17.0.2\bin\VCRUNTIME140.dll
0x00007ffdc1d80000 - 0x00007ffdc1e2e000 	C:\WINDOWS\System32\ADVAPI32.dll
0x00007ffdc1950000 - 0x00007ffdc19ee000 	C:\WINDOWS\System32\msvcrt.dll
0x00007ffdc01d0000 - 0x00007ffdc026c000 	C:\WINDOWS\System32\sechost.dll
0x00007ffdc1bf0000 - 0x00007ffdc1d15000 	C:\WINDOWS\System32\RPCRT4.dll
0x00007ffdc1f90000 - 0x00007ffdc2130000 	C:\WINDOWS\System32\USER32.dll
0x00007ffdbfe10000 - 0x00007ffdbfe32000 	C:\WINDOWS\System32\win32u.dll
0x00007ffda3580000 - 0x00007ffda381a000 	C:\WINDOWS\WinSxS\amd64_microsoft.windows.common-controls_6595b64144ccf1df_6.0.19041.1110_none_60b5254171f9507e\COMCTL32.dll
0x00007ffdc19f0000 - 0x00007ffdc1a1a000 	C:\WINDOWS\System32\GDI32.dll
0x00007ffdbfd00000 - 0x00007ffdbfe0b000 	C:\WINDOWS\System32\gdi32full.dll
0x00007ffdbffd0000 - 0x00007ffdc006d000 	C:\WINDOWS\System32\msvcp_win.dll
0x00007ffdb8570000 - 0x00007ffdb857a000 	C:\WINDOWS\SYSTEM32\VERSION.dll
0x00007ffdc09e0000 - 0x00007ffdc0a10000 	C:\WINDOWS\System32\IMM32.DLL
0x00007ffdb4500000 - 0x00007ffdb450c000 	C:\Program Files\Java\jdk-17.0.2\bin\vcruntime140_1.dll
0x00007ffd95ab0000 - 0x00007ffd95b3d000 	C:\Program Files\Java\jdk-17.0.2\bin\msvcp140.dll
0x00007ffd6d110000 - 0x00007ffd6dcd1000 	C:\Program Files\Java\jdk-17.0.2\bin\server\jvm.dll
0x00007ffdc18b0000 - 0x00007ffdc18b8000 	C:\WINDOWS\System32\PSAPI.DLL
0x00007ffdbad80000 - 0x00007ffdbad89000 	C:\WINDOWS\SYSTEM32\WSOCK32.dll
0x00007ffdaca00000 - 0x00007ffdaca27000 	C:\WINDOWS\SYSTEM32\WINMM.dll
0x00007ffdc1840000 - 0x00007ffdc18ab000 	C:\WINDOWS\System32\WS2_32.dll
0x00007ffdbe120000 - 0x00007ffdbe132000 	C:\WINDOWS\SYSTEM32\kernel.appcore.dll
0x00007ffdaaa40000 - 0x00007ffdaaa4a000 	C:\Program Files\Java\jdk-17.0.2\bin\jimage.dll
0x00007ffdbbd20000 - 0x00007ffdbbf04000 	C:\WINDOWS\SYSTEM32\DBGHELP.DLL
0x00007ffdaca70000 - 0x00007ffdaca9c000 	C:\WINDOWS\SYSTEM32\dbgcore.DLL
0x00007ffdbfe40000 - 0x00007ffdbfec2000 	C:\WINDOWS\System32\bcryptPrimitives.dll
0x00007ffdbadb0000 - 0x00007ffdbadbe000 	C:\Program Files\Java\jdk-17.0.2\bin\instrument.dll
0x00007ffd9f080000 - 0x00007ffd9f0a5000 	C:\Program Files\Java\jdk-17.0.2\bin\java.dll
0x00007ffd952d0000 - 0x00007ffd953a6000 	C:\Program Files\Java\jdk-17.0.2\bin\jsvml.dll
0x00007ffdc1090000 - 0x00007ffdc17d3000 	C:\WINDOWS\System32\SHELL32.dll
0x00007ffdbd940000 - 0x00007ffdbe0d5000 	C:\WINDOWS\SYSTEM32\windows.storage.dll
0x00007ffdc0270000 - 0x00007ffdc05c4000 	C:\WINDOWS\System32\combase.dll
0x00007ffdbf2f0000 - 0x00007ffdbf320000 	C:\WINDOWS\SYSTEM32\Wldp.dll
0x00007ffdc0fe0000 - 0x00007ffdc108d000 	C:\WINDOWS\System32\SHCORE.dll
0x00007ffdc17e0000 - 0x00007ffdc1835000 	C:\WINDOWS\System32\shlwapi.dll
0x00007ffdbf7d0000 - 0x00007ffdbf7ef000 	C:\WINDOWS\SYSTEM32\profapi.dll
0x00007ffd9ec30000 - 0x00007ffd9ec49000 	C:\Program Files\Java\jdk-17.0.2\bin\net.dll
0x00007ffdb0520000 - 0x00007ffdb062a000 	C:\WINDOWS\SYSTEM32\WINHTTP.dll
0x00007ffdbf050000 - 0x00007ffdbf0ba000 	C:\WINDOWS\system32\mswsock.dll
0x00007ffd9ec10000 - 0x00007ffd9ec26000 	C:\Program Files\Java\jdk-17.0.2\bin\nio.dll
0x00007ffd9ebf0000 - 0x00007ffd9ec08000 	C:\Program Files\Java\jdk-17.0.2\bin\zip.dll
0x00007ffdb9ca0000 - 0x00007ffdb9cba000 	E:\IntelliJ IDEA PRO\IntelliJ IDEA 2022.2.3\bin\breakgen64.dll
0x0000023858720000 - 0x0000023858723000 	C:\Users\User\.openjfx\cache\17.0.2-ea\api-ms-win-core-console-l1-1-0.dll
0x0000023858730000 - 0x0000023858733000 	C:\Users\User\.openjfx\cache\17.0.2-ea\api-ms-win-core-console-l1-2-0.dll
0x0000023858740000 - 0x0000023858743000 	C:\Users\User\.openjfx\cache\17.0.2-ea\api-ms-win-core-datetime-l1-1-0.dll
0x0000023858750000 - 0x0000023858753000 	C:\Users\User\.openjfx\cache\17.0.2-ea\api-ms-win-core-debug-l1-1-0.dll
0x000002385a6d0000 - 0x000002385a6d3000 	C:\Users\User\.openjfx\cache\17.0.2-ea\api-ms-win-core-errorhandling-l1-1-0.dll
0x000002385a6e0000 - 0x000002385a6e4000 	C:\Users\User\.openjfx\cache\17.0.2-ea\api-ms-win-core-file-l1-1-0.dll
0x000002385a6f0000 - 0x000002385a6f3000 	C:\Users\User\.openjfx\cache\17.0.2-ea\api-ms-win-core-file-l1-2-0.dll
0x000002385a700000 - 0x000002385a703000 	C:\Users\User\.openjfx\cache\17.0.2-ea\api-ms-win-core-file-l2-1-0.dll
0x000002387d3a0000 - 0x000002387d3a3000 	C:\Users\User\.openjfx\cache\17.0.2-ea\api-ms-win-core-handle-l1-1-0.dll
0x000002387d3b0000 - 0x000002387d3b3000 	C:\Users\User\.openjfx\cache\17.0.2-ea\api-ms-win-core-heap-l1-1-0.dll
0x000002387d3c0000 - 0x000002387d3c3000 	C:\Users\User\.openjfx\cache\17.0.2-ea\api-ms-win-core-interlocked-l1-1-0.dll
0x000002387d3d0000 - 0x000002387d3d3000 	C:\Users\User\.openjfx\cache\17.0.2-ea\api-ms-win-core-libraryloader-l1-1-0.dll
0x000002387d3e0000 - 0x000002387d3e3000 	C:\Users\User\.openjfx\cache\17.0.2-ea\api-ms-win-core-localization-l1-2-0.dll
0x000002387d3f0000 - 0x000002387d3f3000 	C:\Users\User\.openjfx\cache\17.0.2-ea\api-ms-win-core-memory-l1-1-0.dll
0x000002387f8e0000 - 0x000002387f8e3000 	C:\Users\User\.openjfx\cache\17.0.2-ea\api-ms-win-core-namedpipe-l1-1-0.dll
0x000002387f8f0000 - 0x000002387f8f3000 	C:\Users\User\.openjfx\cache\17.0.2-ea\api-ms-win-core-processenvironment-l1-1-0.dll
0x000002387f900000 - 0x000002387f903000 	C:\Users\User\.openjfx\cache\17.0.2-ea\api-ms-win-core-processthreads-l1-1-0.dll
0x000002387f910000 - 0x000002387f913000 	C:\Users\User\.openjfx\cache\17.0.2-ea\api-ms-win-core-processthreads-l1-1-1.dll
0x000002387f920000 - 0x000002387f923000 	C:\Users\User\.openjfx\cache\17.0.2-ea\api-ms-win-core-profile-l1-1-0.dll
0x000002387f930000 - 0x000002387f933000 	C:\Users\User\.openjfx\cache\17.0.2-ea\api-ms-win-core-rtlsupport-l1-1-0.dll
0x000002387f940000 - 0x000002387f943000 	C:\Users\User\.openjfx\cache\17.0.2-ea\api-ms-win-core-string-l1-1-0.dll
0x000002387f950000 - 0x000002387f953000 	C:\Users\User\.openjfx\cache\17.0.2-ea\api-ms-win-core-synch-l1-1-0.dll
0x000002387f960000 - 0x000002387f963000 	C:\Users\User\.openjfx\cache\17.0.2-ea\api-ms-win-core-synch-l1-2-0.dll
0x000002387f970000 - 0x000002387f973000 	C:\Users\User\.openjfx\cache\17.0.2-ea\api-ms-win-core-sysinfo-l1-1-0.dll
0x000002387f980000 - 0x000002387f983000 	C:\Users\User\.openjfx\cache\17.0.2-ea\api-ms-win-core-timezone-l1-1-0.dll
0x000002387f990000 - 0x000002387f993000 	C:\Users\User\.openjfx\cache\17.0.2-ea\api-ms-win-core-util-l1-1-0.dll
0x000002387f9a0000 - 0x000002387f9a3000 	C:\Users\User\.openjfx\cache\17.0.2-ea\api-ms-win-crt-conio-l1-1-0.dll
0x000002387f9b0000 - 0x000002387f9b4000 	C:\Users\User\.openjfx\cache\17.0.2-ea\api-ms-win-crt-convert-l1-1-0.dll
0x000002387f9c0000 - 0x000002387f9c3000 	C:\Users\User\.openjfx\cache\17.0.2-ea\api-ms-win-crt-environment-l1-1-0.dll
0x000002387f9d0000 - 0x000002387f9d3000 	C:\Users\User\.openjfx\cache\17.0.2-ea\api-ms-win-crt-filesystem-l1-1-0.dll
0x000002387f9e0000 - 0x000002387f9e3000 	C:\Users\User\.openjfx\cache\17.0.2-ea\api-ms-win-crt-heap-l1-1-0.dll
0x000002387f9f0000 - 0x000002387f9f3000 	C:\Users\User\.openjfx\cache\17.0.2-ea\api-ms-win-crt-locale-l1-1-0.dll
0x000002387fa00000 - 0x000002387fa05000 	C:\Users\User\.openjfx\cache\17.0.2-ea\api-ms-win-crt-math-l1-1-0.dll
0x000002387fa10000 - 0x000002387fa15000 	C:\Users\User\.openjfx\cache\17.0.2-ea\api-ms-win-crt-multibyte-l1-1-0.dll
0x000002387fa20000 - 0x000002387fa30000 	C:\Users\User\.openjfx\cache\17.0.2-ea\api-ms-win-crt-private-l1-1-0.dll
0x000002387fa30000 - 0x000002387fa33000 	C:\Users\User\.openjfx\cache\17.0.2-ea\api-ms-win-crt-process-l1-1-0.dll
0x000002387fa40000 - 0x000002387fa44000 	C:\Users\User\.openjfx\cache\17.0.2-ea\api-ms-win-crt-runtime-l1-1-0.dll
0x000002387fa50000 - 0x000002387fa54000 	C:\Users\User\.openjfx\cache\17.0.2-ea\api-ms-win-crt-stdio-l1-1-0.dll
0x000002387fa60000 - 0x000002387fa64000 	C:\Users\User\.openjfx\cache\17.0.2-ea\api-ms-win-crt-string-l1-1-0.dll
0x000002387fa70000 - 0x000002387fa73000 	C:\Users\User\.openjfx\cache\17.0.2-ea\api-ms-win-crt-time-l1-1-0.dll
0x000002387fa80000 - 0x000002387fa83000 	C:\Users\User\.openjfx\cache\17.0.2-ea\api-ms-win-crt-utility-l1-1-0.dll
0x00007ffda0260000 - 0x00007ffda035c000 	C:\Users\User\.openjfx\cache\17.0.2-ea\ucrtbase.dll
0x00007ffdb9ae0000 - 0x00007ffdb9afa000 	C:\Users\User\.openjfx\cache\17.0.2-ea\vcruntime140.dll
0x00007ffdb9b40000 - 0x00007ffdb9b4c000 	C:\Users\User\.openjfx\cache\17.0.2-ea\vcruntime140_1.dll
0x00007ffda22c0000 - 0x00007ffda234d000 	C:\Users\User\.openjfx\cache\17.0.2-ea\msvcp140.dll
0x00007ffdada20000 - 0x00007ffdada4a000 	C:\Users\User\.openjfx\cache\17.0.2-ea\prism_d3d.dll
0x00007ffd944b0000 - 0x00007ffd9467f000 	C:\WINDOWS\system32\d3d9.dll
0x00007ffdbd1f0000 - 0x00007ffdbd21f000 	C:\WINDOWS\SYSTEM32\dwmapi.dll
0x00007ffdbcf00000 - 0x00007ffdbcf9e000 	C:\WINDOWS\system32\uxtheme.dll
0x00007ffd81510000 - 0x00007ffd816dd000 	C:\WINDOWS\System32\DriverStore\FileRepository\iigd_dch.inf_amd64_5ff19bda550c7b73\igdumdim64.dll
0x00007ffdb52e0000 - 0x00007ffdb5400000 	C:\WINDOWS\System32\DriverStore\FileRepository\iigd_dch.inf_amd64_5ff19bda550c7b73\igdgmm64.dll
0x00007ffd644a0000 - 0x00007ffd680b1000 	C:\WINDOWS\System32\DriverStore\FileRepository\iigd_dch.inf_amd64_5ff19bda550c7b73\igd9dxva64.dll
0x00007ffdc06a0000 - 0x00007ffdc07ca000 	C:\WINDOWS\System32\OLE32.dll
0x00007ffdc05d0000 - 0x00007ffdc069d000 	C:\WINDOWS\System32\OLEAUT32.dll
0x00007ffda07c0000 - 0x00007ffda0802000 	C:\Users\User\.openjfx\cache\17.0.2-ea\glass.dll
0x00007ffdc1ea0000 - 0x00007ffdc1f7a000 	C:\WINDOWS\System32\COMDLG32.dll
0x00007ffdc1a20000 - 0x00007ffdc1b35000 	C:\WINDOWS\System32\MSCTF.dll
0x00007ffdad730000 - 0x00007ffdad751000 	C:\WINDOWS\System32\DriverStore\FileRepository\iigd_dch.inf_amd64_5ff19bda550c7b73\igdinfo64.dll
0x00007ffdb1030000 - 0x00007ffdb3390000 	C:\WINDOWS\System32\DriverStore\FileRepository\iigd_dch.inf_amd64_5ff19bda550c7b73\igc64.dll
0x00007ffdba5a0000 - 0x00007ffdba5db000 	C:\WINDOWS\SYSTEM32\dxcore.dll
0x00007ffdbf970000 - 0x00007ffdbf9be000 	C:\WINDOWS\System32\cfgmgr32.dll
0x00007ffdb94f0000 - 0x00007ffdb9504000 	C:\Users\User\.openjfx\cache\17.0.2-ea\javafx_font.dll
0x00007ffd99810000 - 0x00007ffd99a8f000 	C:\WINDOWS\SYSTEM32\dwrite.dll
0x00007ffdc1b40000 - 0x00007ffdc1be9000 	C:\WINDOWS\System32\clbcatq.dll
0x00007ffdb8860000 - 0x00007ffdb8a14000 	C:\WINDOWS\SYSTEM32\WindowsCodecs.dll
0x00007ffdbf940000 - 0x00007ffdbf967000 	C:\WINDOWS\System32\bcrypt.dll
0x00007ffd89ce0000 - 0x00007ffd89d1e000 	C:\WINDOWS\system32\dataexchange.dll
0x00007ffdbaf50000 - 0x00007ffdbb1b3000 	C:\WINDOWS\system32\d3d11.dll
0x00007ffdbc070000 - 0x00007ffdbc254000 	C:\WINDOWS\system32\dcomp.dll
0x00007ffdbe160000 - 0x00007ffdbe253000 	C:\WINDOWS\system32\dxgi.dll
0x00007ffdb8b00000 - 0x00007ffdb8d00000 	C:\WINDOWS\system32\twinapi.appcore.dll
0x00007ffda26f0000 - 0x00007ffda2724000 	C:\Program Files\Common Files\Microsoft Shared\Ink\rtscom.dll
0x00007ffd9bae0000 - 0x00007ffd9bbd9000 	C:\WINDOWS\SYSTEM32\textinputframework.dll
0x00007ffdbc6d0000 - 0x00007ffdbca2e000 	C:\WINDOWS\System32\CoreUIComponents.dll
0x00007ffdbca30000 - 0x00007ffdbcb22000 	C:\WINDOWS\System32\CoreMessaging.dll
0x00007ffdbe570000 - 0x00007ffdbe5a3000 	C:\WINDOWS\SYSTEM32\ntmarta.dll
0x00007ffdbbf10000 - 0x00007ffdbc064000 	C:\WINDOWS\SYSTEM32\wintypes.dll

dbghelp: loaded successfully - version: 4.0.5 - missing functions: none
symbol engine: initialized successfully - sym options: 0x614 - pdb path: .;C:\Program Files\Java\jdk-17.0.2\bin;C:\WINDOWS\SYSTEM32;C:\WINDOWS\WinSxS\amd64_microsoft.windows.common-controls_6595b64144ccf1df_6.0.19041.1110_none_60b5254171f9507e;C:\Program Files\Java\jdk-17.0.2\bin\server;E:\IntelliJ IDEA PRO\IntelliJ IDEA 2022.2.3\bin;C:\Users\User\.openjfx\cache\17.0.2-ea;C:\WINDOWS\System32\DriverStore\FileRepository\iigd_dch.inf_amd64_5ff19bda550c7b73;C:\Program Files\Common Files\Microsoft Shared\Ink

VM Arguments:
jvm_args: -javaagent:E:\IntelliJ IDEA PRO\IntelliJ IDEA 2022.2.3\lib\idea_rt.jar=59391:E:\IntelliJ IDEA PRO\IntelliJ IDEA 2022.2.3\bin -Dfile.encoding=UTF-8 --module-path=C:\Users\User\.m2\repository\org\openjfx\javafx-controls\17.0.2\javafx-controls-17.0.2-win.jar;C:\Users\User\.m2\repository\org\openjfx\javafx-fxml\17.0.2\javafx-fxml-17.0.2-win.jar;E:\ProgSP_course_project\Java\Course_project\target\classes;C:\Users\User\.m2\repository\org\openjfx\javafx-graphics\17.0.2\javafx-graphics-17.0.2-win.jar;C:\Users\User\.m2\repository\org\openjfx\javafx-base\17.0.2\javafx-base-17.0.2-win.jar -Djdk.module.main=com.example.course_project 
java_command: com.example.course_project/com.example.course_project.StartClient
java_class_path (initial): D:\mysql-connector-j-8.0.31\mysql-connector-j-8.0.31.jar;C:\Users\User\.m2\repository\org\openjfx\javafx-controls\17.0.2\javafx-controls-17.0.2.jar;C:\Users\User\.m2\repository\org\openjfx\javafx-graphics\17.0.2\javafx-graphics-17.0.2.jar;C:\Users\User\.m2\repository\org\openjfx\javafx-base\17.0.2\javafx-base-17.0.2.jar;C:\Users\User\.m2\repository\org\openjfx\javafx-fxml\17.0.2\javafx-fxml-17.0.2.jar
Launcher Type: SUN_STANDARD

[Global flags]
     intx CICompilerCount                          = 4                                         {product} {ergonomic}
     uint ConcGCThreads                            = 2                                         {product} {ergonomic}
     uint G1ConcRefinementThreads                  = 8                                         {product} {ergonomic}
   size_t G1HeapRegionSize                         = 2097152                                   {product} {ergonomic}
    uintx GCDrainStackTargetSize                   = 64                                        {product} {ergonomic}
   size_t InitialHeapSize                          = 266338304                                 {product} {ergonomic}
   size_t MarkStackSize                            = 4194304                                   {product} {ergonomic}
   size_t MaxHeapSize                              = 4244635648                                {product} {ergonomic}
   size_t MaxNewSize                               = 2545942528                                {product} {ergonomic}
   size_t MinHeapDeltaBytes                        = 2097152                                   {product} {ergonomic}
   size_t MinHeapSize                              = 8388608                                   {product} {ergonomic}
    uintx NonNMethodCodeHeapSize                   = 5839372                                {pd product} {ergonomic}
    uintx NonProfiledCodeHeapSize                  = 122909434                              {pd product} {ergonomic}
    uintx ProfiledCodeHeapSize                     = 122909434                              {pd product} {ergonomic}
    uintx ReservedCodeCacheSize                    = 251658240                              {pd product} {ergonomic}
     bool SegmentedCodeCache                       = true                                      {product} {ergonomic}
   size_t SoftMaxHeapSize                          = 4244635648                             {manageable} {ergonomic}
     bool UseCompressedClassPointers               = true                           {product lp64_product} {ergonomic}
     bool UseCompressedOops                        = true                           {product lp64_product} {ergonomic}
     bool UseG1GC                                  = true                                      {product} {ergonomic}
     bool UseLargePagesIndividualAllocation        = false                                  {pd product} {ergonomic}

Logging:
Log output configuration:
 #0: stdout all=warning uptime,level,tags
 #1: stderr all=off uptime,level,tags

Environment Variables:
CLASSPATH=.;C:\PROGRA~1\IBM\IBMDAT~1\java\db2jcc.jar;C:\PROGRA~1\IBM\IBMDAT~1\java\sqlj.zip;C:\PROGRA~1\IBM\IBMDAT~1\bin
PATH=C:\Program Files\Microsoft MPI\Bin\;C:\Program Files\Python38\Scripts\;C:\Program Files\Python38\;D:\WinAVR\bin;D:\WinAVR\utils\bin;C:\Program Files\Common Files\Oracle\Java\javapath;C:\Program Files (x86)\Common Files\Oracle\Java\javapath;C:\WINDOWS\system32;C:\WINDOWS;C:\WINDOWS\System32\Wbem;C:\WINDOWS\System32\WindowsPowerShell\v1.0\;C:\WINDOWS\System32\OpenSSH\;C:\Program Files (x86)\NVIDIA Corporation\PhysX\Common;C:\Program Files\NVIDIA Corporation\NVIDIA NvDLISR;C:\Program Files\Git\cmd;C:\Program Files\Microsoft SQL Server\Client SDK\ODBC\170\Tools\Binn\;C:\Program Files\Microsoft SQL Server\130\Tools\Binn\;C:\Program Files\Microsoft SQL Server\150\Tools\Binn\;C:\Program Files (x86)\Microsoft SQL Server\150\DTS\Binn\;C:\Program Files\dotnet\;C:\Program Files (x86)\Microsoft SQL Server\110\DTS\Binn\;C:\Program Files (x86)\Microsoft SQL Server\120\DTS\Binn\;C:\Program Files (x86)\Microsoft SQL Server\130\DTS\Binn\;C:\Program Files (x86)\Microsoft SQL Server\140\DTS\Binn\;C:\Program Files (x86)\Microsoft SQL Server\160\DTS\Binn\;C:\WINDOWS\system32;C:\WINDOWS;C:\WINDOWS\System32\Wbem;C:\WINDOWS\System32\WindowsPowerShell\v1.0\;C:\WINDOWS\System32\OpenSSH\;C:\PROGRA~1\IBM\IBMDAT~1\BIN;E:\Git_LFS\Git LFS;E:\TortoiseGIT\bin;C:\Users\User\.dnx\bin;C:\Program Files\Microsoft DNX\Dnvm\;C:\Program Files (x86)\Microsoft SQL Server\150\Tools\Binn\;C:\Program Files\Microsoft SQL Server\150\DTS\Binn\;C:\Program Files\MySQL\MySQL Shell 8.0\bin\;E:\Python_3_10\Scripts\;E:\Python_3_10\;C:\Users\User\AppData\Local\Microsoft\WindowsApps;C:\Users\User\AppData\Local\GitHubDesktop\bin;C:\Program Files\Azure Data Studio\bin;C:\Program Files (x86)\GNU Tools ARM Embedded\4.6 2012q4\bin;C:\Users\User\.dotnet\tools;;E:\PyCharm PRO\PyCharm 2022.2.2\bin;;E:\IntelliJ IDEA PRO\IntelliJ IDEA 2022.2.3\bin;
USERNAME=User
OS=Windows_NT
PROCESSOR_IDENTIFIER=Intel64 Family 6 Model 165 Stepping 2, GenuineIntel



---------------  S Y S T E M  ---------------

OS:
 Windows 10 , 64 bit Build 19041 (10.0.19041.1889)
OS uptime: 8 days 10:54 hours

CPU: total 8 (initial active 8) (4 cores per cpu, 2 threads per core) family 6 model 165 stepping 2 microcode 0xc8, cx8, cmov, fxsr, ht, mmx, 3dnowpref, sse, sse2, sse3, ssse3, sse4.1, sse4.2, popcnt, lzcnt, tsc, tscinvbit, avx, avx2, aes, erms, clmul, bmi1, bmi2, adx, fma, vzeroupper, clflush, clflushopt

Memory: 4k page, system-wide physical 16185M (4390M free)
TotalPageFile size 18233M (AvailPageFile size 5M)
current process WorkingSet (physical memory assigned to process): 130M, peak: 130M
current process commit charge ("private bytes"): 403M, peak: 404M

vm_info: Java HotSpot(TM) 64-Bit Server VM (17.0.2+8-LTS-86) for windows-amd64 JRE (17.0.2+8-LTS-86), built on Dec  7 2021 21:51:03 by "mach5one" with MS VC++ 16.8 / 16.9 (VS2019)

END.
