#
# There is insufficient memory for the Java Runtime Environment to continue.
# Native memory allocation (malloc) failed to allocate 858368 bytes for Chunk::new
# Possible reasons:
#   The system is out of physical RAM or swap space
#   The process is running with CompressedOops enabled, and the Java Heap may be blocking the growth of the native heap
# Possible solutions:
#   Reduce memory load on the system
#   Increase physical memory or swap space
#   Check if swap backing store is full
#   Decrease Java heap size (-Xmx/-Xms)
#   Decrease number of Java threads
#   Decrease Java thread stack sizes (-Xss)
#   Set larger code cache with -XX:ReservedCodeCacheSize=
#   JVM is running with Zero Based Compressed Oops mode in which the Java heap is
#     placed in the first 32GB address space. The Java Heap base address is the
#     maximum limit for the native heap growth. Please use -XX:HeapBaseMinAddress
#     to set the Java Heap base and to place the Java Heap above 32GB virtual address.
# This output file may be truncated or incomplete.
#
#  Out of Memory Error (arena.cpp:189), pid=11328, tid=10428
#
# JRE version: Java(TM) SE Runtime Environment (17.0.2+8) (build 17.0.2+8-LTS-86)
# Java VM: Java HotSpot(TM) 64-Bit Server VM (17.0.2+8-LTS-86, mixed mode, sharing, tiered, compressed oops, compressed class ptrs, g1 gc, windows-amd64)
# No core dump will be written. Minidumps are not enabled by default on client versions of Windows
#

---------------  S U M M A R Y ------------

Command Line: -javaagent:E:\IntelliJ IDEA PRO\IntelliJ IDEA 2022.2.3\lib\idea_rt.jar=59385:E:\IntelliJ IDEA PRO\IntelliJ IDEA 2022.2.3\bin -Dfile.encoding=UTF-8 --module-path=C:\Users\User\.m2\repository\org\openjfx\javafx-controls\17.0.2\javafx-controls-17.0.2-win.jar;C:\Users\User\.m2\repository\org\openjfx\javafx-fxml\17.0.2\javafx-fxml-17.0.2-win.jar;E:\ProgSP_course_project\Java\Course_project\target\classes;C:\Users\User\.m2\repository\org\openjfx\javafx-graphics\17.0.2\javafx-graphics-17.0.2-win.jar;C:\Users\User\.m2\repository\org\openjfx\javafx-base\17.0.2\javafx-base-17.0.2-win.jar -Djdk.module.main=com.example.course_project com.example.course_project/com.example.course_project.StartClient

Host: Intel(R) Core(TM) i5-10300H CPU @ 2.50GHz, 8 cores, 15G,  Windows 10 , 64 bit Build 19041 (10.0.19041.1889)
Time: Sun Dec 18 13:13:24 2022  Windows 10 , 64 bit Build 19041 (10.0.19041.1889) elapsed time: 0.732313 seconds (0d 0h 0m 0s)

---------------  T H R E A D  ---------------

Current thread (0x0000028133107570):  JavaThread "C2 CompilerThread0" daemon [_thread_in_native, id=10428, stack(0x0000008e29600000,0x0000008e29700000)]


Current CompileTask:
C2:    732 1216   !   4       com.sun.javafx.css.ParsedValueImpl::readBinary (688 bytes)

Stack: [0x0000008e29600000,0x0000008e29700000]
Native frames: (J=compiled Java code, j=interpreted, Vv=VM code, C=native code)
V  [jvm.dll+0x670baa]
V  [jvm.dll+0x7cfcb4]
V  [jvm.dll+0x7d145e]
V  [jvm.dll+0x7d1ac3]
V  [jvm.dll+0x242bc5]
V  [jvm.dll+0xaa57b]
V  [jvm.dll+0xaab0c]
V  [jvm.dll+0x35fd07]
V  [jvm.dll+0x1b9802]
V  [jvm.dll+0x215de9]
V  [jvm.dll+0x2150b1]
V  [jvm.dll+0x1a1bbd]
V  [jvm.dll+0x224908]
V  [jvm.dll+0x222a6c]
V  [jvm.dll+0x7859bb]
V  [jvm.dll+0x77ff7a]
V  [jvm.dll+0x66fa35]
C  [ucrtbase.dll+0x21bb2]
C  [KERNEL32.DLL+0x17034]
C  [ntdll.dll+0x526a1]


---------------  P R O C E S S  ---------------

Threads class SMR info:
_java_thread_list=0x0000028139421c40, length=20, elements={
0x00000281104e0db0, 0x00000281330ea990, 0x00000281330eb710, 0x0000028133104e90,
0x0000028133105750, 0x0000028133106010, 0x00000281331068d0, 0x0000028133107570,
0x0000028133113430, 0x0000028133115d40, 0x000002813313ea20, 0x0000028133d44a20,
0x00000281343336e0, 0x00000281340fb4d0, 0x00000281340ab220, 0x00000281346c7dd0,
0x00000281346dcb80, 0x0000028138e19d60, 0x0000028138e1baf0, 0x00000281391bf100
}

Java Threads: ( => current thread )
  0x00000281104e0db0 JavaThread "main" [_thread_blocked, id=4240, stack(0x0000008e28900000,0x0000008e28a00000)]
  0x00000281330ea990 JavaThread "Reference Handler" daemon [_thread_blocked, id=17048, stack(0x0000008e29000000,0x0000008e29100000)]
  0x00000281330eb710 JavaThread "Finalizer" daemon [_thread_blocked, id=11048, stack(0x0000008e29100000,0x0000008e29200000)]
  0x0000028133104e90 JavaThread "Signal Dispatcher" daemon [_thread_blocked, id=13432, stack(0x0000008e29200000,0x0000008e29300000)]
  0x0000028133105750 JavaThread "Attach Listener" daemon [_thread_blocked, id=14936, stack(0x0000008e29300000,0x0000008e29400000)]
  0x0000028133106010 JavaThread "Service Thread" daemon [_thread_blocked, id=8828, stack(0x0000008e29400000,0x0000008e29500000)]
  0x00000281331068d0 JavaThread "Monitor Deflation Thread" daemon [_thread_blocked, id=16008, stack(0x0000008e29500000,0x0000008e29600000)]
=>0x0000028133107570 JavaThread "C2 CompilerThread0" daemon [_thread_in_native, id=10428, stack(0x0000008e29600000,0x0000008e29700000)]
  0x0000028133113430 JavaThread "C1 CompilerThread0" daemon [_thread_blocked, id=11556, stack(0x0000008e29700000,0x0000008e29800000)]
  0x0000028133115d40 JavaThread "Sweeper thread" daemon [_thread_blocked, id=5732, stack(0x0000008e29800000,0x0000008e29900000)]
  0x000002813313ea20 JavaThread "Common-Cleaner" daemon [_thread_blocked, id=6068, stack(0x0000008e29900000,0x0000008e29a00000)]
  0x0000028133d44a20 JavaThread "C2 CompilerThread1" daemon [_thread_blocked, id=4444, stack(0x0000008e29a00000,0x0000008e29b00000)]
  0x00000281343336e0 JavaThread "Monitor Ctrl-Break" daemon [_thread_in_native, id=18784, stack(0x0000008e29c00000,0x0000008e29d00000)]
  0x00000281340fb4d0 JavaThread "Notification Thread" daemon [_thread_blocked, id=13384, stack(0x0000008e29d00000,0x0000008e29e00000)]
  0x00000281340ab220 JavaThread "QuantumRenderer-0" daemon [_thread_blocked, id=21672, stack(0x0000008e29f00000,0x0000008e2a000000)]
  0x00000281346c7dd0 JavaThread "InvokeLaterDispatcher" daemon [_thread_blocked, id=14952, stack(0x0000008e29b00000,0x0000008e29c00000)]
  0x00000281346dcb80 JavaThread "JavaFX Application Thread" [_thread_in_vm, id=18616, stack(0x0000008e2a000000,0x0000008e2a100000)]
  0x0000028138e19d60 JavaThread "JavaFX-Launcher" [_thread_blocked, id=18612, stack(0x0000008e2a500000,0x0000008e2a600000)]
  0x0000028138e1baf0 JavaThread "Thread-2" daemon [_thread_in_native, id=21828, stack(0x0000008e2a400000,0x0000008e2a500000)]
  0x00000281391bf100 JavaThread "Prism Font Disposer" daemon [_thread_blocked, id=18852, stack(0x0000008e2ab00000,0x0000008e2ac00000)]

Other Threads:
  0x00000281330e3e70 VMThread "VM Thread" [stack: 0x0000008e28f00000,0x0000008e29000000] [id=9524]
  0x0000028133e6c130 WatcherThread [stack: 0x0000008e29e00000,0x0000008e29f00000] [id=4776]
  0x0000028110530290 GCTaskThread "GC Thread#0" [stack: 0x0000008e28a00000,0x0000008e28b00000] [id=3844]
  0x0000028138dcdae0 GCTaskThread "GC Thread#1" [stack: 0x0000008e2a600000,0x0000008e2a700000] [id=17712]
  0x0000028138e4b580 GCTaskThread "GC Thread#2" [stack: 0x0000008e2a700000,0x0000008e2a800000] [id=15332]
  0x0000028138dcefe0 GCTaskThread "GC Thread#3" [stack: 0x0000008e2a800000,0x0000008e2a900000] [id=13900]
  0x0000028138e22a80 GCTaskThread "GC Thread#4" [stack: 0x0000008e2a900000,0x0000008e2aa00000] [id=20864]
  0x0000028138e21ee0 GCTaskThread "GC Thread#5" [stack: 0x0000008e2aa00000,0x0000008e2ab00000] [id=19468]
  0x0000028110541df0 ConcurrentGCThread "G1 Main Marker" [stack: 0x0000008e28b00000,0x0000008e28c00000] [id=16200]
  0x0000028110542eb0 ConcurrentGCThread "G1 Conc#0" [stack: 0x0000008e28c00000,0x0000008e28d00000] [id=6264]
  0x0000028132fa24c0 ConcurrentGCThread "G1 Refine#0" [stack: 0x0000008e28d00000,0x0000008e28e00000] [id=20508]
  0x0000028132fa2df0 ConcurrentGCThread "G1 Service" [stack: 0x0000008e28e00000,0x0000008e28f00000] [id=13220]

Threads with active compile tasks:
C2 CompilerThread0      743 1216   !   4       com.sun.javafx.css.ParsedValueImpl::readBinary (688 bytes)
C1 CompilerThread0      743 1433       3       java.lang.invoke.MethodHandles$Lookup::makeHiddenClassDefiner (42 bytes)

VM state: not at safepoint (normal execution)

VM Mutex/Monitor currently owned by a thread: None

Heap address: 0x0000000703000000, size: 4048 MB, Compressed Oops mode: Zero based, Oop shift amount: 3

CDS archive(s) mapped at: [0x0000000800000000-0x0000000800bc0000-0x0000000800bc0000), size 12320768, SharedBaseAddress: 0x0000000800000000, ArchiveRelocationMode: 0.
Compressed class space mapped at: 0x0000000800c00000-0x0000000840c00000, reserved size: 1073741824
Narrow klass base: 0x0000000800000000, Narrow klass shift: 0, Narrow klass range: 0x100000000

GC Precious Log:
 CPUs: 8 total, 8 available
 Memory: 16185M
 Large Page Support: Disabled
 NUMA Support: Disabled
 Compressed Oops: Enabled (Zero based)
 Heap Region Size: 2M
 Heap Min Capacity: 8M
 Heap Initial Capacity: 254M
 Heap Max Capacity: 4048M
 Pre-touch: Disabled
 Parallel Workers: 8
 Concurrent Workers: 2
 Concurrent Refinement Workers: 8
 Periodic GC: Disabled

Heap:
 garbage-first heap   total 260096K, used 21247K [0x0000000703000000, 0x0000000800000000)
  region size 2048K, 13 young (26624K), 2 survivors (4096K)
 Metaspace       used 10842K, committed 11072K, reserved 1064960K
  class space    used 1473K, committed 1600K, reserved 1048576K

Heap Regions: E=young(eden), S=young(survivor), O=old, HS=humongous(starts), HC=humongous(continues), CS=collection set, F=free, OA=open archive, CA=closed archive, TAMS=top-at-mark-start (previous, next)
|   0|0x0000000703000000, 0x0000000703000000, 0x0000000703200000|  0%| F|  |TAMS 0x0000000703000000, 0x0000000703000000| Untracked 
|   1|0x0000000703200000, 0x0000000703200000, 0x0000000703400000|  0%| F|  |TAMS 0x0000000703200000, 0x0000000703200000| Untracked 
|   2|0x0000000703400000, 0x0000000703400000, 0x0000000703600000|  0%| F|  |TAMS 0x0000000703400000, 0x0000000703400000| Untracked 
|   3|0x0000000703600000, 0x0000000703600000, 0x0000000703800000|  0%| F|  |TAMS 0x0000000703600000, 0x0000000703600000| Untracked 
|   4|0x0000000703800000, 0x0000000703800000, 0x0000000703a00000|  0%| F|  |TAMS 0x0000000703800000, 0x0000000703800000| Untracked 
|   5|0x0000000703a00000, 0x0000000703a00000, 0x0000000703c00000|  0%| F|  |TAMS 0x0000000703a00000, 0x0000000703a00000| Untracked 
|   6|0x0000000703c00000, 0x0000000703c00000, 0x0000000703e00000|  0%| F|  |TAMS 0x0000000703c00000, 0x0000000703c00000| Untracked 
|   7|0x0000000703e00000, 0x0000000703e00000, 0x0000000704000000|  0%| F|  |TAMS 0x0000000703e00000, 0x0000000703e00000| Untracked 
|   8|0x0000000704000000, 0x0000000704000000, 0x0000000704200000|  0%| F|  |TAMS 0x0000000704000000, 0x0000000704000000| Untracked 
|   9|0x0000000704200000, 0x0000000704200000, 0x0000000704400000|  0%| F|  |TAMS 0x0000000704200000, 0x0000000704200000| Untracked 
|  10|0x0000000704400000, 0x0000000704400000, 0x0000000704600000|  0%| F|  |TAMS 0x0000000704400000, 0x0000000704400000| Untracked 
|  11|0x0000000704600000, 0x0000000704600000, 0x0000000704800000|  0%| F|  |TAMS 0x0000000704600000, 0x0000000704600000| Untracked 
|  12|0x0000000704800000, 0x0000000704800000, 0x0000000704a00000|  0%| F|  |TAMS 0x0000000704800000, 0x0000000704800000| Untracked 
|  13|0x0000000704a00000, 0x0000000704a00000, 0x0000000704c00000|  0%| F|  |TAMS 0x0000000704a00000, 0x0000000704a00000| Untracked 
|  14|0x0000000704c00000, 0x0000000704c00000, 0x0000000704e00000|  0%| F|  |TAMS 0x0000000704c00000, 0x0000000704c00000| Untracked 
|  15|0x0000000704e00000, 0x0000000704e00000, 0x0000000705000000|  0%| F|  |TAMS 0x0000000704e00000, 0x0000000704e00000| Untracked 
|  16|0x0000000705000000, 0x0000000705000000, 0x0000000705200000|  0%| F|  |TAMS 0x0000000705000000, 0x0000000705000000| Untracked 
|  17|0x0000000705200000, 0x0000000705200000, 0x0000000705400000|  0%| F|  |TAMS 0x0000000705200000, 0x0000000705200000| Untracked 
|  18|0x0000000705400000, 0x0000000705400000, 0x0000000705600000|  0%| F|  |TAMS 0x0000000705400000, 0x0000000705400000| Untracked 
|  19|0x0000000705600000, 0x0000000705600000, 0x0000000705800000|  0%| F|  |TAMS 0x0000000705600000, 0x0000000705600000| Untracked 
|  20|0x0000000705800000, 0x0000000705800000, 0x0000000705a00000|  0%| F|  |TAMS 0x0000000705800000, 0x0000000705800000| Untracked 
|  21|0x0000000705a00000, 0x0000000705a00000, 0x0000000705c00000|  0%| F|  |TAMS 0x0000000705a00000, 0x0000000705a00000| Untracked 
|  22|0x0000000705c00000, 0x0000000705c00000, 0x0000000705e00000|  0%| F|  |TAMS 0x0000000705c00000, 0x0000000705c00000| Untracked 
|  23|0x0000000705e00000, 0x0000000705e00000, 0x0000000706000000|  0%| F|  |TAMS 0x0000000705e00000, 0x0000000705e00000| Untracked 
|  24|0x0000000706000000, 0x0000000706000000, 0x0000000706200000|  0%| F|  |TAMS 0x0000000706000000, 0x0000000706000000| Untracked 
|  25|0x0000000706200000, 0x0000000706200000, 0x0000000706400000|  0%| F|  |TAMS 0x0000000706200000, 0x0000000706200000| Untracked 
|  26|0x0000000706400000, 0x0000000706400000, 0x0000000706600000|  0%| F|  |TAMS 0x0000000706400000, 0x0000000706400000| Untracked 
|  27|0x0000000706600000, 0x0000000706600000, 0x0000000706800000|  0%| F|  |TAMS 0x0000000706600000, 0x0000000706600000| Untracked 
|  28|0x0000000706800000, 0x0000000706800000, 0x0000000706a00000|  0%| F|  |TAMS 0x0000000706800000, 0x0000000706800000| Untracked 
|  29|0x0000000706a00000, 0x0000000706a00000, 0x0000000706c00000|  0%| F|  |TAMS 0x0000000706a00000, 0x0000000706a00000| Untracked 
|  30|0x0000000706c00000, 0x0000000706c00000, 0x0000000706e00000|  0%| F|  |TAMS 0x0000000706c00000, 0x0000000706c00000| Untracked 
|  31|0x0000000706e00000, 0x0000000706e00000, 0x0000000707000000|  0%| F|  |TAMS 0x0000000706e00000, 0x0000000706e00000| Untracked 
|  32|0x0000000707000000, 0x0000000707000000, 0x0000000707200000|  0%| F|  |TAMS 0x0000000707000000, 0x0000000707000000| Untracked 
|  33|0x0000000707200000, 0x0000000707200000, 0x0000000707400000|  0%| F|  |TAMS 0x0000000707200000, 0x0000000707200000| Untracked 
|  34|0x0000000707400000, 0x0000000707400000, 0x0000000707600000|  0%| F|  |TAMS 0x0000000707400000, 0x0000000707400000| Untracked 
|  35|0x0000000707600000, 0x0000000707600000, 0x0000000707800000|  0%| F|  |TAMS 0x0000000707600000, 0x0000000707600000| Untracked 
|  36|0x0000000707800000, 0x0000000707800000, 0x0000000707a00000|  0%| F|  |TAMS 0x0000000707800000, 0x0000000707800000| Untracked 
|  37|0x0000000707a00000, 0x0000000707a00000, 0x0000000707c00000|  0%| F|  |TAMS 0x0000000707a00000, 0x0000000707a00000| Untracked 
|  38|0x0000000707c00000, 0x0000000707c00000, 0x0000000707e00000|  0%| F|  |TAMS 0x0000000707c00000, 0x0000000707c00000| Untracked 
|  39|0x0000000707e00000, 0x0000000707e00000, 0x0000000708000000|  0%| F|  |TAMS 0x0000000707e00000, 0x0000000707e00000| Untracked 
|  40|0x0000000708000000, 0x0000000708000000, 0x0000000708200000|  0%| F|  |TAMS 0x0000000708000000, 0x0000000708000000| Untracked 
|  41|0x0000000708200000, 0x0000000708200000, 0x0000000708400000|  0%| F|  |TAMS 0x0000000708200000, 0x0000000708200000| Untracked 
|  42|0x0000000708400000, 0x0000000708400000, 0x0000000708600000|  0%| F|  |TAMS 0x0000000708400000, 0x0000000708400000| Untracked 
|  43|0x0000000708600000, 0x0000000708600000, 0x0000000708800000|  0%| F|  |TAMS 0x0000000708600000, 0x0000000708600000| Untracked 
|  44|0x0000000708800000, 0x0000000708800000, 0x0000000708a00000|  0%| F|  |TAMS 0x0000000708800000, 0x0000000708800000| Untracked 
|  45|0x0000000708a00000, 0x0000000708a00000, 0x0000000708c00000|  0%| F|  |TAMS 0x0000000708a00000, 0x0000000708a00000| Untracked 
|  46|0x0000000708c00000, 0x0000000708c00000, 0x0000000708e00000|  0%| F|  |TAMS 0x0000000708c00000, 0x0000000708c00000| Untracked 
|  47|0x0000000708e00000, 0x0000000708e00000, 0x0000000709000000|  0%| F|  |TAMS 0x0000000708e00000, 0x0000000708e00000| Untracked 
|  48|0x0000000709000000, 0x0000000709000000, 0x0000000709200000|  0%| F|  |TAMS 0x0000000709000000, 0x0000000709000000| Untracked 
|  49|0x0000000709200000, 0x0000000709200000, 0x0000000709400000|  0%| F|  |TAMS 0x0000000709200000, 0x0000000709200000| Untracked 
|  50|0x0000000709400000, 0x0000000709400000, 0x0000000709600000|  0%| F|  |TAMS 0x0000000709400000, 0x0000000709400000| Untracked 
|  51|0x0000000709600000, 0x0000000709600000, 0x0000000709800000|  0%| F|  |TAMS 0x0000000709600000, 0x0000000709600000| Untracked 
|  52|0x0000000709800000, 0x0000000709800000, 0x0000000709a00000|  0%| F|  |TAMS 0x0000000709800000, 0x0000000709800000| Untracked 
|  53|0x0000000709a00000, 0x0000000709a00000, 0x0000000709c00000|  0%| F|  |TAMS 0x0000000709a00000, 0x0000000709a00000| Untracked 
|  54|0x0000000709c00000, 0x0000000709c00000, 0x0000000709e00000|  0%| F|  |TAMS 0x0000000709c00000, 0x0000000709c00000| Untracked 
|  55|0x0000000709e00000, 0x0000000709e00000, 0x000000070a000000|  0%| F|  |TAMS 0x0000000709e00000, 0x0000000709e00000| Untracked 
|  56|0x000000070a000000, 0x000000070a000000, 0x000000070a200000|  0%| F|  |TAMS 0x000000070a000000, 0x000000070a000000| Untracked 
|  57|0x000000070a200000, 0x000000070a200000, 0x000000070a400000|  0%| F|  |TAMS 0x000000070a200000, 0x000000070a200000| Untracked 
|  58|0x000000070a400000, 0x000000070a400000, 0x000000070a600000|  0%| F|  |TAMS 0x000000070a400000, 0x000000070a400000| Untracked 
|  59|0x000000070a600000, 0x000000070a600000, 0x000000070a800000|  0%| F|  |TAMS 0x000000070a600000, 0x000000070a600000| Untracked 
|  60|0x000000070a800000, 0x000000070a800000, 0x000000070aa00000|  0%| F|  |TAMS 0x000000070a800000, 0x000000070a800000| Untracked 
|  61|0x000000070aa00000, 0x000000070aa00000, 0x000000070ac00000|  0%| F|  |TAMS 0x000000070aa00000, 0x000000070aa00000| Untracked 
|  62|0x000000070ac00000, 0x000000070ac00000, 0x000000070ae00000|  0%| F|  |TAMS 0x000000070ac00000, 0x000000070ac00000| Untracked 
|  63|0x000000070ae00000, 0x000000070ae00000, 0x000000070b000000|  0%| F|  |TAMS 0x000000070ae00000, 0x000000070ae00000| Untracked 
|  64|0x000000070b000000, 0x000000070b000000, 0x000000070b200000|  0%| F|  |TAMS 0x000000070b000000, 0x000000070b000000| Untracked 
|  65|0x000000070b200000, 0x000000070b200000, 0x000000070b400000|  0%| F|  |TAMS 0x000000070b200000, 0x000000070b200000| Untracked 
|  66|0x000000070b400000, 0x000000070b400000, 0x000000070b600000|  0%| F|  |TAMS 0x000000070b400000, 0x000000070b400000| Untracked 
|  67|0x000000070b600000, 0x000000070b600000, 0x000000070b800000|  0%| F|  |TAMS 0x000000070b600000, 0x000000070b600000| Untracked 
|  68|0x000000070b800000, 0x000000070b800000, 0x000000070ba00000|  0%| F|  |TAMS 0x000000070b800000, 0x000000070b800000| Untracked 
|  69|0x000000070ba00000, 0x000000070ba00000, 0x000000070bc00000|  0%| F|  |TAMS 0x000000070ba00000, 0x000000070ba00000| Untracked 
|  70|0x000000070bc00000, 0x000000070bc00000, 0x000000070be00000|  0%| F|  |TAMS 0x000000070bc00000, 0x000000070bc00000| Untracked 
|  71|0x000000070be00000, 0x000000070be00000, 0x000000070c000000|  0%| F|  |TAMS 0x000000070be00000, 0x000000070be00000| Untracked 
|  72|0x000000070c000000, 0x000000070c000000, 0x000000070c200000|  0%| F|  |TAMS 0x000000070c000000, 0x000000070c000000| Untracked 
|  73|0x000000070c200000, 0x000000070c200000, 0x000000070c400000|  0%| F|  |TAMS 0x000000070c200000, 0x000000070c200000| Untracked 
|  74|0x000000070c400000, 0x000000070c400000, 0x000000070c600000|  0%| F|  |TAMS 0x000000070c400000, 0x000000070c400000| Untracked 
|  75|0x000000070c600000, 0x000000070c600000, 0x000000070c800000|  0%| F|  |TAMS 0x000000070c600000, 0x000000070c600000| Untracked 
|  76|0x000000070c800000, 0x000000070c800000, 0x000000070ca00000|  0%| F|  |TAMS 0x000000070c800000, 0x000000070c800000| Untracked 
|  77|0x000000070ca00000, 0x000000070ca00000, 0x000000070cc00000|  0%| F|  |TAMS 0x000000070ca00000, 0x000000070ca00000| Untracked 
|  78|0x000000070cc00000, 0x000000070cc00000, 0x000000070ce00000|  0%| F|  |TAMS 0x000000070cc00000, 0x000000070cc00000| Untracked 
|  79|0x000000070ce00000, 0x000000070ce00000, 0x000000070d000000|  0%| F|  |TAMS 0x000000070ce00000, 0x000000070ce00000| Untracked 
|  80|0x000000070d000000, 0x000000070d000000, 0x000000070d200000|  0%| F|  |TAMS 0x000000070d000000, 0x000000070d000000| Untracked 
|  81|0x000000070d200000, 0x000000070d200000, 0x000000070d400000|  0%| F|  |TAMS 0x000000070d200000, 0x000000070d200000| Untracked 
|  82|0x000000070d400000, 0x000000070d400000, 0x000000070d600000|  0%| F|  |TAMS 0x000000070d400000, 0x000000070d400000| Untracked 
|  83|0x000000070d600000, 0x000000070d600000, 0x000000070d800000|  0%| F|  |TAMS 0x000000070d600000, 0x000000070d600000| Untracked 
|  84|0x000000070d800000, 0x000000070d800000, 0x000000070da00000|  0%| F|  |TAMS 0x000000070d800000, 0x000000070d800000| Untracked 
|  85|0x000000070da00000, 0x000000070da00000, 0x000000070dc00000|  0%| F|  |TAMS 0x000000070da00000, 0x000000070da00000| Untracked 
|  86|0x000000070dc00000, 0x000000070dc00000, 0x000000070de00000|  0%| F|  |TAMS 0x000000070dc00000, 0x000000070dc00000| Untracked 
|  87|0x000000070de00000, 0x000000070de00000, 0x000000070e000000|  0%| F|  |TAMS 0x000000070de00000, 0x000000070de00000| Untracked 
|  88|0x000000070e000000, 0x000000070e000000, 0x000000070e200000|  0%| F|  |TAMS 0x000000070e000000, 0x000000070e000000| Untracked 
|  89|0x000000070e200000, 0x000000070e200000, 0x000000070e400000|  0%| F|  |TAMS 0x000000070e200000, 0x000000070e200000| Untracked 
|  90|0x000000070e400000, 0x000000070e400000, 0x000000070e600000|  0%| F|  |TAMS 0x000000070e400000, 0x000000070e400000| Untracked 
|  91|0x000000070e600000, 0x000000070e600000, 0x000000070e800000|  0%| F|  |TAMS 0x000000070e600000, 0x000000070e600000| Untracked 
|  92|0x000000070e800000, 0x000000070e800000, 0x000000070ea00000|  0%| F|  |TAMS 0x000000070e800000, 0x000000070e800000| Untracked 
|  93|0x000000070ea00000, 0x000000070ea00000, 0x000000070ec00000|  0%| F|  |TAMS 0x000000070ea00000, 0x000000070ea00000| Untracked 
|  94|0x000000070ec00000, 0x000000070ec00000, 0x000000070ee00000|  0%| F|  |TAMS 0x000000070ec00000, 0x000000070ec00000| Untracked 
|  95|0x000000070ee00000, 0x000000070ee00000, 0x000000070f000000|  0%| F|  |TAMS 0x000000070ee00000, 0x000000070ee00000| Untracked 
|  96|0x000000070f000000, 0x000000070f000000, 0x000000070f200000|  0%| F|  |TAMS 0x000000070f000000, 0x000000070f000000| Untracked 
|  97|0x000000070f200000, 0x000000070f200000, 0x000000070f400000|  0%| F|  |TAMS 0x000000070f200000, 0x000000070f200000| Untracked 
|  98|0x000000070f400000, 0x000000070f400000, 0x000000070f600000|  0%| F|  |TAMS 0x000000070f400000, 0x000000070f400000| Untracked 
|  99|0x000000070f600000, 0x000000070f600000, 0x000000070f800000|  0%| F|  |TAMS 0x000000070f600000, 0x000000070f600000| Untracked 
| 100|0x000000070f800000, 0x000000070f800000, 0x000000070fa00000|  0%| F|  |TAMS 0x000000070f800000, 0x000000070f800000| Untracked 
| 101|0x000000070fa00000, 0x000000070fa00000, 0x000000070fc00000|  0%| F|  |TAMS 0x000000070fa00000, 0x000000070fa00000| Untracked 
| 102|0x000000070fc00000, 0x000000070fc00000, 0x000000070fe00000|  0%| F|  |TAMS 0x000000070fc00000, 0x000000070fc00000| Untracked 
| 103|0x000000070fe00000, 0x000000070fe00000, 0x0000000710000000|  0%| F|  |TAMS 0x000000070fe00000, 0x000000070fe00000| Untracked 
| 104|0x0000000710000000, 0x0000000710000000, 0x0000000710200000|  0%| F|  |TAMS 0x0000000710000000, 0x0000000710000000| Untracked 
| 105|0x0000000710200000, 0x0000000710200000, 0x0000000710400000|  0%| F|  |TAMS 0x0000000710200000, 0x0000000710200000| Untracked 
| 106|0x0000000710400000, 0x0000000710400000, 0x0000000710600000|  0%| F|  |TAMS 0x0000000710400000, 0x0000000710400000| Untracked 
| 107|0x0000000710600000, 0x0000000710600000, 0x0000000710800000|  0%| F|  |TAMS 0x0000000710600000, 0x0000000710600000| Untracked 
| 108|0x0000000710800000, 0x0000000710800000, 0x0000000710a00000|  0%| F|  |TAMS 0x0000000710800000, 0x0000000710800000| Untracked 
| 109|0x0000000710a00000, 0x0000000710a00000, 0x0000000710c00000|  0%| F|  |TAMS 0x0000000710a00000, 0x0000000710a00000| Untracked 
| 110|0x0000000710c00000, 0x0000000710c00000, 0x0000000710e00000|  0%| F|  |TAMS 0x0000000710c00000, 0x0000000710c00000| Untracked 
| 111|0x0000000710e00000, 0x0000000710e00000, 0x0000000711000000|  0%| F|  |TAMS 0x0000000710e00000, 0x0000000710e00000| Untracked 
| 112|0x0000000711000000, 0x0000000711000000, 0x0000000711200000|  0%| F|  |TAMS 0x0000000711000000, 0x0000000711000000| Untracked 
| 113|0x0000000711200000, 0x0000000711200000, 0x0000000711400000|  0%| F|  |TAMS 0x0000000711200000, 0x0000000711200000| Untracked 
| 114|0x0000000711400000, 0x00000007114bffd0, 0x0000000711600000| 37%| S|CS|TAMS 0x0000000711400000, 0x0000000711400000| Complete 
| 115|0x0000000711600000, 0x0000000711800000, 0x0000000711800000|100%| S|CS|TAMS 0x0000000711600000, 0x0000000711600000| Complete 
| 116|0x0000000711800000, 0x0000000711a00000, 0x0000000711a00000|100%| E|  |TAMS 0x0000000711800000, 0x0000000711800000| Complete 
| 117|0x0000000711a00000, 0x0000000711c00000, 0x0000000711c00000|100%| E|CS|TAMS 0x0000000711a00000, 0x0000000711a00000| Complete 
| 118|0x0000000711c00000, 0x0000000711e00000, 0x0000000711e00000|100%| E|CS|TAMS 0x0000000711c00000, 0x0000000711c00000| Complete 
| 119|0x0000000711e00000, 0x0000000712000000, 0x0000000712000000|100%| E|CS|TAMS 0x0000000711e00000, 0x0000000711e00000| Complete 
| 120|0x0000000712000000, 0x0000000712200000, 0x0000000712200000|100%| E|CS|TAMS 0x0000000712000000, 0x0000000712000000| Complete 
| 121|0x0000000712200000, 0x0000000712400000, 0x0000000712400000|100%| E|CS|TAMS 0x0000000712200000, 0x0000000712200000| Complete 
| 122|0x0000000712400000, 0x0000000712600000, 0x0000000712600000|100%| E|CS|TAMS 0x0000000712400000, 0x0000000712400000| Complete 
| 123|0x0000000712600000, 0x0000000712800000, 0x0000000712800000|100%| E|CS|TAMS 0x0000000712600000, 0x0000000712600000| Complete 
| 124|0x0000000712800000, 0x0000000712a00000, 0x0000000712a00000|100%| E|CS|TAMS 0x0000000712800000, 0x0000000712800000| Complete 
| 125|0x0000000712a00000, 0x0000000712c00000, 0x0000000712c00000|100%| E|CS|TAMS 0x0000000712a00000, 0x0000000712a00000| Complete 
| 126|0x0000000712c00000, 0x0000000712e00000, 0x0000000712e00000|100%| E|  |TAMS 0x0000000712c00000, 0x0000000712c00000| Complete 

Card table byte_map: [0x0000028127860000,0x0000028128050000] _byte_map_base: 0x0000028124048000

Marking Bits (Prev, Next): (CMBitMap*) 0x00000281105317c0, (CMBitMap*) 0x0000028110531800
 Prev Bits: [0x0000028128840000, 0x000002812c780000)
 Next Bits: [0x000002812c780000, 0x00000281306c0000)

Polling page: 0x000002810e430000

Metaspace:

Usage:
  Non-class:      9.18 MB used.
      Class:      1.44 MB used.
       Both:     10.63 MB used.

Virtual space:
  Non-class space:       16.00 MB reserved,       9.25 MB ( 58%) committed,  2 nodes.
      Class space:        1.00 GB reserved,       1.56 MB ( <1%) committed,  1 nodes.
             Both:        1.02 GB reserved,      10.81 MB (  1%) committed. 

Chunk freelists:
   Non-Class:  2.44 MB
       Class:  2.41 MB
        Both:  4.84 MB

MaxMetaspaceSize: unlimited
CompressedClassSpaceSize: 1.00 GB
Initial GC threshold: 21.00 MB
Current GC threshold: 21.00 MB
CDS: on
MetaspaceReclaimPolicy: balanced
 - commit_granule_bytes: 65536.
 - commit_granule_words: 8192.
 - virtual_space_node_default_size: 1048576.
 - enlarge_chunks_in_place: 1.
 - new_chunks_are_fully_committed: 0.
 - uncommit_free_chunks: 1.
 - use_allocation_guard: 0.
 - handle_deallocations: 1.


Internal statistics:

num_allocs_failed_limit: 0.
num_arena_births: 156.
num_arena_deaths: 0.
num_vsnodes_births: 3.
num_vsnodes_deaths: 0.
num_space_committed: 173.
num_space_uncommitted: 0.
num_chunks_returned_to_freelist: 0.
num_chunks_taken_from_freelist: 467.
num_chunk_merges: 0.
num_chunk_splits: 320.
num_chunks_enlarged: 247.
num_purges: 0.
num_inconsistent_stats: 0.

CodeHeap 'non-profiled nmethods': size=120000Kb used=515Kb max_used=515Kb free=119484Kb
 bounds [0x000002811f810000, 0x000002811fa80000, 0x0000028126d40000]
CodeHeap 'profiled nmethods': size=120000Kb used=2567Kb max_used=2567Kb free=117432Kb
 bounds [0x00000281182e0000, 0x0000028118570000, 0x000002811f810000]
CodeHeap 'non-nmethods': size=5760Kb used=1318Kb max_used=1318Kb free=4441Kb
 bounds [0x0000028117d40000, 0x0000028117fb0000, 0x00000281182e0000]
 total_blobs=2087 nmethods=1431 adapters=569
 compilation: enabled
              stopped_count=0, restarted_count=0
 full_count=0

Compilation events (20 events):
Event: 0.713 Thread 0x0000028133113430 nmethod 1420 0x000002811f88dd10 code [0x000002811f88dea0, 0x000002811f88df78]
Event: 0.713 Thread 0x0000028133113430 1421       3       javafx.beans.property.ObjectPropertyBase::get (29 bytes)
Event: 0.713 Thread 0x0000028133113430 nmethod 1421 0x0000028118556690 code [0x0000028118556840, 0x0000028118556a88]
Event: 0.716 Thread 0x0000028133113430 1422       1       javafx.css.CssMetaData::getProperty (5 bytes)
Event: 0.716 Thread 0x0000028133113430 nmethod 1422 0x000002811f88e010 code [0x000002811f88e1a0, 0x000002811f88e278]
Event: 0.717 Thread 0x0000028133113430 1423       3       javafx.scene.Node::getParent (22 bytes)
Event: 0.717 Thread 0x0000028133113430 nmethod 1423 0x0000028118556b90 code [0x0000028118556d60, 0x0000028118557208]
Event: 0.722 Thread 0x0000028133113430 1424       3       jdk.internal.org.objectweb.asm.ClassWriter::visit (160 bytes)
Event: 0.722 Thread 0x0000028133113430 nmethod 1424 0x0000028118557310 code [0x0000028118557540, 0x0000028118557db8]
Event: 0.722 Thread 0x0000028133113430 1426       3       jdk.internal.org.objectweb.asm.ClassWriter::toByteArray (1515 bytes)
Event: 0.726 Thread 0x0000028133113430 nmethod 1426 0x0000028118558210 code [0x0000028118558b40, 0x000002811855ca58]
Event: 0.726 Thread 0x0000028133113430 1425       3       jdk.internal.org.objectweb.asm.SymbolTable::setMajorVersionAndClassName (19 bytes)
Event: 0.726 Thread 0x0000028133113430 nmethod 1425 0x000002811855ea10 code [0x000002811855ebc0, 0x000002811855edc8]
Event: 0.727 Thread 0x0000028133113430 1428       3       java.lang.invoke.ClassSpecializer$SpeciesData::fieldCount (10 bytes)
Event: 0.727 Thread 0x0000028133113430 nmethod 1428 0x000002811855ef10 code [0x000002811855f0c0, 0x000002811855f2a8]
Event: 0.729 Thread 0x0000028133d44a20 nmethod 1409 0x000002811f88e790 code [0x000002811f88e960, 0x000002811f88fd38]
Event: 0.729 Thread 0x0000028133d44a20 1406       4       java.lang.System::getSecurityManager (12 bytes)
Event: 0.729 Thread 0x0000028133d44a20 nmethod 1406 0x000002811f890590 code [0x000002811f890700, 0x000002811f890778]
Event: 0.729 Thread 0x0000028133d44a20 1402       4       jdk.internal.org.objectweb.asm.ByteVector::putByte (39 bytes)
Event: 0.730 Thread 0x0000028133d44a20 nmethod 1402 0x000002811f890890 code [0x000002811f890a20, 0x000002811f890b68]

GC Heap History (2 events):
Event: 0.426 GC heap before
{Heap before GC invocations=0 (full 0):
 garbage-first heap   total 260096K, used 22528K [0x0000000703000000, 0x0000000800000000)
  region size 2048K, 11 young (22528K), 0 survivors (0K)
 Metaspace       used 5187K, committed 5376K, reserved 1056768K
  class space    used 615K, committed 704K, reserved 1048576K
}
Event: 0.429 GC heap after
{Heap after GC invocations=1 (full 0):
 garbage-first heap   total 260096K, used 2815K [0x0000000703000000, 0x0000000800000000)
  region size 2048K, 2 young (4096K), 2 survivors (4096K)
 Metaspace       used 5187K, committed 5376K, reserved 1056768K
  class space    used 615K, committed 704K, reserved 1048576K
}

Deoptimization events (20 events):
Event: 0.583 Thread 0x00000281346dcb80 DEOPT PACKING pc=0x000002811f87bcc4 sp=0x0000008e2a0fce00
Event: 0.583 Thread 0x00000281346dcb80 DEOPT UNPACKING pc=0x0000028117d923a3 sp=0x0000008e2a0fcd80 mode 2
Event: 0.605 Thread 0x00000281346dcb80 Uncommon trap: trap_request=0xffffff45 fr.pc=0x000002811f81a0b0 relative=0x00000000000001b0
Event: 0.605 Thread 0x00000281346dcb80 Uncommon trap: reason=unstable_if action=reinterpret pc=0x000002811f81a0b0 method=java.lang.String.isLatin1()Z @ 10 c2
Event: 0.605 Thread 0x00000281346dcb80 DEOPT PACKING pc=0x000002811f81a0b0 sp=0x0000008e2a0fd0d0
Event: 0.605 Thread 0x00000281346dcb80 DEOPT UNPACKING pc=0x0000028117d923a3 sp=0x0000008e2a0fd000 mode 2
Event: 0.615 Thread 0x00000281346dcb80 Uncommon trap: trap_request=0xffffff45 fr.pc=0x000002811f81d0a0 relative=0x00000000000001a0
Event: 0.615 Thread 0x00000281346dcb80 Uncommon trap: reason=unstable_if action=reinterpret pc=0x000002811f81d0a0 method=java.lang.String.equals(Ljava/lang/Object;)Z @ 33 c2
Event: 0.615 Thread 0x00000281346dcb80 DEOPT PACKING pc=0x000002811f81d0a0 sp=0x0000008e2a0fdf60
Event: 0.615 Thread 0x00000281346dcb80 DEOPT UNPACKING pc=0x0000028117d923a3 sp=0x0000008e2a0fdf00 mode 2
Event: 0.639 Thread 0x00000281346dcb80 DEOPT PACKING pc=0x000002811849be56 sp=0x0000008e2a0fd810
Event: 0.639 Thread 0x00000281346dcb80 DEOPT UNPACKING pc=0x0000028117d92b43 sp=0x0000008e2a0fcc98 mode 0
Event: 0.654 Thread 0x00000281346dcb80 Uncommon trap: trap_request=0xffffff45 fr.pc=0x000002811f84fb68 relative=0x0000000000000148
Event: 0.654 Thread 0x00000281346dcb80 Uncommon trap: reason=unstable_if action=reinterpret pc=0x000002811f84fb68 method=java.lang.String.startsWith(Ljava/lang/String;I)Z @ 50 c2
Event: 0.654 Thread 0x00000281346dcb80 DEOPT PACKING pc=0x000002811f84fb68 sp=0x0000008e2a0fe230
Event: 0.654 Thread 0x00000281346dcb80 DEOPT UNPACKING pc=0x0000028117d923a3 sp=0x0000008e2a0fe190 mode 2
Event: 0.713 Thread 0x00000281346dcb80 Uncommon trap: trap_request=0xffffff45 fr.pc=0x000002811f87d5b0 relative=0x0000000000000850
Event: 0.713 Thread 0x00000281346dcb80 Uncommon trap: reason=unstable_if action=reinterpret pc=0x000002811f87d5b0 method=java.util.HashMap.hash(Ljava/lang/Object;)I @ 1 c2
Event: 0.713 Thread 0x00000281346dcb80 DEOPT PACKING pc=0x000002811f87d5b0 sp=0x0000008e2a0fdb60
Event: 0.713 Thread 0x00000281346dcb80 DEOPT UNPACKING pc=0x0000028117d923a3 sp=0x0000008e2a0fda08 mode 2

Classes unloaded (0 events):
No events

Classes redefined (0 events):
No events

Internal exceptions (20 events):
Event: 0.334 Thread 0x00000281104e0db0 Exception <a 'java/lang/NoSuchMethodError'{0x00000007121b87b8}: 'int java.lang.invoke.DirectMethodHandle$Holder.invokeStaticInit(java.lang.Object, java.lang.Object, java.lang.Object)'> (0x00000007121b87b8) 
thrown [t:\workspace\open\src\hotspot\share\interpreter\linkResolver.cpp, line 766]
Event: 0.348 Thread 0x00000281104e0db0 Exception <a 'java/lang/NoSuchMethodError'{0x0000000711f22a20}: 'java.lang.Object java.lang.invoke.DirectMethodHandle$Holder.newInvokeSpecial(java.lang.Object, java.lang.Object, int, java.lang.Object)'> (0x0000000711f22a20) 
thrown [t:\workspace\open\src\hotspot\share\interpreter\linkResolver.cpp, line 766]
Event: 0.348 Thread 0x00000281104e0db0 Exception <a 'java/lang/NoSuchMethodError'{0x0000000711f26e00}: 'java.lang.Object java.lang.invoke.DirectMethodHandle$Holder.invokeSpecial(java.lang.Object, java.lang.Object, java.lang.Object, int, java.lang.Object)'> (0x0000000711f26e00) 
thrown [t:\workspace\open\src\hotspot\share\interpreter\linkResolver.cpp, line 766]
Event: 0.380 Thread 0x00000281346dcb80 Exception <a 'java/lang/NoSuchMethodError'{0x0000000711dc74b8}: 'void java.lang.invoke.DirectMethodHandle$Holder.invokeStaticInit(java.lang.Object)'> (0x0000000711dc74b8) 
thrown [t:\workspace\open\src\hotspot\share\interpreter\linkResolver.cpp, line 766]
Event: 0.382 Thread 0x00000281104e0db0 Exception <a 'java/lang/NoSuchMethodError'{0x0000000711f3bfc0}: 'java.lang.Object java.lang.invoke.DirectMethodHandle$Holder.newInvokeSpecial(java.lang.Object, java.lang.Object, java.lang.Object, java.lang.Object, java.lang.Object, java.lang.Object)'> (0x0000000711f3bfc0) 
thrown [t:\workspace\open\src\hotspot\share\interpreter\linkResolver.cpp, line 766]
Event: 0.396 Thread 0x00000281104e0db0 Exception <a 'java/lang/NoSuchMethodError'{0x0000000711a86e88}: 'java.lang.Object java.lang.invoke.DirectMethodHandle$Holder.newInvokeSpecial(java.lang.Object, java.lang.Object, java.lang.Object, java.lang.Object, java.lang.Object)'> (0x0000000711a86e88) 
thrown [t:\workspace\open\src\hotspot\share\interpreter\linkResolver.cpp, line 766]
Event: 0.397 Thread 0x0000028138e19d60 Exception <a 'java/lang/NoSuchMethodError'{0x0000000711ae7b20}: 'void java.lang.invoke.DirectMethodHandle$Holder.invokeStatic(java.lang.Object, java.lang.Object, java.lang.Object, java.lang.Object)'> (0x0000000711ae7b20) 
thrown [t:\workspace\open\src\hotspot\share\interpreter\linkResolver.cpp, line 766]
Event: 0.440 Thread 0x00000281346dcb80 Exception <a 'sun/nio/fs/WindowsException'{0x0000000712de98d8}> (0x0000000712de98d8) 
thrown [t:\workspace\open\src\hotspot\share\prims\jni.cpp, line 516]
Event: 0.471 Thread 0x00000281346dcb80 Exception <a 'java/lang/NoSuchMethodError'{0x00000007128a1680}: 'java.lang.Object java.lang.invoke.DirectMethodHandle$Holder.invokeStaticInit(java.lang.Object, java.lang.Object, java.lang.Object, java.lang.Object)'> (0x00000007128a1680) 
thrown [t:\workspace\open\src\hotspot\share\interpreter\linkResolver.cpp, line 766]
Event: 0.472 Thread 0x00000281346dcb80 Exception <a 'java/lang/NullPointerException'{0x00000007128ad348}> (0x00000007128ad348) 
thrown [t:\workspace\open\src\hotspot\share\interpreter\linkResolver.cpp, line 1357]
Event: 0.480 Thread 0x00000281346dcb80 Exception <a 'sun/nio/fs/WindowsException'{0x0000000712916ef8}> (0x0000000712916ef8) 
thrown [t:\workspace\open\src\hotspot\share\prims\jni.cpp, line 516]
Event: 0.494 Thread 0x00000281346dcb80 Exception <a 'sun/nio/fs/WindowsException'{0x000000071299bec0}> (0x000000071299bec0) 
thrown [t:\workspace\open\src\hotspot\share\prims\jni.cpp, line 516]
Event: 0.500 Thread 0x00000281346dcb80 Exception <a 'java/lang/ClassNotFoundException'{0x00000007129b4520}: sun/util/logging/resources/spi/loggingProvider> (0x00000007129b4520) 
thrown [t:\workspace\open\src\hotspot\share\classfile\systemDictionary.cpp, line 256]
Event: 0.536 Thread 0x00000281346dcb80 Exception <a 'java/lang/ClassNotFoundException'{0x0000000712431b80}: com/sun/glass/ui/win/themes> (0x0000000712431b80) 
thrown [t:\workspace\open\src\hotspot\share\prims\jni.cpp, line 535]
Event: 0.537 Thread 0x00000281346dcb80 Exception <a 'java/lang/ClassNotFoundException'{0x0000000712439e18}: com/sun/glass/ui/win/themes_ru> (0x0000000712439e18) 
thrown [t:\workspace\open\src\hotspot\share\prims\jni.cpp, line 535]
Event: 0.537 Thread 0x00000281346dcb80 Exception <a 'java/lang/ClassNotFoundException'{0x000000071243ac60}: com/sun/glass/ui/win/themes_ru_RU> (0x000000071243ac60) 
thrown [t:\workspace\open\src\hotspot\share\prims\jni.cpp, line 535]
Event: 0.591 Thread 0x00000281346dcb80 Exception <a 'java/lang/NoSuchMethodError'{0x000000071213d620}: 'void java.lang.invoke.DirectMethodHandle$Holder.invokeStaticInit(java.lang.Object, java.lang.Object)'> (0x000000071213d620) 
thrown [t:\workspace\open\src\hotspot\share\interpreter\linkResolver.cpp, line 766]
Event: 0.603 Thread 0x00000281346dcb80 Exception <a 'sun/nio/fs/WindowsException'{0x0000000711e5a438}> (0x0000000711e5a438) 
thrown [t:\workspace\open\src\hotspot\share\prims\jni.cpp, line 516]
Event: 0.664 Thread 0x00000281346dcb80 Exception <a 'java/lang/NoSuchMethodError'{0x0000000711ce8088}: 'void java.lang.invoke.DirectMethodHandle$Holder.invokeSpecial(java.lang.Object, java.lang.Object, java.lang.Object, java.lang.Object, java.lang.Object)'> (0x0000000711ce8088) 
thrown [t:\workspace\open\src\hotspot\share\interpreter\linkResolver.cpp, line 766]
Event: 0.713 Thread 0x00000281346dcb80 Implicit null exception at 0x000002811f87cdb0 to 0x000002811f87d590

VM Operations (14 events):
Event: 0.109 Executing VM operation: HandshakeAllThreads
Event: 0.109 Executing VM operation: HandshakeAllThreads done
Event: 0.109 Executing VM operation: HandshakeAllThreads
Event: 0.109 Executing VM operation: HandshakeAllThreads done
Event: 0.131 Executing VM operation: HandshakeAllThreads
Event: 0.131 Executing VM operation: HandshakeAllThreads done
Event: 0.341 Executing VM operation: HandshakeAllThreads
Event: 0.341 Executing VM operation: HandshakeAllThreads done
Event: 0.426 Executing VM operation: G1CollectForAllocation
Event: 0.429 Executing VM operation: G1CollectForAllocation done
Event: 0.512 Executing VM operation: HandshakeAllThreads
Event: 0.512 Executing VM operation: HandshakeAllThreads done
Event: 0.554 Executing VM operation: HandshakeAllThreads
Event: 0.554 Executing VM operation: HandshakeAllThreads done

Events (20 events):
Event: 0.656 loading class java/lang/reflect/ParameterizedType
Event: 0.656 loading class java/lang/reflect/ParameterizedType done
Event: 0.656 loading class sun/reflect/generics/reflectiveObjects/ParameterizedTypeImpl done
Event: 0.656 loading class sun/reflect/generics/tree/ClassSignature
Event: 0.656 loading class sun/reflect/generics/tree/ClassSignature done
Event: 0.656 loading class sun/reflect/generics/tree/TypeVariableSignature
Event: 0.656 loading class sun/reflect/generics/tree/TypeVariableSignature done
Event: 0.656 loading class sun/reflect/generics/reflectiveObjects/TypeVariableImpl
Event: 0.656 loading class sun/reflect/generics/reflectiveObjects/LazyReflectiveObjectGenerator
Event: 0.656 loading class sun/reflect/generics/reflectiveObjects/LazyReflectiveObjectGenerator done
Event: 0.656 loading class sun/reflect/generics/reflectiveObjects/TypeVariableImpl done
Event: 0.671 Thread 0x00000281391bf100 Thread added: 0x00000281391bf100
Event: 0.676 loading class jdk/internal/math/FDBigInteger
Event: 0.676 loading class jdk/internal/math/FDBigInteger done
Event: 0.680 loading class com/sun/org/apache/xerces/internal/impl/io/MalformedByteSequenceException
Event: 0.680 loading class java/io/CharConversionException
Event: 0.680 loading class java/io/CharConversionException done
Event: 0.680 loading class com/sun/org/apache/xerces/internal/impl/io/MalformedByteSequenceException done
Event: 0.689 loading class java/io/CharArrayReader
Event: 0.689 loading class java/io/CharArrayReader done


Dynamic libraries:
0x00007ff6654b0000 - 0x00007ff6654c0000 	C:\Program Files\Java\jdk-17.0.2\bin\java.exe
0x00007ffdc2170000 - 0x00007ffdc2368000 	C:\WINDOWS\SYSTEM32\ntdll.dll
0x00007ffdc0ab0000 - 0x00007ffdc0b6d000 	C:\WINDOWS\System32\KERNEL32.DLL
0x00007ffdbf9c0000 - 0x00007ffdbfc8e000 	C:\WINDOWS\System32\KERNELBASE.dll
0x00007ffdbfed0000 - 0x00007ffdbffd0000 	C:\WINDOWS\System32\ucrtbase.dll
0x00007ffdafbe0000 - 0x00007ffdafbfa000 	C:\Program Files\Java\jdk-17.0.2\bin\VCRUNTIME140.dll
0x00007ffdaa950000 - 0x00007ffdaa968000 	C:\Program Files\Java\jdk-17.0.2\bin\jli.dll
0x00007ffdc1d80000 - 0x00007ffdc1e2e000 	C:\WINDOWS\System32\ADVAPI32.dll
0x00007ffdc1950000 - 0x00007ffdc19ee000 	C:\WINDOWS\System32\msvcrt.dll
0x00007ffdc01d0000 - 0x00007ffdc026c000 	C:\WINDOWS\System32\sechost.dll
0x00007ffdc1bf0000 - 0x00007ffdc1d15000 	C:\WINDOWS\System32\RPCRT4.dll
0x00007ffdc1f90000 - 0x00007ffdc2130000 	C:\WINDOWS\System32\USER32.dll
0x00007ffda3580000 - 0x00007ffda381a000 	C:\WINDOWS\WinSxS\amd64_microsoft.windows.common-controls_6595b64144ccf1df_6.0.19041.1110_none_60b5254171f9507e\COMCTL32.dll
0x00007ffdbfe10000 - 0x00007ffdbfe32000 	C:\WINDOWS\System32\win32u.dll
0x00007ffdc19f0000 - 0x00007ffdc1a1a000 	C:\WINDOWS\System32\GDI32.dll
0x00007ffdbfd00000 - 0x00007ffdbfe0b000 	C:\WINDOWS\System32\gdi32full.dll
0x00007ffdbffd0000 - 0x00007ffdc006d000 	C:\WINDOWS\System32\msvcp_win.dll
0x00007ffdb8570000 - 0x00007ffdb857a000 	C:\WINDOWS\SYSTEM32\VERSION.dll
0x00007ffdc09e0000 - 0x00007ffdc0a10000 	C:\WINDOWS\System32\IMM32.DLL
0x00007ffdb4500000 - 0x00007ffdb450c000 	C:\Program Files\Java\jdk-17.0.2\bin\vcruntime140_1.dll
0x00007ffd95ab0000 - 0x00007ffd95b3d000 	C:\Program Files\Java\jdk-17.0.2\bin\msvcp140.dll
0x00007ffd6d110000 - 0x00007ffd6dcd1000 	C:\Program Files\Java\jdk-17.0.2\bin\server\jvm.dll
0x00007ffdc18b0000 - 0x00007ffdc18b8000 	C:\WINDOWS\System32\PSAPI.DLL
0x00007ffdaca00000 - 0x00007ffdaca27000 	C:\WINDOWS\SYSTEM32\WINMM.dll
0x00007ffdbad80000 - 0x00007ffdbad89000 	C:\WINDOWS\SYSTEM32\WSOCK32.dll
0x00007ffdc1840000 - 0x00007ffdc18ab000 	C:\WINDOWS\System32\WS2_32.dll
0x00007ffdbe120000 - 0x00007ffdbe132000 	C:\WINDOWS\SYSTEM32\kernel.appcore.dll
0x00007ffdaaa40000 - 0x00007ffdaaa4a000 	C:\Program Files\Java\jdk-17.0.2\bin\jimage.dll
0x00007ffdbbd20000 - 0x00007ffdbbf04000 	C:\WINDOWS\SYSTEM32\DBGHELP.DLL
0x00007ffdaca70000 - 0x00007ffdaca9c000 	C:\WINDOWS\SYSTEM32\dbgcore.DLL
0x00007ffdbfe40000 - 0x00007ffdbfec2000 	C:\WINDOWS\System32\bcryptPrimitives.dll
0x00007ffdbadb0000 - 0x00007ffdbadbe000 	C:\Program Files\Java\jdk-17.0.2\bin\instrument.dll
0x00007ffd9f080000 - 0x00007ffd9f0a5000 	C:\Program Files\Java\jdk-17.0.2\bin\java.dll
0x00007ffd952d0000 - 0x00007ffd953a6000 	C:\Program Files\Java\jdk-17.0.2\bin\jsvml.dll
0x00007ffdc1090000 - 0x00007ffdc17d3000 	C:\WINDOWS\System32\SHELL32.dll
0x00007ffdbd940000 - 0x00007ffdbe0d5000 	C:\WINDOWS\SYSTEM32\windows.storage.dll
0x00007ffdc0270000 - 0x00007ffdc05c4000 	C:\WINDOWS\System32\combase.dll
0x00007ffdbf2f0000 - 0x00007ffdbf320000 	C:\WINDOWS\SYSTEM32\Wldp.dll
0x00007ffdc0fe0000 - 0x00007ffdc108d000 	C:\WINDOWS\System32\SHCORE.dll
0x00007ffdc17e0000 - 0x00007ffdc1835000 	C:\WINDOWS\System32\shlwapi.dll
0x00007ffdbf7d0000 - 0x00007ffdbf7ef000 	C:\WINDOWS\SYSTEM32\profapi.dll
0x00007ffd9ec30000 - 0x00007ffd9ec49000 	C:\Program Files\Java\jdk-17.0.2\bin\net.dll
0x00007ffdb0520000 - 0x00007ffdb062a000 	C:\WINDOWS\SYSTEM32\WINHTTP.dll
0x00007ffdbf050000 - 0x00007ffdbf0ba000 	C:\WINDOWS\system32\mswsock.dll
0x00007ffd9ec10000 - 0x00007ffd9ec26000 	C:\Program Files\Java\jdk-17.0.2\bin\nio.dll
0x00007ffd9ebf0000 - 0x00007ffd9ec08000 	C:\Program Files\Java\jdk-17.0.2\bin\zip.dll
0x00007ffdb9ca0000 - 0x00007ffdb9cba000 	E:\IntelliJ IDEA PRO\IntelliJ IDEA 2022.2.3\bin\breakgen64.dll
0x0000028110400000 - 0x0000028110403000 	C:\Users\User\.openjfx\cache\17.0.2-ea\api-ms-win-core-console-l1-1-0.dll
0x0000028110410000 - 0x0000028110413000 	C:\Users\User\.openjfx\cache\17.0.2-ea\api-ms-win-core-console-l1-2-0.dll
0x0000028110420000 - 0x0000028110423000 	C:\Users\User\.openjfx\cache\17.0.2-ea\api-ms-win-core-datetime-l1-1-0.dll
0x0000028110430000 - 0x0000028110433000 	C:\Users\User\.openjfx\cache\17.0.2-ea\api-ms-win-core-debug-l1-1-0.dll
0x0000028110440000 - 0x0000028110443000 	C:\Users\User\.openjfx\cache\17.0.2-ea\api-ms-win-core-errorhandling-l1-1-0.dll
0x0000028110450000 - 0x0000028110454000 	C:\Users\User\.openjfx\cache\17.0.2-ea\api-ms-win-core-file-l1-1-0.dll
0x0000028110460000 - 0x0000028110463000 	C:\Users\User\.openjfx\cache\17.0.2-ea\api-ms-win-core-file-l1-2-0.dll
0x0000028110470000 - 0x0000028110473000 	C:\Users\User\.openjfx\cache\17.0.2-ea\api-ms-win-core-file-l2-1-0.dll
0x0000028110480000 - 0x0000028110483000 	C:\Users\User\.openjfx\cache\17.0.2-ea\api-ms-win-core-handle-l1-1-0.dll
0x0000028110490000 - 0x0000028110493000 	C:\Users\User\.openjfx\cache\17.0.2-ea\api-ms-win-core-heap-l1-1-0.dll
0x00000281104a0000 - 0x00000281104a3000 	C:\Users\User\.openjfx\cache\17.0.2-ea\api-ms-win-core-interlocked-l1-1-0.dll
0x00000281104b0000 - 0x00000281104b3000 	C:\Users\User\.openjfx\cache\17.0.2-ea\api-ms-win-core-libraryloader-l1-1-0.dll
0x0000028133250000 - 0x0000028133253000 	C:\Users\User\.openjfx\cache\17.0.2-ea\api-ms-win-core-localization-l1-2-0.dll
0x0000028133260000 - 0x0000028133263000 	C:\Users\User\.openjfx\cache\17.0.2-ea\api-ms-win-core-memory-l1-1-0.dll
0x0000028133270000 - 0x0000028133273000 	C:\Users\User\.openjfx\cache\17.0.2-ea\api-ms-win-core-namedpipe-l1-1-0.dll
0x0000028133280000 - 0x0000028133283000 	C:\Users\User\.openjfx\cache\17.0.2-ea\api-ms-win-core-processenvironment-l1-1-0.dll
0x0000028133290000 - 0x0000028133293000 	C:\Users\User\.openjfx\cache\17.0.2-ea\api-ms-win-core-processthreads-l1-1-0.dll
0x00000281332a0000 - 0x00000281332a3000 	C:\Users\User\.openjfx\cache\17.0.2-ea\api-ms-win-core-processthreads-l1-1-1.dll
0x00000281332b0000 - 0x00000281332b3000 	C:\Users\User\.openjfx\cache\17.0.2-ea\api-ms-win-core-profile-l1-1-0.dll
0x00000281332c0000 - 0x00000281332c3000 	C:\Users\User\.openjfx\cache\17.0.2-ea\api-ms-win-core-rtlsupport-l1-1-0.dll
0x00000281332d0000 - 0x00000281332d3000 	C:\Users\User\.openjfx\cache\17.0.2-ea\api-ms-win-core-string-l1-1-0.dll
0x00000281332e0000 - 0x00000281332e3000 	C:\Users\User\.openjfx\cache\17.0.2-ea\api-ms-win-core-synch-l1-1-0.dll
0x00000281332f0000 - 0x00000281332f3000 	C:\Users\User\.openjfx\cache\17.0.2-ea\api-ms-win-core-synch-l1-2-0.dll
0x0000028133300000 - 0x0000028133303000 	C:\Users\User\.openjfx\cache\17.0.2-ea\api-ms-win-core-sysinfo-l1-1-0.dll
0x0000028133310000 - 0x0000028133313000 	C:\Users\User\.openjfx\cache\17.0.2-ea\api-ms-win-core-timezone-l1-1-0.dll
0x0000028133320000 - 0x0000028133323000 	C:\Users\User\.openjfx\cache\17.0.2-ea\api-ms-win-core-util-l1-1-0.dll
0x0000028133330000 - 0x0000028133333000 	C:\Users\User\.openjfx\cache\17.0.2-ea\api-ms-win-crt-conio-l1-1-0.dll
0x0000028133340000 - 0x0000028133344000 	C:\Users\User\.openjfx\cache\17.0.2-ea\api-ms-win-crt-convert-l1-1-0.dll
0x0000028133350000 - 0x0000028133353000 	C:\Users\User\.openjfx\cache\17.0.2-ea\api-ms-win-crt-environment-l1-1-0.dll
0x0000028133360000 - 0x0000028133363000 	C:\Users\User\.openjfx\cache\17.0.2-ea\api-ms-win-crt-filesystem-l1-1-0.dll
0x0000028133370000 - 0x0000028133373000 	C:\Users\User\.openjfx\cache\17.0.2-ea\api-ms-win-crt-heap-l1-1-0.dll
0x0000028133380000 - 0x0000028133383000 	C:\Users\User\.openjfx\cache\17.0.2-ea\api-ms-win-crt-locale-l1-1-0.dll
0x0000028133390000 - 0x0000028133395000 	C:\Users\User\.openjfx\cache\17.0.2-ea\api-ms-win-crt-math-l1-1-0.dll
0x00000281333a0000 - 0x00000281333a5000 	C:\Users\User\.openjfx\cache\17.0.2-ea\api-ms-win-crt-multibyte-l1-1-0.dll
0x00000281333b0000 - 0x00000281333c0000 	C:\Users\User\.openjfx\cache\17.0.2-ea\api-ms-win-crt-private-l1-1-0.dll
0x00000281333c0000 - 0x00000281333c3000 	C:\Users\User\.openjfx\cache\17.0.2-ea\api-ms-win-crt-process-l1-1-0.dll
0x00000281333d0000 - 0x00000281333d4000 	C:\Users\User\.openjfx\cache\17.0.2-ea\api-ms-win-crt-runtime-l1-1-0.dll
0x00000281333e0000 - 0x00000281333e4000 	C:\Users\User\.openjfx\cache\17.0.2-ea\api-ms-win-crt-stdio-l1-1-0.dll
0x00000281333f0000 - 0x00000281333f4000 	C:\Users\User\.openjfx\cache\17.0.2-ea\api-ms-win-crt-string-l1-1-0.dll
0x0000028134800000 - 0x0000028134803000 	C:\Users\User\.openjfx\cache\17.0.2-ea\api-ms-win-crt-time-l1-1-0.dll
0x0000028134810000 - 0x0000028134813000 	C:\Users\User\.openjfx\cache\17.0.2-ea\api-ms-win-crt-utility-l1-1-0.dll
0x00007ffda0260000 - 0x00007ffda035c000 	C:\Users\User\.openjfx\cache\17.0.2-ea\ucrtbase.dll
0x00007ffdb9ae0000 - 0x00007ffdb9afa000 	C:\Users\User\.openjfx\cache\17.0.2-ea\vcruntime140.dll
0x00007ffdb9b40000 - 0x00007ffdb9b4c000 	C:\Users\User\.openjfx\cache\17.0.2-ea\vcruntime140_1.dll
0x00007ffda22c0000 - 0x00007ffda234d000 	C:\Users\User\.openjfx\cache\17.0.2-ea\msvcp140.dll
0x00007ffdada20000 - 0x00007ffdada4a000 	C:\Users\User\.openjfx\cache\17.0.2-ea\prism_d3d.dll
0x00007ffd944b0000 - 0x00007ffd9467f000 	C:\WINDOWS\system32\d3d9.dll
0x00007ffdbd1f0000 - 0x00007ffdbd21f000 	C:\WINDOWS\SYSTEM32\dwmapi.dll
0x00007ffdbcf00000 - 0x00007ffdbcf9e000 	C:\WINDOWS\system32\uxtheme.dll
0x00007ffd81510000 - 0x00007ffd816dd000 	C:\WINDOWS\System32\DriverStore\FileRepository\iigd_dch.inf_amd64_5ff19bda550c7b73\igdumdim64.dll
0x00007ffdb52e0000 - 0x00007ffdb5400000 	C:\WINDOWS\System32\DriverStore\FileRepository\iigd_dch.inf_amd64_5ff19bda550c7b73\igdgmm64.dll
0x00007ffd644a0000 - 0x00007ffd680b1000 	C:\WINDOWS\System32\DriverStore\FileRepository\iigd_dch.inf_amd64_5ff19bda550c7b73\igd9dxva64.dll
0x00007ffdc06a0000 - 0x00007ffdc07ca000 	C:\WINDOWS\System32\OLE32.dll
0x00007ffdc05d0000 - 0x00007ffdc069d000 	C:\WINDOWS\System32\OLEAUT32.dll
0x00007ffda07c0000 - 0x00007ffda0802000 	C:\Users\User\.openjfx\cache\17.0.2-ea\glass.dll
0x00007ffdc1ea0000 - 0x00007ffdc1f7a000 	C:\WINDOWS\System32\COMDLG32.dll
0x00007ffdc1a20000 - 0x00007ffdc1b35000 	C:\WINDOWS\System32\MSCTF.dll
0x00007ffdad730000 - 0x00007ffdad751000 	C:\WINDOWS\System32\DriverStore\FileRepository\iigd_dch.inf_amd64_5ff19bda550c7b73\igdinfo64.dll
0x00007ffdb1030000 - 0x00007ffdb3390000 	C:\WINDOWS\System32\DriverStore\FileRepository\iigd_dch.inf_amd64_5ff19bda550c7b73\igc64.dll
0x00007ffdba5a0000 - 0x00007ffdba5db000 	C:\WINDOWS\SYSTEM32\dxcore.dll
0x00007ffdbf970000 - 0x00007ffdbf9be000 	C:\WINDOWS\System32\cfgmgr32.dll
0x00007ffdb94f0000 - 0x00007ffdb9504000 	C:\Users\User\.openjfx\cache\17.0.2-ea\javafx_font.dll
0x00007ffd99810000 - 0x00007ffd99a8f000 	C:\WINDOWS\SYSTEM32\dwrite.dll
0x00007ffdc1b40000 - 0x00007ffdc1be9000 	C:\WINDOWS\System32\clbcatq.dll
0x00007ffdb8860000 - 0x00007ffdb8a14000 	C:\WINDOWS\SYSTEM32\WindowsCodecs.dll
0x00007ffdbf940000 - 0x00007ffdbf967000 	C:\WINDOWS\System32\bcrypt.dll
0x00007ffd89ce0000 - 0x00007ffd89d1e000 	C:\WINDOWS\system32\dataexchange.dll
0x00007ffdbaf50000 - 0x00007ffdbb1b3000 	C:\WINDOWS\system32\d3d11.dll
0x00007ffdbc070000 - 0x00007ffdbc254000 	C:\WINDOWS\system32\dcomp.dll
0x00007ffdbe160000 - 0x00007ffdbe253000 	C:\WINDOWS\system32\dxgi.dll
0x00007ffdb8b00000 - 0x00007ffdb8d00000 	C:\WINDOWS\system32\twinapi.appcore.dll
0x00007ffda26f0000 - 0x00007ffda2724000 	C:\Program Files\Common Files\Microsoft Shared\Ink\rtscom.dll

dbghelp: loaded successfully - version: 4.0.5 - missing functions: none
symbol engine: initialized successfully - sym options: 0x614 - pdb path: .;C:\Program Files\Java\jdk-17.0.2\bin;C:\WINDOWS\SYSTEM32;C:\WINDOWS\WinSxS\amd64_microsoft.windows.common-controls_6595b64144ccf1df_6.0.19041.1110_none_60b5254171f9507e;C:\Program Files\Java\jdk-17.0.2\bin\server;E:\IntelliJ IDEA PRO\IntelliJ IDEA 2022.2.3\bin;C:\Users\User\.openjfx\cache\17.0.2-ea;C:\WINDOWS\System32\DriverStore\FileRepository\iigd_dch.inf_amd64_5ff19bda550c7b73;C:\Program Files\Common Files\Microsoft Shared\Ink

VM Arguments:
jvm_args: -javaagent:E:\IntelliJ IDEA PRO\IntelliJ IDEA 2022.2.3\lib\idea_rt.jar=59385:E:\IntelliJ IDEA PRO\IntelliJ IDEA 2022.2.3\bin -Dfile.encoding=UTF-8 --module-path=C:\Users\User\.m2\repository\org\openjfx\javafx-controls\17.0.2\javafx-controls-17.0.2-win.jar;C:\Users\User\.m2\repository\org\openjfx\javafx-fxml\17.0.2\javafx-fxml-17.0.2-win.jar;E:\ProgSP_course_project\Java\Course_project\target\classes;C:\Users\User\.m2\repository\org\openjfx\javafx-graphics\17.0.2\javafx-graphics-17.0.2-win.jar;C:\Users\User\.m2\repository\org\openjfx\javafx-base\17.0.2\javafx-base-17.0.2-win.jar -Djdk.module.main=com.example.course_project 
java_command: com.example.course_project/com.example.course_project.StartClient
java_class_path (initial): D:\mysql-connector-j-8.0.31\mysql-connector-j-8.0.31.jar;C:\Users\User\.m2\repository\org\openjfx\javafx-controls\17.0.2\javafx-controls-17.0.2.jar;C:\Users\User\.m2\repository\org\openjfx\javafx-graphics\17.0.2\javafx-graphics-17.0.2.jar;C:\Users\User\.m2\repository\org\openjfx\javafx-base\17.0.2\javafx-base-17.0.2.jar;C:\Users\User\.m2\repository\org\openjfx\javafx-fxml\17.0.2\javafx-fxml-17.0.2.jar
Launcher Type: SUN_STANDARD

[Global flags]
     intx CICompilerCount                          = 4                                         {product} {ergonomic}
     uint ConcGCThreads                            = 2                                         {product} {ergonomic}
     uint G1ConcRefinementThreads                  = 8                                         {product} {ergonomic}
   size_t G1HeapRegionSize                         = 2097152                                   {product} {ergonomic}
    uintx GCDrainStackTargetSize                   = 64                                        {product} {ergonomic}
   size_t InitialHeapSize                          = 266338304                                 {product} {ergonomic}
   size_t MarkStackSize                            = 4194304                                   {product} {ergonomic}
   size_t MaxHeapSize                              = 4244635648                                {product} {ergonomic}
   size_t MaxNewSize                               = 2545942528                                {product} {ergonomic}
   size_t MinHeapDeltaBytes                        = 2097152                                   {product} {ergonomic}
   size_t MinHeapSize                              = 8388608                                   {product} {ergonomic}
    uintx NonNMethodCodeHeapSize                   = 5839372                                {pd product} {ergonomic}
    uintx NonProfiledCodeHeapSize                  = 122909434                              {pd product} {ergonomic}
    uintx ProfiledCodeHeapSize                     = 122909434                              {pd product} {ergonomic}
    uintx ReservedCodeCacheSize                    = 251658240                              {pd product} {ergonomic}
     bool SegmentedCodeCache                       = true                                      {product} {ergonomic}
   size_t SoftMaxHeapSize                          = 4244635648                             {manageable} {ergonomic}
     bool UseCompressedClassPointers               = true                           {product lp64_product} {ergonomic}
     bool UseCompressedOops                        = true                           {product lp64_product} {ergonomic}
     bool UseG1GC                                  = true                                      {product} {ergonomic}
     bool UseLargePagesIndividualAllocation        = false                                  {pd product} {ergonomic}

Logging:
Log output configuration:
 #0: stdout all=warning uptime,level,tags
 #1: stderr all=off uptime,level,tags

Environment Variables:
CLASSPATH=.;C:\PROGRA~1\IBM\IBMDAT~1\java\db2jcc.jar;C:\PROGRA~1\IBM\IBMDAT~1\java\sqlj.zip;C:\PROGRA~1\IBM\IBMDAT~1\bin
PATH=C:\Program Files\Microsoft MPI\Bin\;C:\Program Files\Python38\Scripts\;C:\Program Files\Python38\;D:\WinAVR\bin;D:\WinAVR\utils\bin;C:\Program Files\Common Files\Oracle\Java\javapath;C:\Program Files (x86)\Common Files\Oracle\Java\javapath;C:\WINDOWS\system32;C:\WINDOWS;C:\WINDOWS\System32\Wbem;C:\WINDOWS\System32\WindowsPowerShell\v1.0\;C:\WINDOWS\System32\OpenSSH\;C:\Program Files (x86)\NVIDIA Corporation\PhysX\Common;C:\Program Files\NVIDIA Corporation\NVIDIA NvDLISR;C:\Program Files\Git\cmd;C:\Program Files\Microsoft SQL Server\Client SDK\ODBC\170\Tools\Binn\;C:\Program Files\Microsoft SQL Server\130\Tools\Binn\;C:\Program Files\Microsoft SQL Server\150\Tools\Binn\;C:\Program Files (x86)\Microsoft SQL Server\150\DTS\Binn\;C:\Program Files\dotnet\;C:\Program Files (x86)\Microsoft SQL Server\110\DTS\Binn\;C:\Program Files (x86)\Microsoft SQL Server\120\DTS\Binn\;C:\Program Files (x86)\Microsoft SQL Server\130\DTS\Binn\;C:\Program Files (x86)\Microsoft SQL Server\140\DTS\Binn\;C:\Program Files (x86)\Microsoft SQL Server\160\DTS\Binn\;C:\WINDOWS\system32;C:\WINDOWS;C:\WINDOWS\System32\Wbem;C:\WINDOWS\System32\WindowsPowerShell\v1.0\;C:\WINDOWS\System32\OpenSSH\;C:\PROGRA~1\IBM\IBMDAT~1\BIN;E:\Git_LFS\Git LFS;E:\TortoiseGIT\bin;C:\Users\User\.dnx\bin;C:\Program Files\Microsoft DNX\Dnvm\;C:\Program Files (x86)\Microsoft SQL Server\150\Tools\Binn\;C:\Program Files\Microsoft SQL Server\150\DTS\Binn\;C:\Program Files\MySQL\MySQL Shell 8.0\bin\;E:\Python_3_10\Scripts\;E:\Python_3_10\;C:\Users\User\AppData\Local\Microsoft\WindowsApps;C:\Users\User\AppData\Local\GitHubDesktop\bin;C:\Program Files\Azure Data Studio\bin;C:\Program Files (x86)\GNU Tools ARM Embedded\4.6 2012q4\bin;C:\Users\User\.dotnet\tools;;E:\PyCharm PRO\PyCharm 2022.2.2\bin;;E:\IntelliJ IDEA PRO\IntelliJ IDEA 2022.2.3\bin;
USERNAME=User
OS=Windows_NT
PROCESSOR_IDENTIFIER=Intel64 Family 6 Model 165 Stepping 2, GenuineIntel



---------------  S Y S T E M  ---------------

OS:
 Windows 10 , 64 bit Build 19041 (10.0.19041.1889)
OS uptime: 8 days 10:54 hours

CPU: total 8 (initial active 8) (4 cores per cpu, 2 threads per core) family 6 model 165 stepping 2 microcode 0xc8, cx8, cmov, fxsr, ht, mmx, 3dnowpref, sse, sse2, sse3, ssse3, sse4.1, sse4.2, popcnt, lzcnt, tsc, tscinvbit, avx, avx2, aes, erms, clmul, bmi1, bmi2, adx, fma, vzeroupper, clflush, clflushopt

Memory: 4k page, system-wide physical 16185M (4390M free)
TotalPageFile size 18233M (AvailPageFile size 5M)
current process WorkingSet (physical memory assigned to process): 126M, peak: 126M
current process commit charge ("private bytes"): 402M, peak: 404M

vm_info: Java HotSpot(TM) 64-Bit Server VM (17.0.2+8-LTS-86) for windows-amd64 JRE (17.0.2+8-LTS-86), built on Dec  7 2021 21:51:03 by "mach5one" with MS VC++ 16.8 / 16.9 (VS2019)

END.
