#
# There is insufficient memory for the Java Runtime Environment to continue.
# Native memory allocation (mmap) failed to map 65536 bytes for Failed to commit metaspace.
# Possible reasons:
#   The system is out of physical RAM or swap space
#   The process is running with CompressedOops enabled, and the Java Heap may be blocking the growth of the native heap
# Possible solutions:
#   Reduce memory load on the system
#   Increase physical memory or swap space
#   Check if swap backing store is full
#   Decrease Java heap size (-Xmx/-Xms)
#   Decrease number of Java threads
#   Decrease Java thread stack sizes (-Xss)
#   Set larger code cache with -XX:ReservedCodeCacheSize=
#   JVM is running with Zero Based Compressed Oops mode in which the Java heap is
#     placed in the first 32GB address space. The Java Heap base address is the
#     maximum limit for the native heap growth. Please use -XX:HeapBaseMinAddress
#     to set the Java Heap base and to place the Java Heap above 32GB virtual address.
# This output file may be truncated or incomplete.
#
#  Out of Memory Error (virtualSpaceNode.cpp:110), pid=6408, tid=3368
#
# JRE version: Java(TM) SE Runtime Environment (17.0.2+8) (build 17.0.2+8-LTS-86)
# Java VM: Java HotSpot(TM) 64-Bit Server VM (17.0.2+8-LTS-86, mixed mode, sharing, tiered, compressed oops, compressed class ptrs, g1 gc, windows-amd64)
# No core dump will be written. Minidumps are not enabled by default on client versions of Windows
#

---------------  S U M M A R Y ------------

Command Line: -javaagent:E:\IntelliJ IDEA PRO\IntelliJ IDEA 2022.2.3\lib\idea_rt.jar=59356:E:\IntelliJ IDEA PRO\IntelliJ IDEA 2022.2.3\bin -Dfile.encoding=UTF-8 --module-path=C:\Users\User\.m2\repository\org\openjfx\javafx-controls\17.0.2\javafx-controls-17.0.2-win.jar;E:\ProgSP_course_project\Java\Course_project\target\classes;C:\Users\User\.m2\repository\org\openjfx\javafx-base\17.0.2\javafx-base-17.0.2-win.jar;C:\Users\User\.m2\repository\org\openjfx\javafx-fxml\17.0.2\javafx-fxml-17.0.2-win.jar;C:\Users\User\.m2\repository\org\openjfx\javafx-graphics\17.0.2\javafx-graphics-17.0.2-win.jar -Djdk.module.main=com.example.course_project com.example.course_project/com.example.course_project.StartClient

Host: Intel(R) Core(TM) i5-10300H CPU @ 2.50GHz, 8 cores, 15G,  Windows 10 , 64 bit Build 19041 (10.0.19041.1889)
Time: Sun Dec 18 13:12:20 2022  Windows 10 , 64 bit Build 19041 (10.0.19041.1889) elapsed time: 0.439637 seconds (0d 0h 0m 0s)

---------------  T H R E A D  ---------------

Current thread (0x000001e78260c000):  JavaThread "JavaFX Application Thread" [_thread_in_vm, id=3368, stack(0x000000949f100000,0x000000949f200000)]

Stack: [0x000000949f100000,0x000000949f200000]
Native frames: (J=compiled Java code, j=interpreted, Vv=VM code, C=native code)
V  [jvm.dll+0x670baa]
V  [jvm.dll+0x7cfcb4]
V  [jvm.dll+0x7d145e]
V  [jvm.dll+0x7d1ac3]
V  [jvm.dll+0x242bc5]
V  [jvm.dll+0x7cbc5b]
V  [jvm.dll+0x616966]
V  [jvm.dll+0x1be3ee]
V  [jvm.dll+0x6192a1]
V  [jvm.dll+0x617306]
V  [jvm.dll+0x621057]
V  [jvm.dll+0x1e7e2b]
V  [jvm.dll+0x1e8365]
V  [jvm.dll+0x1e8d9f]
V  [jvm.dll+0x1de251]
V  [jvm.dll+0x537c30]
V  [jvm.dll+0x74ad28]
V  [jvm.dll+0x74ae14]
V  [jvm.dll+0x408cc5]
V  [jvm.dll+0x40ed18]
C  [java.dll+0x17ec]

Java frames: (J=compiled Java code, j=interpreted, Vv=VM code)
J 876  java.lang.ClassLoader.defineClass1(Ljava/lang/ClassLoader;Ljava/lang/String;[BIILjava/security/ProtectionDomain;Ljava/lang/String;)Ljava/lang/Class; java.base@17.0.2 (0 bytes) @ 0x000001e7ee53a863 [0x000001e7ee53a7a0+0x00000000000000c3]
j  java.lang.ClassLoader.defineClass(Ljava/lang/String;[BIILjava/security/ProtectionDomain;)Ljava/lang/Class;+27 java.base@17.0.2
J 888 c1 java.lang.ClassLoader.defineClass(Ljava/lang/String;Ljava/nio/ByteBuffer;Ljava/security/ProtectionDomain;)Ljava/lang/Class; java.base@17.0.2 (108 bytes) @ 0x000001e7e7121364 [0x000001e7e7120b00+0x0000000000000864]
J 887 c1 java.security.SecureClassLoader.defineClass(Ljava/lang/String;Ljava/nio/ByteBuffer;Ljava/security/CodeSource;)Ljava/lang/Class; java.base@17.0.2 (12 bytes) @ 0x000001e7e712067c [0x000001e7e71205c0+0x00000000000000bc]
j  jdk.internal.loader.BuiltinClassLoader.defineClass(Ljava/lang/String;Ljdk/internal/loader/BuiltinClassLoader$LoadedModule;)Ljava/lang/Class;+127 java.base@17.0.2
J 751 c1 jdk.internal.loader.BuiltinClassLoader.loadClassOrNull(Ljava/lang/String;Z)Ljava/lang/Class; java.base@17.0.2 (143 bytes) @ 0x000001e7e70dfbbc [0x000001e7e70df5c0+0x00000000000005fc]
J 895 c1 jdk.internal.loader.ClassLoaders$AppClassLoader.loadClass(Ljava/lang/String;Z)Ljava/lang/Class; java.base@17.0.2 (40 bytes) @ 0x000001e7e7124e0c [0x000001e7e71247e0+0x000000000000062c]
J 753 c1 java.lang.ClassLoader.loadClass(Ljava/lang/String;)Ljava/lang/Class; java.base@17.0.2 (7 bytes) @ 0x000001e7e70e1c4c [0x000001e7e70e1b40+0x000000000000010c]
v  ~StubRoutines::call_stub
j  javafx.stage.Window.<init>()V+212 javafx.graphics
j  javafx.stage.Stage.<init>(Ljavafx/stage/StageStyle;)V+1 javafx.graphics
j  javafx.stage.Stage.<init>()V+4 javafx.graphics
j  com.sun.javafx.application.LauncherImpl.lambda$launchApplication1$9(Ljava/util/concurrent/atomic/AtomicBoolean;Ljavafx/application/Application;)V+9 javafx.graphics
j  com.sun.javafx.application.LauncherImpl$$Lambda$108+0x0000000800c3e898.run()V+8 javafx.graphics
j  com.sun.javafx.application.PlatformImpl.lambda$runAndWait$12(Ljava/lang/Runnable;Ljava/util/concurrent/CountDownLatch;)V+1 javafx.graphics
j  com.sun.javafx.application.PlatformImpl$$Lambda$88+0x0000000800c39da8.run()V+8 javafx.graphics
j  com.sun.javafx.application.PlatformImpl.lambda$runLater$10(Ljava/lang/Runnable;)Ljava/lang/Void;+1 javafx.graphics
j  com.sun.javafx.application.PlatformImpl$$Lambda$90+0x0000000800c3b218.run()Ljava/lang/Object;+4 javafx.graphics
J 847 c1 java.security.AccessController.executePrivileged(Ljava/security/PrivilegedAction;Ljava/security/AccessControlContext;Ljava/lang/Class;)Ljava/lang/Object; java.base@17.0.2 (65 bytes) @ 0x000001e7e710c43c [0x000001e7e710c2e0+0x000000000000015c]
j  java.security.AccessController.doPrivileged(Ljava/security/PrivilegedAction;Ljava/security/AccessControlContext;)Ljava/lang/Object;+13 java.base@17.0.2
j  com.sun.javafx.application.PlatformImpl.lambda$runLater$11(Ljava/lang/Runnable;Ljava/security/AccessControlContext;)V+7 javafx.graphics
j  com.sun.javafx.application.PlatformImpl$$Lambda$89+0x0000000800c3a1c8.run()V+8 javafx.graphics
j  com.sun.glass.ui.InvokeLaterDispatcher$Future.run()V+4 javafx.graphics
v  ~StubRoutines::call_stub
j  com.sun.glass.ui.win.WinApplication._runLoop(Ljava/lang/Runnable;)V+0 javafx.graphics
j  com.sun.glass.ui.win.WinApplication.lambda$runLoop$3(ILjava/lang/Runnable;)V+8 javafx.graphics
j  com.sun.glass.ui.win.WinApplication$$Lambda$78+0x0000000800c29220.run()V+12 javafx.graphics
j  java.lang.Thread.run()V+11 java.base@17.0.2
v  ~StubRoutines::call_stub

---------------  P R O C E S S  ---------------

Threads class SMR info:
_java_thread_list=0x000001e783b03610, length=19, elements={
0x000001e7dd9f0ee0, 0x000001e7825eb940, 0x000001e7825ec7b0, 0x000001e782603780,
0x000001e782606050, 0x000001e782607830, 0x000001e78260b190, 0x000001e78260e910,
0x000001e78261b0f0, 0x000001e78261e2d0, 0x000001e782609980, 0x000001e7832009e0,
0x000001e78260b660, 0x000001e782609e50, 0x000001e78260a320, 0x000001e78260bb30,
0x000001e78260c000, 0x000001e782608b10, 0x000001e782608fe0
}

Java Threads: ( => current thread )
  0x000001e7dd9f0ee0 JavaThread "main" [_thread_blocked, id=10924, stack(0x000000949da00000,0x000000949db00000)]
  0x000001e7825eb940 JavaThread "Reference Handler" daemon [_thread_blocked, id=4920, stack(0x000000949e100000,0x000000949e200000)]
  0x000001e7825ec7b0 JavaThread "Finalizer" daemon [_thread_blocked, id=20060, stack(0x000000949e200000,0x000000949e300000)]
  0x000001e782603780 JavaThread "Signal Dispatcher" daemon [_thread_blocked, id=19528, stack(0x000000949e300000,0x000000949e400000)]
  0x000001e782606050 JavaThread "Attach Listener" daemon [_thread_blocked, id=19020, stack(0x000000949e400000,0x000000949e500000)]
  0x000001e782607830 JavaThread "Service Thread" daemon [_thread_blocked, id=19632, stack(0x000000949e500000,0x000000949e600000)]
  0x000001e78260b190 JavaThread "Monitor Deflation Thread" daemon [_thread_blocked, id=15084, stack(0x000000949e600000,0x000000949e700000)]
  0x000001e78260e910 JavaThread "C2 CompilerThread0" daemon [_thread_blocked, id=7064, stack(0x000000949e700000,0x000000949e800000)]
  0x000001e78261b0f0 JavaThread "C1 CompilerThread0" daemon [_thread_blocked, id=17368, stack(0x000000949e800000,0x000000949e900000)]
  0x000001e78261e2d0 JavaThread "Sweeper thread" daemon [_thread_blocked, id=12980, stack(0x000000949e900000,0x000000949ea00000)]
  0x000001e782609980 JavaThread "Common-Cleaner" daemon [_thread_blocked, id=1420, stack(0x000000949ea00000,0x000000949eb00000)]
  0x000001e7832009e0 JavaThread "C2 CompilerThread1" daemon [_thread_blocked, id=17352, stack(0x000000949eb00000,0x000000949ec00000)]
  0x000001e78260b660 JavaThread "Monitor Ctrl-Break" daemon [_thread_in_native, id=20940, stack(0x000000949ed00000,0x000000949ee00000)]
  0x000001e782609e50 JavaThread "Notification Thread" daemon [_thread_blocked, id=8176, stack(0x000000949ee00000,0x000000949ef00000)]
  0x000001e78260a320 JavaThread "QuantumRenderer-0" daemon [_thread_blocked, id=15684, stack(0x000000949f000000,0x000000949f100000)]
  0x000001e78260bb30 JavaThread "InvokeLaterDispatcher" daemon [_thread_blocked, id=11680, stack(0x000000949ec00000,0x000000949ed00000)]
=>0x000001e78260c000 JavaThread "JavaFX Application Thread" [_thread_in_vm, id=3368, stack(0x000000949f100000,0x000000949f200000)]
  0x000001e782608b10 JavaThread "JavaFX-Launcher" [_thread_blocked, id=2056, stack(0x000000949f300000,0x000000949f400000)]
  0x000001e782608fe0 JavaThread "Thread-2" daemon [_thread_in_native, id=16244, stack(0x000000949f200000,0x000000949f300000)]

Other Threads:
  0x000001e7825e4d30 VMThread "VM Thread" [stack: 0x000000949e000000,0x000000949e100000] [id=20364]
  0x000001e7dda598f0 WatcherThread [stack: 0x000000949ef00000,0x000000949f000000] [id=14056]
  0x000001e7dda40440 GCTaskThread "GC Thread#0" [stack: 0x000000949db00000,0x000000949dc00000] [id=16220]
  0x000001e7dda51080 ConcurrentGCThread "G1 Main Marker" [stack: 0x000000949dc00000,0x000000949dd00000] [id=4668]
  0x000001e7dda52230 ConcurrentGCThread "G1 Conc#0" [stack: 0x000000949dd00000,0x000000949de00000] [id=17932]
  0x000001e7824a20c0 ConcurrentGCThread "G1 Refine#0" [stack: 0x000000949de00000,0x000000949df00000] [id=15876]
  0x000001e7824a2ae0 ConcurrentGCThread "G1 Service" [stack: 0x000000949df00000,0x000000949e000000] [id=1272]

Threads with active compile tasks:

VM state: not at safepoint (normal execution)

VM Mutex/Monitor currently owned by a thread:  ([mutex/lock_event])
[0x000001e7dd9eb090] Metaspace_lock - owner thread: 0x000001e78260c000

Heap address: 0x0000000703000000, size: 4048 MB, Compressed Oops mode: Zero based, Oop shift amount: 3

CDS archive(s) mapped at: [0x0000000800000000-0x0000000800bc0000-0x0000000800bc0000), size 12320768, SharedBaseAddress: 0x0000000800000000, ArchiveRelocationMode: 0.
Compressed class space mapped at: 0x0000000800c00000-0x0000000840c00000, reserved size: 1073741824
Narrow klass base: 0x0000000800000000, Narrow klass shift: 0, Narrow klass range: 0x100000000

GC Precious Log:
 CPUs: 8 total, 8 available
 Memory: 16185M
 Large Page Support: Disabled
 NUMA Support: Disabled
 Compressed Oops: Enabled (Zero based)
 Heap Region Size: 2M
 Heap Min Capacity: 8M
 Heap Initial Capacity: 254M
 Heap Max Capacity: 4048M
 Pre-touch: Disabled
 Parallel Workers: 8
 Concurrent Workers: 2
 Concurrent Refinement Workers: 8
 Periodic GC: Disabled

Heap:
 garbage-first heap   total 260096K, used 16384K [0x0000000703000000, 0x0000000800000000)
  region size 2048K, 10 young (20480K), 0 survivors (0K)
 Metaspace       used 4461K, committed 4544K, reserved 1056768K
  class space    used 534K, committed 576K, reserved 1048576K

Heap Regions: E=young(eden), S=young(survivor), O=old, HS=humongous(starts), HC=humongous(continues), CS=collection set, F=free, OA=open archive, CA=closed archive, TAMS=top-at-mark-start (previous, next)
|   0|0x0000000703000000, 0x0000000703000000, 0x0000000703200000|  0%| F|  |TAMS 0x0000000703000000, 0x0000000703000000| Untracked 
|   1|0x0000000703200000, 0x0000000703200000, 0x0000000703400000|  0%| F|  |TAMS 0x0000000703200000, 0x0000000703200000| Untracked 
|   2|0x0000000703400000, 0x0000000703400000, 0x0000000703600000|  0%| F|  |TAMS 0x0000000703400000, 0x0000000703400000| Untracked 
|   3|0x0000000703600000, 0x0000000703600000, 0x0000000703800000|  0%| F|  |TAMS 0x0000000703600000, 0x0000000703600000| Untracked 
|   4|0x0000000703800000, 0x0000000703800000, 0x0000000703a00000|  0%| F|  |TAMS 0x0000000703800000, 0x0000000703800000| Untracked 
|   5|0x0000000703a00000, 0x0000000703a00000, 0x0000000703c00000|  0%| F|  |TAMS 0x0000000703a00000, 0x0000000703a00000| Untracked 
|   6|0x0000000703c00000, 0x0000000703c00000, 0x0000000703e00000|  0%| F|  |TAMS 0x0000000703c00000, 0x0000000703c00000| Untracked 
|   7|0x0000000703e00000, 0x0000000703e00000, 0x0000000704000000|  0%| F|  |TAMS 0x0000000703e00000, 0x0000000703e00000| Untracked 
|   8|0x0000000704000000, 0x0000000704000000, 0x0000000704200000|  0%| F|  |TAMS 0x0000000704000000, 0x0000000704000000| Untracked 
|   9|0x0000000704200000, 0x0000000704200000, 0x0000000704400000|  0%| F|  |TAMS 0x0000000704200000, 0x0000000704200000| Untracked 
|  10|0x0000000704400000, 0x0000000704400000, 0x0000000704600000|  0%| F|  |TAMS 0x0000000704400000, 0x0000000704400000| Untracked 
|  11|0x0000000704600000, 0x0000000704600000, 0x0000000704800000|  0%| F|  |TAMS 0x0000000704600000, 0x0000000704600000| Untracked 
|  12|0x0000000704800000, 0x0000000704800000, 0x0000000704a00000|  0%| F|  |TAMS 0x0000000704800000, 0x0000000704800000| Untracked 
|  13|0x0000000704a00000, 0x0000000704a00000, 0x0000000704c00000|  0%| F|  |TAMS 0x0000000704a00000, 0x0000000704a00000| Untracked 
|  14|0x0000000704c00000, 0x0000000704c00000, 0x0000000704e00000|  0%| F|  |TAMS 0x0000000704c00000, 0x0000000704c00000| Untracked 
|  15|0x0000000704e00000, 0x0000000704e00000, 0x0000000705000000|  0%| F|  |TAMS 0x0000000704e00000, 0x0000000704e00000| Untracked 
|  16|0x0000000705000000, 0x0000000705000000, 0x0000000705200000|  0%| F|  |TAMS 0x0000000705000000, 0x0000000705000000| Untracked 
|  17|0x0000000705200000, 0x0000000705200000, 0x0000000705400000|  0%| F|  |TAMS 0x0000000705200000, 0x0000000705200000| Untracked 
|  18|0x0000000705400000, 0x0000000705400000, 0x0000000705600000|  0%| F|  |TAMS 0x0000000705400000, 0x0000000705400000| Untracked 
|  19|0x0000000705600000, 0x0000000705600000, 0x0000000705800000|  0%| F|  |TAMS 0x0000000705600000, 0x0000000705600000| Untracked 
|  20|0x0000000705800000, 0x0000000705800000, 0x0000000705a00000|  0%| F|  |TAMS 0x0000000705800000, 0x0000000705800000| Untracked 
|  21|0x0000000705a00000, 0x0000000705a00000, 0x0000000705c00000|  0%| F|  |TAMS 0x0000000705a00000, 0x0000000705a00000| Untracked 
|  22|0x0000000705c00000, 0x0000000705c00000, 0x0000000705e00000|  0%| F|  |TAMS 0x0000000705c00000, 0x0000000705c00000| Untracked 
|  23|0x0000000705e00000, 0x0000000705e00000, 0x0000000706000000|  0%| F|  |TAMS 0x0000000705e00000, 0x0000000705e00000| Untracked 
|  24|0x0000000706000000, 0x0000000706000000, 0x0000000706200000|  0%| F|  |TAMS 0x0000000706000000, 0x0000000706000000| Untracked 
|  25|0x0000000706200000, 0x0000000706200000, 0x0000000706400000|  0%| F|  |TAMS 0x0000000706200000, 0x0000000706200000| Untracked 
|  26|0x0000000706400000, 0x0000000706400000, 0x0000000706600000|  0%| F|  |TAMS 0x0000000706400000, 0x0000000706400000| Untracked 
|  27|0x0000000706600000, 0x0000000706600000, 0x0000000706800000|  0%| F|  |TAMS 0x0000000706600000, 0x0000000706600000| Untracked 
|  28|0x0000000706800000, 0x0000000706800000, 0x0000000706a00000|  0%| F|  |TAMS 0x0000000706800000, 0x0000000706800000| Untracked 
|  29|0x0000000706a00000, 0x0000000706a00000, 0x0000000706c00000|  0%| F|  |TAMS 0x0000000706a00000, 0x0000000706a00000| Untracked 
|  30|0x0000000706c00000, 0x0000000706c00000, 0x0000000706e00000|  0%| F|  |TAMS 0x0000000706c00000, 0x0000000706c00000| Untracked 
|  31|0x0000000706e00000, 0x0000000706e00000, 0x0000000707000000|  0%| F|  |TAMS 0x0000000706e00000, 0x0000000706e00000| Untracked 
|  32|0x0000000707000000, 0x0000000707000000, 0x0000000707200000|  0%| F|  |TAMS 0x0000000707000000, 0x0000000707000000| Untracked 
|  33|0x0000000707200000, 0x0000000707200000, 0x0000000707400000|  0%| F|  |TAMS 0x0000000707200000, 0x0000000707200000| Untracked 
|  34|0x0000000707400000, 0x0000000707400000, 0x0000000707600000|  0%| F|  |TAMS 0x0000000707400000, 0x0000000707400000| Untracked 
|  35|0x0000000707600000, 0x0000000707600000, 0x0000000707800000|  0%| F|  |TAMS 0x0000000707600000, 0x0000000707600000| Untracked 
|  36|0x0000000707800000, 0x0000000707800000, 0x0000000707a00000|  0%| F|  |TAMS 0x0000000707800000, 0x0000000707800000| Untracked 
|  37|0x0000000707a00000, 0x0000000707a00000, 0x0000000707c00000|  0%| F|  |TAMS 0x0000000707a00000, 0x0000000707a00000| Untracked 
|  38|0x0000000707c00000, 0x0000000707c00000, 0x0000000707e00000|  0%| F|  |TAMS 0x0000000707c00000, 0x0000000707c00000| Untracked 
|  39|0x0000000707e00000, 0x0000000707e00000, 0x0000000708000000|  0%| F|  |TAMS 0x0000000707e00000, 0x0000000707e00000| Untracked 
|  40|0x0000000708000000, 0x0000000708000000, 0x0000000708200000|  0%| F|  |TAMS 0x0000000708000000, 0x0000000708000000| Untracked 
|  41|0x0000000708200000, 0x0000000708200000, 0x0000000708400000|  0%| F|  |TAMS 0x0000000708200000, 0x0000000708200000| Untracked 
|  42|0x0000000708400000, 0x0000000708400000, 0x0000000708600000|  0%| F|  |TAMS 0x0000000708400000, 0x0000000708400000| Untracked 
|  43|0x0000000708600000, 0x0000000708600000, 0x0000000708800000|  0%| F|  |TAMS 0x0000000708600000, 0x0000000708600000| Untracked 
|  44|0x0000000708800000, 0x0000000708800000, 0x0000000708a00000|  0%| F|  |TAMS 0x0000000708800000, 0x0000000708800000| Untracked 
|  45|0x0000000708a00000, 0x0000000708a00000, 0x0000000708c00000|  0%| F|  |TAMS 0x0000000708a00000, 0x0000000708a00000| Untracked 
|  46|0x0000000708c00000, 0x0000000708c00000, 0x0000000708e00000|  0%| F|  |TAMS 0x0000000708c00000, 0x0000000708c00000| Untracked 
|  47|0x0000000708e00000, 0x0000000708e00000, 0x0000000709000000|  0%| F|  |TAMS 0x0000000708e00000, 0x0000000708e00000| Untracked 
|  48|0x0000000709000000, 0x0000000709000000, 0x0000000709200000|  0%| F|  |TAMS 0x0000000709000000, 0x0000000709000000| Untracked 
|  49|0x0000000709200000, 0x0000000709200000, 0x0000000709400000|  0%| F|  |TAMS 0x0000000709200000, 0x0000000709200000| Untracked 
|  50|0x0000000709400000, 0x0000000709400000, 0x0000000709600000|  0%| F|  |TAMS 0x0000000709400000, 0x0000000709400000| Untracked 
|  51|0x0000000709600000, 0x0000000709600000, 0x0000000709800000|  0%| F|  |TAMS 0x0000000709600000, 0x0000000709600000| Untracked 
|  52|0x0000000709800000, 0x0000000709800000, 0x0000000709a00000|  0%| F|  |TAMS 0x0000000709800000, 0x0000000709800000| Untracked 
|  53|0x0000000709a00000, 0x0000000709a00000, 0x0000000709c00000|  0%| F|  |TAMS 0x0000000709a00000, 0x0000000709a00000| Untracked 
|  54|0x0000000709c00000, 0x0000000709c00000, 0x0000000709e00000|  0%| F|  |TAMS 0x0000000709c00000, 0x0000000709c00000| Untracked 
|  55|0x0000000709e00000, 0x0000000709e00000, 0x000000070a000000|  0%| F|  |TAMS 0x0000000709e00000, 0x0000000709e00000| Untracked 
|  56|0x000000070a000000, 0x000000070a000000, 0x000000070a200000|  0%| F|  |TAMS 0x000000070a000000, 0x000000070a000000| Untracked 
|  57|0x000000070a200000, 0x000000070a200000, 0x000000070a400000|  0%| F|  |TAMS 0x000000070a200000, 0x000000070a200000| Untracked 
|  58|0x000000070a400000, 0x000000070a400000, 0x000000070a600000|  0%| F|  |TAMS 0x000000070a400000, 0x000000070a400000| Untracked 
|  59|0x000000070a600000, 0x000000070a600000, 0x000000070a800000|  0%| F|  |TAMS 0x000000070a600000, 0x000000070a600000| Untracked 
|  60|0x000000070a800000, 0x000000070a800000, 0x000000070aa00000|  0%| F|  |TAMS 0x000000070a800000, 0x000000070a800000| Untracked 
|  61|0x000000070aa00000, 0x000000070aa00000, 0x000000070ac00000|  0%| F|  |TAMS 0x000000070aa00000, 0x000000070aa00000| Untracked 
|  62|0x000000070ac00000, 0x000000070ac00000, 0x000000070ae00000|  0%| F|  |TAMS 0x000000070ac00000, 0x000000070ac00000| Untracked 
|  63|0x000000070ae00000, 0x000000070ae00000, 0x000000070b000000|  0%| F|  |TAMS 0x000000070ae00000, 0x000000070ae00000| Untracked 
|  64|0x000000070b000000, 0x000000070b000000, 0x000000070b200000|  0%| F|  |TAMS 0x000000070b000000, 0x000000070b000000| Untracked 
|  65|0x000000070b200000, 0x000000070b200000, 0x000000070b400000|  0%| F|  |TAMS 0x000000070b200000, 0x000000070b200000| Untracked 
|  66|0x000000070b400000, 0x000000070b400000, 0x000000070b600000|  0%| F|  |TAMS 0x000000070b400000, 0x000000070b400000| Untracked 
|  67|0x000000070b600000, 0x000000070b600000, 0x000000070b800000|  0%| F|  |TAMS 0x000000070b600000, 0x000000070b600000| Untracked 
|  68|0x000000070b800000, 0x000000070b800000, 0x000000070ba00000|  0%| F|  |TAMS 0x000000070b800000, 0x000000070b800000| Untracked 
|  69|0x000000070ba00000, 0x000000070ba00000, 0x000000070bc00000|  0%| F|  |TAMS 0x000000070ba00000, 0x000000070ba00000| Untracked 
|  70|0x000000070bc00000, 0x000000070bc00000, 0x000000070be00000|  0%| F|  |TAMS 0x000000070bc00000, 0x000000070bc00000| Untracked 
|  71|0x000000070be00000, 0x000000070be00000, 0x000000070c000000|  0%| F|  |TAMS 0x000000070be00000, 0x000000070be00000| Untracked 
|  72|0x000000070c000000, 0x000000070c000000, 0x000000070c200000|  0%| F|  |TAMS 0x000000070c000000, 0x000000070c000000| Untracked 
|  73|0x000000070c200000, 0x000000070c200000, 0x000000070c400000|  0%| F|  |TAMS 0x000000070c200000, 0x000000070c200000| Untracked 
|  74|0x000000070c400000, 0x000000070c400000, 0x000000070c600000|  0%| F|  |TAMS 0x000000070c400000, 0x000000070c400000| Untracked 
|  75|0x000000070c600000, 0x000000070c600000, 0x000000070c800000|  0%| F|  |TAMS 0x000000070c600000, 0x000000070c600000| Untracked 
|  76|0x000000070c800000, 0x000000070c800000, 0x000000070ca00000|  0%| F|  |TAMS 0x000000070c800000, 0x000000070c800000| Untracked 
|  77|0x000000070ca00000, 0x000000070ca00000, 0x000000070cc00000|  0%| F|  |TAMS 0x000000070ca00000, 0x000000070ca00000| Untracked 
|  78|0x000000070cc00000, 0x000000070cc00000, 0x000000070ce00000|  0%| F|  |TAMS 0x000000070cc00000, 0x000000070cc00000| Untracked 
|  79|0x000000070ce00000, 0x000000070ce00000, 0x000000070d000000|  0%| F|  |TAMS 0x000000070ce00000, 0x000000070ce00000| Untracked 
|  80|0x000000070d000000, 0x000000070d000000, 0x000000070d200000|  0%| F|  |TAMS 0x000000070d000000, 0x000000070d000000| Untracked 
|  81|0x000000070d200000, 0x000000070d200000, 0x000000070d400000|  0%| F|  |TAMS 0x000000070d200000, 0x000000070d200000| Untracked 
|  82|0x000000070d400000, 0x000000070d400000, 0x000000070d600000|  0%| F|  |TAMS 0x000000070d400000, 0x000000070d400000| Untracked 
|  83|0x000000070d600000, 0x000000070d600000, 0x000000070d800000|  0%| F|  |TAMS 0x000000070d600000, 0x000000070d600000| Untracked 
|  84|0x000000070d800000, 0x000000070d800000, 0x000000070da00000|  0%| F|  |TAMS 0x000000070d800000, 0x000000070d800000| Untracked 
|  85|0x000000070da00000, 0x000000070da00000, 0x000000070dc00000|  0%| F|  |TAMS 0x000000070da00000, 0x000000070da00000| Untracked 
|  86|0x000000070dc00000, 0x000000070dc00000, 0x000000070de00000|  0%| F|  |TAMS 0x000000070dc00000, 0x000000070dc00000| Untracked 
|  87|0x000000070de00000, 0x000000070de00000, 0x000000070e000000|  0%| F|  |TAMS 0x000000070de00000, 0x000000070de00000| Untracked 
|  88|0x000000070e000000, 0x000000070e000000, 0x000000070e200000|  0%| F|  |TAMS 0x000000070e000000, 0x000000070e000000| Untracked 
|  89|0x000000070e200000, 0x000000070e200000, 0x000000070e400000|  0%| F|  |TAMS 0x000000070e200000, 0x000000070e200000| Untracked 
|  90|0x000000070e400000, 0x000000070e400000, 0x000000070e600000|  0%| F|  |TAMS 0x000000070e400000, 0x000000070e400000| Untracked 
|  91|0x000000070e600000, 0x000000070e600000, 0x000000070e800000|  0%| F|  |TAMS 0x000000070e600000, 0x000000070e600000| Untracked 
|  92|0x000000070e800000, 0x000000070e800000, 0x000000070ea00000|  0%| F|  |TAMS 0x000000070e800000, 0x000000070e800000| Untracked 
|  93|0x000000070ea00000, 0x000000070ea00000, 0x000000070ec00000|  0%| F|  |TAMS 0x000000070ea00000, 0x000000070ea00000| Untracked 
|  94|0x000000070ec00000, 0x000000070ec00000, 0x000000070ee00000|  0%| F|  |TAMS 0x000000070ec00000, 0x000000070ec00000| Untracked 
|  95|0x000000070ee00000, 0x000000070ee00000, 0x000000070f000000|  0%| F|  |TAMS 0x000000070ee00000, 0x000000070ee00000| Untracked 
|  96|0x000000070f000000, 0x000000070f000000, 0x000000070f200000|  0%| F|  |TAMS 0x000000070f000000, 0x000000070f000000| Untracked 
|  97|0x000000070f200000, 0x000000070f200000, 0x000000070f400000|  0%| F|  |TAMS 0x000000070f200000, 0x000000070f200000| Untracked 
|  98|0x000000070f400000, 0x000000070f400000, 0x000000070f600000|  0%| F|  |TAMS 0x000000070f400000, 0x000000070f400000| Untracked 
|  99|0x000000070f600000, 0x000000070f600000, 0x000000070f800000|  0%| F|  |TAMS 0x000000070f600000, 0x000000070f600000| Untracked 
| 100|0x000000070f800000, 0x000000070f800000, 0x000000070fa00000|  0%| F|  |TAMS 0x000000070f800000, 0x000000070f800000| Untracked 
| 101|0x000000070fa00000, 0x000000070fa00000, 0x000000070fc00000|  0%| F|  |TAMS 0x000000070fa00000, 0x000000070fa00000| Untracked 
| 102|0x000000070fc00000, 0x000000070fc00000, 0x000000070fe00000|  0%| F|  |TAMS 0x000000070fc00000, 0x000000070fc00000| Untracked 
| 103|0x000000070fe00000, 0x000000070fe00000, 0x0000000710000000|  0%| F|  |TAMS 0x000000070fe00000, 0x000000070fe00000| Untracked 
| 104|0x0000000710000000, 0x0000000710000000, 0x0000000710200000|  0%| F|  |TAMS 0x0000000710000000, 0x0000000710000000| Untracked 
| 105|0x0000000710200000, 0x0000000710200000, 0x0000000710400000|  0%| F|  |TAMS 0x0000000710200000, 0x0000000710200000| Untracked 
| 106|0x0000000710400000, 0x0000000710400000, 0x0000000710600000|  0%| F|  |TAMS 0x0000000710400000, 0x0000000710400000| Untracked 
| 107|0x0000000710600000, 0x0000000710600000, 0x0000000710800000|  0%| F|  |TAMS 0x0000000710600000, 0x0000000710600000| Untracked 
| 108|0x0000000710800000, 0x0000000710800000, 0x0000000710a00000|  0%| F|  |TAMS 0x0000000710800000, 0x0000000710800000| Untracked 
| 109|0x0000000710a00000, 0x0000000710a00000, 0x0000000710c00000|  0%| F|  |TAMS 0x0000000710a00000, 0x0000000710a00000| Untracked 
| 110|0x0000000710c00000, 0x0000000710c00000, 0x0000000710e00000|  0%| F|  |TAMS 0x0000000710c00000, 0x0000000710c00000| Untracked 
| 111|0x0000000710e00000, 0x0000000710e00000, 0x0000000711000000|  0%| F|  |TAMS 0x0000000710e00000, 0x0000000710e00000| Untracked 
| 112|0x0000000711000000, 0x0000000711000000, 0x0000000711200000|  0%| F|  |TAMS 0x0000000711000000, 0x0000000711000000| Untracked 
| 113|0x0000000711200000, 0x0000000711200000, 0x0000000711400000|  0%| F|  |TAMS 0x0000000711200000, 0x0000000711200000| Untracked 
| 114|0x0000000711400000, 0x0000000711400000, 0x0000000711600000|  0%| F|  |TAMS 0x0000000711400000, 0x0000000711400000| Untracked 
| 115|0x0000000711600000, 0x0000000711600000, 0x0000000711800000|  0%| F|  |TAMS 0x0000000711600000, 0x0000000711600000| Untracked 
| 116|0x0000000711800000, 0x0000000711800000, 0x0000000711a00000|  0%| F|  |TAMS 0x0000000711800000, 0x0000000711800000| Untracked 
| 117|0x0000000711a00000, 0x0000000711afb9c8, 0x0000000711c00000| 49%| E|  |TAMS 0x0000000711a00000, 0x0000000711a00000| Complete 
| 118|0x0000000711c00000, 0x0000000711e00000, 0x0000000711e00000|100%| E|CS|TAMS 0x0000000711c00000, 0x0000000711c00000| Complete 
| 119|0x0000000711e00000, 0x0000000712000000, 0x0000000712000000|100%| E|CS|TAMS 0x0000000711e00000, 0x0000000711e00000| Complete 
| 120|0x0000000712000000, 0x0000000712200000, 0x0000000712200000|100%| E|CS|TAMS 0x0000000712000000, 0x0000000712000000| Complete 
| 121|0x0000000712200000, 0x0000000712400000, 0x0000000712400000|100%| E|CS|TAMS 0x0000000712200000, 0x0000000712200000| Complete 
| 122|0x0000000712400000, 0x0000000712600000, 0x0000000712600000|100%| E|CS|TAMS 0x0000000712400000, 0x0000000712400000| Complete 
| 123|0x0000000712600000, 0x0000000712800000, 0x0000000712800000|100%| E|CS|TAMS 0x0000000712600000, 0x0000000712600000| Complete 
| 124|0x0000000712800000, 0x0000000712a00000, 0x0000000712a00000|100%| E|CS|TAMS 0x0000000712800000, 0x0000000712800000| Complete 
| 125|0x0000000712a00000, 0x0000000712c00000, 0x0000000712c00000|100%| E|  |TAMS 0x0000000712a00000, 0x0000000712a00000| Complete 
| 126|0x0000000712c00000, 0x0000000712e00000, 0x0000000712e00000|100%| E|CS|TAMS 0x0000000712c00000, 0x0000000712c00000| Complete 

Card table byte_map: [0x000001e7f6c90000,0x000001e7f7480000] _byte_map_base: 0x000001e7f3478000

Marking Bits (Prev, Next): (CMBitMap*) 0x000001e7dda40a50, (CMBitMap*) 0x000001e7dda40a90
 Prev Bits: [0x000001e7f7c70000, 0x000001e7fbbb0000)
 Next Bits: [0x000001e7fbbb0000, 0x000001e7ffaf0000)

Polling page: 0x000001e7ddad0000

Metaspace:

Usage:
  Non-class:      3.83 MB used.
      Class:    534.80 KB used.
       Both:      4.36 MB used.

Virtual space:
  Non-class space:        8.00 MB reserved,       3.88 MB ( 48%) committed,  1 nodes.
      Class space:        1.00 GB reserved,     576.00 KB ( <1%) committed,  1 nodes.
             Both:        1.01 GB reserved,       4.44 MB ( <1%) committed. 

Chunk freelists:
   Non-Class:  2.36 MB
       Class:  3.44 MB
        Both:  5.80 MB

MaxMetaspaceSize: unlimited
CompressedClassSpaceSize: 1.00 GB
Initial GC threshold: 21.00 MB
Current GC threshold: 21.00 MB
CDS: on
MetaspaceReclaimPolicy: balanced
 - commit_granule_bytes: 65536.
 - commit_granule_words: 8192.
 - virtual_space_node_default_size: 1048576.
 - enlarge_chunks_in_place: 1.
 - new_chunks_are_fully_committed: 0.
 - uncommit_free_chunks: 1.
 - use_allocation_guard: 0.
 - handle_deallocations: 1.


Internal statistics:

num_allocs_failed_limit: 0.
num_arena_births: 94.
num_arena_deaths: 0.
num_vsnodes_births: 2.
num_vsnodes_deaths: 0.
num_space_committed: 71.
num_space_uncommitted: 0.
num_chunks_returned_to_freelist: 0.
num_chunks_taken_from_freelist: 204.
num_chunk_merges: 0.
num_chunk_splits: 128.
num_chunks_enlarged: 88.
num_purges: 0.
num_inconsistent_stats: 0.

CodeHeap 'non-profiled nmethods': size=120000Kb used=304Kb max_used=304Kb free=119695Kb
 bounds [0x000001e7ee4f0000, 0x000001e7ee760000, 0x000001e7f5a20000]
CodeHeap 'profiled nmethods': size=120000Kb used=1458Kb max_used=1458Kb free=118541Kb
 bounds [0x000001e7e6fc0000, 0x000001e7e7230000, 0x000001e7ee4f0000]
CodeHeap 'non-nmethods': size=5760Kb used=1168Kb max_used=1185Kb free=4591Kb
 bounds [0x000001e7e6a20000, 0x000001e7e6c90000, 0x000001e7e6fc0000]
 total_blobs=1365 nmethods=902 adapters=376
 compilation: enabled
              stopped_count=0, restarted_count=0
 full_count=0

Compilation events (20 events):
Event: 0.433 Thread 0x000001e7832009e0  891       4       java.lang.AbstractStringBuilder::putStringAt (12 bytes)
Event: 0.433 Thread 0x000001e78261b0f0 nmethod 888 0x000001e7e7120810 code [0x000001e7e7120b00, 0x000001e7e7121b38]
Event: 0.433 Thread 0x000001e78261b0f0  890   !   3       java.util.zip.ZipFile::getEntry (59 bytes)
Event: 0.434 Thread 0x000001e78261b0f0 nmethod 890 0x000001e7e7122110 code [0x000001e7e7122300, 0x000001e7e7122778]
Event: 0.435 Thread 0x000001e7832009e0 nmethod 891 0x000001e7ee53b210 code [0x000001e7ee53b3a0, 0x000001e7ee53b558]
Event: 0.435 Thread 0x000001e78261b0f0  892       3       java.util.zip.ZipFile$ZipFileInputStream::<init> (96 bytes)
Event: 0.435 Thread 0x000001e78261b0f0 nmethod 892 0x000001e7e7122a10 code [0x000001e7e7122c40, 0x000001e7e71236a8]
Event: 0.435 Thread 0x000001e78261b0f0  893       3       java.util.zip.ZipUtils::CENOFF (9 bytes)
Event: 0.435 Thread 0x000001e78261b0f0 nmethod 893 0x000001e7e7123b10 code [0x000001e7e7123cc0, 0x000001e7e7123f98]
Event: 0.435 Thread 0x000001e78261b0f0  894       3       java.util.zip.ZipFile$ZipFileInflaterInputStream::<init> (14 bytes)
Event: 0.436 Thread 0x000001e78261b0f0 nmethod 894 0x000001e7e7124110 code [0x000001e7e71242c0, 0x000001e7e7124458]
Event: 0.436 Thread 0x000001e78261b0f0  895       3       jdk.internal.loader.ClassLoaders$AppClassLoader::loadClass (40 bytes)
Event: 0.436 Thread 0x000001e78261b0f0 nmethod 895 0x000001e7e7124590 code [0x000001e7e71247e0, 0x000001e7e7125138]
Event: 0.436 Thread 0x000001e78261b0f0  896       3       jdk.internal.loader.BuiltinClassLoader::loadClass (22 bytes)
Event: 0.436 Thread 0x000001e78261b0f0 nmethod 896 0x000001e7e7125490 code [0x000001e7e7125640, 0x000001e7e7125918]
Event: 0.436 Thread 0x000001e78261b0f0  897       3       java.util.zip.InflaterInputStream::<init> (79 bytes)
Event: 0.436 Thread 0x000001e78261b0f0 nmethod 897 0x000001e7e7125a10 code [0x000001e7e7125c00, 0x000001e7e7126458]
Event: 0.436 Thread 0x000001e78261b0f0  898       3       java.util.zip.ZipFile$InflaterCleanupAction::<init> (15 bytes)
Event: 0.436 Thread 0x000001e78261b0f0 nmethod 898 0x000001e7e7126610 code [0x000001e7e71267c0, 0x000001e7e71269f8]
Event: 0.437 Thread 0x000001e78261b0f0  899   !   3       jdk.internal.loader.BuiltinClassLoader::defineClass (162 bytes)

GC Heap History (0 events):
No events

Deoptimization events (20 events):
Event: 0.112 Thread 0x000001e7dd9f0ee0 DEOPT PACKING pc=0x000001e7ee4fef34 sp=0x000000949dafe6c0
Event: 0.112 Thread 0x000001e7dd9f0ee0 DEOPT UNPACKING pc=0x000001e7e6a723a3 sp=0x000000949dafe6a0 mode 2
Event: 0.116 Thread 0x000001e7dd9f0ee0 Uncommon trap: trap_request=0xffffff45 fr.pc=0x000001e7ee4f8300 relative=0x0000000000000080
Event: 0.116 Thread 0x000001e7dd9f0ee0 Uncommon trap: reason=unstable_if action=reinterpret pc=0x000001e7ee4f8300 method=java.lang.String.isLatin1()Z @ 10 c2
Event: 0.116 Thread 0x000001e7dd9f0ee0 DEOPT PACKING pc=0x000001e7ee4f8300 sp=0x000000949dafe5d0
Event: 0.116 Thread 0x000001e7dd9f0ee0 DEOPT UNPACKING pc=0x000001e7e6a723a3 sp=0x000000949dafe510 mode 2
Event: 0.118 Thread 0x000001e7dd9f0ee0 Uncommon trap: trap_request=0xffffff45 fr.pc=0x000001e7ee5069a0 relative=0x00000000000005e0
Event: 0.118 Thread 0x000001e7dd9f0ee0 Uncommon trap: reason=unstable_if action=reinterpret pc=0x000001e7ee5069a0 method=java.util.zip.ZipFile$Source.checkAndAddEntry(II)I @ 50 c2
Event: 0.118 Thread 0x000001e7dd9f0ee0 DEOPT PACKING pc=0x000001e7ee5069a0 sp=0x000000949dafdce0
Event: 0.118 Thread 0x000001e7dd9f0ee0 DEOPT UNPACKING pc=0x000001e7e6a723a3 sp=0x000000949dafdc58 mode 2
Event: 0.178 Thread 0x000001e7dd9f0ee0 Uncommon trap: trap_request=0xffffff45 fr.pc=0x000001e7ee5090b8 relative=0x0000000000000678
Event: 0.178 Thread 0x000001e7dd9f0ee0 Uncommon trap: reason=unstable_if action=reinterpret pc=0x000001e7ee5090b8 method=jdk.internal.module.Checks.isJavaIdentifier(Ljava/lang/String;)Z @ 4 c2
Event: 0.178 Thread 0x000001e7dd9f0ee0 DEOPT PACKING pc=0x000001e7ee5090b8 sp=0x000000949dafdf40
Event: 0.178 Thread 0x000001e7dd9f0ee0 DEOPT UNPACKING pc=0x000001e7e6a723a3 sp=0x000000949dafdee0 mode 2
Event: 0.305 Thread 0x000001e7dd9f0ee0 DEOPT PACKING pc=0x000001e7e70a648f sp=0x000000949dafde10
Event: 0.305 Thread 0x000001e7dd9f0ee0 DEOPT UNPACKING pc=0x000001e7e6a72b43 sp=0x000000949dafd230 mode 0
Event: 0.372 Thread 0x000001e78260c000 Uncommon trap: trap_request=0xffffff45 fr.pc=0x000001e7ee525988 relative=0x00000000000002c8
Event: 0.372 Thread 0x000001e78260c000 Uncommon trap: reason=unstable_if action=reinterpret pc=0x000001e7ee525988 method=java.lang.invoke.VarHandle.checkExactAccessMode(Ljava/lang/invoke/VarHandle$AccessDescriptor;)V @ 4 c2
Event: 0.373 Thread 0x000001e78260c000 DEOPT PACKING pc=0x000001e7ee525988 sp=0x000000949f1fe870
Event: 0.373 Thread 0x000001e78260c000 DEOPT UNPACKING pc=0x000001e7e6a723a3 sp=0x000000949f1fe7e0 mode 2

Classes unloaded (0 events):
No events

Classes redefined (0 events):
No events

Internal exceptions (13 events):
Event: 0.081 Thread 0x000001e7dd9f0ee0 Exception <a 'java/lang/NoSuchMethodError'{0x0000000712ac0f40}: 'void java.lang.invoke.DirectMethodHandle$Holder.invokeVirtual(java.lang.Object, java.lang.Object)'> (0x0000000712ac0f40) 
thrown [t:\workspace\open\src\hotspot\share\interpreter\linkResolver.cpp, line 766]
Event: 0.133 Thread 0x000001e78260b660 Exception <a 'java/lang/NoSuchMethodError'{0x00000007126e6298}: 'java.lang.Object java.lang.invoke.DirectMethodHandle$Holder.invokeStaticInit(java.lang.Object)'> (0x00000007126e6298) 
thrown [t:\workspace\open\src\hotspot\share\interpreter\linkResolver.cpp, line 766]
Event: 0.137 Thread 0x000001e78260b660 Exception <a 'java/lang/ClassNotFoundException'{0x00000007126f1478}: jdk/net/ExtendedSocketOptions> (0x00000007126f1478) 
thrown [t:\workspace\open\src\hotspot\share\classfile\systemDictionary.cpp, line 256]
Event: 0.138 Thread 0x000001e78260b660 Exception <a 'java/lang/NoSuchMethodError'{0x00000007126f2d10}: 'void java.lang.invoke.DirectMethodHandle$Holder.invokeStatic(java.lang.Object, java.lang.Object)'> (0x00000007126f2d10) 
thrown [t:\workspace\open\src\hotspot\share\interpreter\linkResolver.cpp, line 766]
Event: 0.328 Thread 0x000001e7dd9f0ee0 Exception <a 'java/lang/NoSuchMethodError'{0x00000007121655a8}: 'void java.lang.invoke.DirectMethodHandle$Holder.invokeSpecial(java.lang.Object, java.lang.Object, java.lang.Object)'> (0x00000007121655a8) 
thrown [t:\workspace\open\src\hotspot\share\interpreter\linkResolver.cpp, line 766]
Event: 0.333 Thread 0x000001e7dd9f0ee0 Exception <a 'java/lang/NoSuchMethodError'{0x000000071219bb88}: 'void java.lang.invoke.DirectMethodHandle$Holder.invokeStatic(java.lang.Object, java.lang.Object, java.lang.Object)'> (0x000000071219bb88) 
thrown [t:\workspace\open\src\hotspot\share\interpreter\linkResolver.cpp, line 766]
Event: 0.355 Thread 0x000001e7dd9f0ee0 Exception <a 'java/lang/NoSuchMethodError'{0x00000007121b8688}: 'int java.lang.invoke.DirectMethodHandle$Holder.invokeStaticInit(java.lang.Object, java.lang.Object, java.lang.Object)'> (0x00000007121b8688) 
thrown [t:\workspace\open\src\hotspot\share\interpreter\linkResolver.cpp, line 766]
Event: 0.368 Thread 0x000001e7dd9f0ee0 Exception <a 'java/lang/NoSuchMethodError'{0x0000000711f1f128}: 'java.lang.Object java.lang.invoke.DirectMethodHandle$Holder.newInvokeSpecial(java.lang.Object, java.lang.Object, int, java.lang.Object)'> (0x0000000711f1f128) 
thrown [t:\workspace\open\src\hotspot\share\interpreter\linkResolver.cpp, line 766]
Event: 0.368 Thread 0x000001e7dd9f0ee0 Exception <a 'java/lang/NoSuchMethodError'{0x0000000711f23508}: 'java.lang.Object java.lang.invoke.DirectMethodHandle$Holder.invokeSpecial(java.lang.Object, java.lang.Object, java.lang.Object, int, java.lang.Object)'> (0x0000000711f23508) 
thrown [t:\workspace\open\src\hotspot\share\interpreter\linkResolver.cpp, line 766]
Event: 0.409 Thread 0x000001e78260c000 Exception <a 'java/lang/NoSuchMethodError'{0x0000000711c668b0}: 'void java.lang.invoke.DirectMethodHandle$Holder.invokeStaticInit(java.lang.Object)'> (0x0000000711c668b0) 
thrown [t:\workspace\open\src\hotspot\share\interpreter\linkResolver.cpp, line 766]
Event: 0.411 Thread 0x000001e7dd9f0ee0 Exception <a 'java/lang/NoSuchMethodError'{0x0000000711f38708}: 'java.lang.Object java.lang.invoke.DirectMethodHandle$Holder.newInvokeSpecial(java.lang.Object, java.lang.Object, java.lang.Object, java.lang.Object, java.lang.Object, java.lang.Object)'> (0x0000000711f38708) 
thrown [t:\workspace\open\src\hotspot\share\interpreter\linkResolver.cpp, line 766]
Event: 0.424 Thread 0x000001e7dd9f0ee0 Exception <a 'java/lang/NoSuchMethodError'{0x0000000711cfca50}: 'java.lang.Object java.lang.invoke.DirectMethodHandle$Holder.newInvokeSpecial(java.lang.Object, java.lang.Object, java.lang.Object, java.lang.Object, java.lang.Object)'> (0x0000000711cfca50) 
thrown [t:\workspace\open\src\hotspot\share\interpreter\linkResolver.cpp, line 766]
Event: 0.425 Thread 0x000001e782608b10 Exception <a 'java/lang/NoSuchMethodError'{0x0000000711d5dd88}: 'void java.lang.invoke.DirectMethodHandle$Holder.invokeStatic(java.lang.Object, java.lang.Object, java.lang.Object, java.lang.Object)'> (0x0000000711d5dd88) 
thrown [t:\workspace\open\src\hotspot\share\interpreter\linkResolver.cpp, line 766]

VM Operations (8 events):
Event: 0.106 Executing VM operation: HandshakeAllThreads
Event: 0.106 Executing VM operation: HandshakeAllThreads done
Event: 0.106 Executing VM operation: HandshakeAllThreads
Event: 0.106 Executing VM operation: HandshakeAllThreads done
Event: 0.131 Executing VM operation: HandshakeAllThreads
Event: 0.131 Executing VM operation: HandshakeAllThreads done
Event: 0.361 Executing VM operation: HandshakeAllThreads
Event: 0.361 Executing VM operation: HandshakeAllThreads done

Events (20 events):
Event: 0.418 loading class jdk/internal/org/objectweb/asm/Edge
Event: 0.418 loading class jdk/internal/org/objectweb/asm/Edge done
Event: 0.419 loading class java/lang/reflect/Proxy$ProxyBuilder$1
Event: 0.419 loading class java/lang/reflect/Proxy$ProxyBuilder$1 done
Event: 0.419 loading class java/lang/annotation/Target
Event: 0.419 loading class java/lang/annotation/Target done
Event: 0.420 loading class sun/reflect/generics/repository/ClassRepository
Event: 0.421 loading class sun/reflect/generics/repository/GenericDeclRepository
Event: 0.421 loading class sun/reflect/generics/repository/AbstractRepository
Event: 0.421 loading class sun/reflect/generics/repository/AbstractRepository done
Event: 0.421 loading class sun/reflect/generics/repository/GenericDeclRepository done
Event: 0.421 loading class sun/reflect/generics/repository/ClassRepository done
Event: 0.421 loading class java/lang/Class$EnclosingMethodInfo
Event: 0.421 loading class java/lang/Class$EnclosingMethodInfo done
Event: 0.421 loading class java/lang/Class$AnnotationData
Event: 0.421 loading class java/lang/Class$AnnotationData done
Event: 0.423 loading class java/lang/StackTraceElement$HashedModules
Event: 0.423 loading class java/lang/StackTraceElement$HashedModules done
Event: 0.425 Thread 0x000001e782608b10 Thread added: 0x000001e782608b10
Event: 0.428 Thread 0x000001e782608fe0 Thread added: 0x000001e782608fe0


Dynamic libraries:
0x00007ff6654b0000 - 0x00007ff6654c0000 	C:\Program Files\Java\jdk-17.0.2\bin\java.exe
0x00007ffdc2170000 - 0x00007ffdc2368000 	C:\WINDOWS\SYSTEM32\ntdll.dll
0x00007ffdc0ab0000 - 0x00007ffdc0b6d000 	C:\WINDOWS\System32\KERNEL32.DLL
0x00007ffdbf9c0000 - 0x00007ffdbfc8e000 	C:\WINDOWS\System32\KERNELBASE.dll
0x00007ffdbfed0000 - 0x00007ffdbffd0000 	C:\WINDOWS\System32\ucrtbase.dll
0x00007ffdafbe0000 - 0x00007ffdafbfa000 	C:\Program Files\Java\jdk-17.0.2\bin\VCRUNTIME140.dll
0x00007ffdaa950000 - 0x00007ffdaa968000 	C:\Program Files\Java\jdk-17.0.2\bin\jli.dll
0x00007ffdc1d80000 - 0x00007ffdc1e2e000 	C:\WINDOWS\System32\ADVAPI32.dll
0x00007ffdc1950000 - 0x00007ffdc19ee000 	C:\WINDOWS\System32\msvcrt.dll
0x00007ffdc01d0000 - 0x00007ffdc026c000 	C:\WINDOWS\System32\sechost.dll
0x00007ffdc1bf0000 - 0x00007ffdc1d15000 	C:\WINDOWS\System32\RPCRT4.dll
0x00007ffdc1f90000 - 0x00007ffdc2130000 	C:\WINDOWS\System32\USER32.dll
0x00007ffda3580000 - 0x00007ffda381a000 	C:\WINDOWS\WinSxS\amd64_microsoft.windows.common-controls_6595b64144ccf1df_6.0.19041.1110_none_60b5254171f9507e\COMCTL32.dll
0x00007ffdbfe10000 - 0x00007ffdbfe32000 	C:\WINDOWS\System32\win32u.dll
0x00007ffdc19f0000 - 0x00007ffdc1a1a000 	C:\WINDOWS\System32\GDI32.dll
0x00007ffdbfd00000 - 0x00007ffdbfe0b000 	C:\WINDOWS\System32\gdi32full.dll
0x00007ffdbffd0000 - 0x00007ffdc006d000 	C:\WINDOWS\System32\msvcp_win.dll
0x00007ffdb8570000 - 0x00007ffdb857a000 	C:\WINDOWS\SYSTEM32\VERSION.dll
0x00007ffdc09e0000 - 0x00007ffdc0a10000 	C:\WINDOWS\System32\IMM32.DLL
0x00007ffdb4500000 - 0x00007ffdb450c000 	C:\Program Files\Java\jdk-17.0.2\bin\vcruntime140_1.dll
0x00007ffd95ab0000 - 0x00007ffd95b3d000 	C:\Program Files\Java\jdk-17.0.2\bin\msvcp140.dll
0x00007ffd6d110000 - 0x00007ffd6dcd1000 	C:\Program Files\Java\jdk-17.0.2\bin\server\jvm.dll
0x00007ffdc18b0000 - 0x00007ffdc18b8000 	C:\WINDOWS\System32\PSAPI.DLL
0x00007ffdbad80000 - 0x00007ffdbad89000 	C:\WINDOWS\SYSTEM32\WSOCK32.dll
0x00007ffdaca00000 - 0x00007ffdaca27000 	C:\WINDOWS\SYSTEM32\WINMM.dll
0x00007ffdc1840000 - 0x00007ffdc18ab000 	C:\WINDOWS\System32\WS2_32.dll
0x00007ffdbe120000 - 0x00007ffdbe132000 	C:\WINDOWS\SYSTEM32\kernel.appcore.dll
0x00007ffdaaa40000 - 0x00007ffdaaa4a000 	C:\Program Files\Java\jdk-17.0.2\bin\jimage.dll
0x00007ffdbbd20000 - 0x00007ffdbbf04000 	C:\WINDOWS\SYSTEM32\DBGHELP.DLL
0x00007ffdaca70000 - 0x00007ffdaca9c000 	C:\WINDOWS\SYSTEM32\dbgcore.DLL
0x00007ffdbfe40000 - 0x00007ffdbfec2000 	C:\WINDOWS\System32\bcryptPrimitives.dll
0x00007ffdbadd0000 - 0x00007ffdbadde000 	C:\Program Files\Java\jdk-17.0.2\bin\instrument.dll
0x00007ffd9f080000 - 0x00007ffd9f0a5000 	C:\Program Files\Java\jdk-17.0.2\bin\java.dll
0x00007ffd952d0000 - 0x00007ffd953a6000 	C:\Program Files\Java\jdk-17.0.2\bin\jsvml.dll
0x00007ffdc1090000 - 0x00007ffdc17d3000 	C:\WINDOWS\System32\SHELL32.dll
0x00007ffdbd940000 - 0x00007ffdbe0d5000 	C:\WINDOWS\SYSTEM32\windows.storage.dll
0x00007ffdc0270000 - 0x00007ffdc05c4000 	C:\WINDOWS\System32\combase.dll
0x00007ffdbf2f0000 - 0x00007ffdbf320000 	C:\WINDOWS\SYSTEM32\Wldp.dll
0x00007ffdc0fe0000 - 0x00007ffdc108d000 	C:\WINDOWS\System32\SHCORE.dll
0x00007ffdc17e0000 - 0x00007ffdc1835000 	C:\WINDOWS\System32\shlwapi.dll
0x00007ffdbf7d0000 - 0x00007ffdbf7ef000 	C:\WINDOWS\SYSTEM32\profapi.dll
0x00007ffd9ec30000 - 0x00007ffd9ec49000 	C:\Program Files\Java\jdk-17.0.2\bin\net.dll
0x00007ffdb0520000 - 0x00007ffdb062a000 	C:\WINDOWS\SYSTEM32\WINHTTP.dll
0x00007ffdbf050000 - 0x00007ffdbf0ba000 	C:\WINDOWS\system32\mswsock.dll
0x00007ffd9ec10000 - 0x00007ffd9ec26000 	C:\Program Files\Java\jdk-17.0.2\bin\nio.dll
0x00007ffd9ebf0000 - 0x00007ffd9ec08000 	C:\Program Files\Java\jdk-17.0.2\bin\zip.dll
0x00007ffdb9ca0000 - 0x00007ffdb9cba000 	E:\IntelliJ IDEA PRO\IntelliJ IDEA 2022.2.3\bin\breakgen64.dll
0x000001e782770000 - 0x000001e782773000 	C:\Users\User\.openjfx\cache\17.0.2-ea\api-ms-win-core-console-l1-1-0.dll
0x000001e782780000 - 0x000001e782783000 	C:\Users\User\.openjfx\cache\17.0.2-ea\api-ms-win-core-console-l1-2-0.dll
0x000001e782790000 - 0x000001e782793000 	C:\Users\User\.openjfx\cache\17.0.2-ea\api-ms-win-core-datetime-l1-1-0.dll
0x000001e7827a0000 - 0x000001e7827a3000 	C:\Users\User\.openjfx\cache\17.0.2-ea\api-ms-win-core-debug-l1-1-0.dll
0x000001e7827b0000 - 0x000001e7827b3000 	C:\Users\User\.openjfx\cache\17.0.2-ea\api-ms-win-core-errorhandling-l1-1-0.dll
0x000001e7827c0000 - 0x000001e7827c4000 	C:\Users\User\.openjfx\cache\17.0.2-ea\api-ms-win-core-file-l1-1-0.dll
0x000001e7827d0000 - 0x000001e7827d3000 	C:\Users\User\.openjfx\cache\17.0.2-ea\api-ms-win-core-file-l1-2-0.dll
0x000001e7827e0000 - 0x000001e7827e3000 	C:\Users\User\.openjfx\cache\17.0.2-ea\api-ms-win-core-file-l2-1-0.dll
0x000001e7827f0000 - 0x000001e7827f3000 	C:\Users\User\.openjfx\cache\17.0.2-ea\api-ms-win-core-handle-l1-1-0.dll
0x000001e783c00000 - 0x000001e783c03000 	C:\Users\User\.openjfx\cache\17.0.2-ea\api-ms-win-core-heap-l1-1-0.dll
0x000001e783c10000 - 0x000001e783c13000 	C:\Users\User\.openjfx\cache\17.0.2-ea\api-ms-win-core-interlocked-l1-1-0.dll
0x000001e783c20000 - 0x000001e783c23000 	C:\Users\User\.openjfx\cache\17.0.2-ea\api-ms-win-core-libraryloader-l1-1-0.dll
0x000001e783c30000 - 0x000001e783c33000 	C:\Users\User\.openjfx\cache\17.0.2-ea\api-ms-win-core-localization-l1-2-0.dll
0x000001e783c40000 - 0x000001e783c43000 	C:\Users\User\.openjfx\cache\17.0.2-ea\api-ms-win-core-memory-l1-1-0.dll
0x000001e783c50000 - 0x000001e783c53000 	C:\Users\User\.openjfx\cache\17.0.2-ea\api-ms-win-core-namedpipe-l1-1-0.dll
0x000001e783c60000 - 0x000001e783c63000 	C:\Users\User\.openjfx\cache\17.0.2-ea\api-ms-win-core-processenvironment-l1-1-0.dll
0x000001e783c70000 - 0x000001e783c73000 	C:\Users\User\.openjfx\cache\17.0.2-ea\api-ms-win-core-processthreads-l1-1-0.dll
0x000001e783c80000 - 0x000001e783c83000 	C:\Users\User\.openjfx\cache\17.0.2-ea\api-ms-win-core-processthreads-l1-1-1.dll
0x000001e783c90000 - 0x000001e783c93000 	C:\Users\User\.openjfx\cache\17.0.2-ea\api-ms-win-core-profile-l1-1-0.dll
0x000001e783ca0000 - 0x000001e783ca3000 	C:\Users\User\.openjfx\cache\17.0.2-ea\api-ms-win-core-rtlsupport-l1-1-0.dll
0x000001e783cb0000 - 0x000001e783cb3000 	C:\Users\User\.openjfx\cache\17.0.2-ea\api-ms-win-core-string-l1-1-0.dll
0x000001e783cc0000 - 0x000001e783cc3000 	C:\Users\User\.openjfx\cache\17.0.2-ea\api-ms-win-core-synch-l1-1-0.dll
0x000001e783cd0000 - 0x000001e783cd3000 	C:\Users\User\.openjfx\cache\17.0.2-ea\api-ms-win-core-synch-l1-2-0.dll
0x000001e783ce0000 - 0x000001e783ce3000 	C:\Users\User\.openjfx\cache\17.0.2-ea\api-ms-win-core-sysinfo-l1-1-0.dll
0x000001e783cf0000 - 0x000001e783cf3000 	C:\Users\User\.openjfx\cache\17.0.2-ea\api-ms-win-core-timezone-l1-1-0.dll
0x000001e783d00000 - 0x000001e783d03000 	C:\Users\User\.openjfx\cache\17.0.2-ea\api-ms-win-core-util-l1-1-0.dll
0x000001e783d10000 - 0x000001e783d13000 	C:\Users\User\.openjfx\cache\17.0.2-ea\api-ms-win-crt-conio-l1-1-0.dll
0x000001e783d20000 - 0x000001e783d24000 	C:\Users\User\.openjfx\cache\17.0.2-ea\api-ms-win-crt-convert-l1-1-0.dll
0x000001e783d30000 - 0x000001e783d33000 	C:\Users\User\.openjfx\cache\17.0.2-ea\api-ms-win-crt-environment-l1-1-0.dll
0x000001e783d40000 - 0x000001e783d43000 	C:\Users\User\.openjfx\cache\17.0.2-ea\api-ms-win-crt-filesystem-l1-1-0.dll
0x000001e783d50000 - 0x000001e783d53000 	C:\Users\User\.openjfx\cache\17.0.2-ea\api-ms-win-crt-heap-l1-1-0.dll
0x000001e783d60000 - 0x000001e783d63000 	C:\Users\User\.openjfx\cache\17.0.2-ea\api-ms-win-crt-locale-l1-1-0.dll
0x000001e783d70000 - 0x000001e783d75000 	C:\Users\User\.openjfx\cache\17.0.2-ea\api-ms-win-crt-math-l1-1-0.dll
0x000001e783d80000 - 0x000001e783d85000 	C:\Users\User\.openjfx\cache\17.0.2-ea\api-ms-win-crt-multibyte-l1-1-0.dll
0x000001e783d90000 - 0x000001e783da0000 	C:\Users\User\.openjfx\cache\17.0.2-ea\api-ms-win-crt-private-l1-1-0.dll
0x000001e783da0000 - 0x000001e783da3000 	C:\Users\User\.openjfx\cache\17.0.2-ea\api-ms-win-crt-process-l1-1-0.dll
0x000001e783db0000 - 0x000001e783db4000 	C:\Users\User\.openjfx\cache\17.0.2-ea\api-ms-win-crt-runtime-l1-1-0.dll
0x000001e783dc0000 - 0x000001e783dc4000 	C:\Users\User\.openjfx\cache\17.0.2-ea\api-ms-win-crt-stdio-l1-1-0.dll
0x000001e783dd0000 - 0x000001e783dd4000 	C:\Users\User\.openjfx\cache\17.0.2-ea\api-ms-win-crt-string-l1-1-0.dll
0x000001e783de0000 - 0x000001e783de3000 	C:\Users\User\.openjfx\cache\17.0.2-ea\api-ms-win-crt-time-l1-1-0.dll
0x000001e783df0000 - 0x000001e783df3000 	C:\Users\User\.openjfx\cache\17.0.2-ea\api-ms-win-crt-utility-l1-1-0.dll
0x00007ffda0260000 - 0x00007ffda035c000 	C:\Users\User\.openjfx\cache\17.0.2-ea\ucrtbase.dll
0x00007ffdb9ae0000 - 0x00007ffdb9afa000 	C:\Users\User\.openjfx\cache\17.0.2-ea\vcruntime140.dll
0x00007ffdbadb0000 - 0x00007ffdbadbc000 	C:\Users\User\.openjfx\cache\17.0.2-ea\vcruntime140_1.dll
0x00007ffda22c0000 - 0x00007ffda234d000 	C:\Users\User\.openjfx\cache\17.0.2-ea\msvcp140.dll
0x00007ffdada20000 - 0x00007ffdada4a000 	C:\Users\User\.openjfx\cache\17.0.2-ea\prism_d3d.dll
0x00007ffd944b0000 - 0x00007ffd9467f000 	C:\WINDOWS\system32\d3d9.dll
0x00007ffdbd1f0000 - 0x00007ffdbd21f000 	C:\WINDOWS\SYSTEM32\dwmapi.dll
0x00007ffdbcf00000 - 0x00007ffdbcf9e000 	C:\WINDOWS\system32\uxtheme.dll
0x00007ffd81510000 - 0x00007ffd816dd000 	C:\WINDOWS\System32\DriverStore\FileRepository\iigd_dch.inf_amd64_5ff19bda550c7b73\igdumdim64.dll
0x00007ffdb52e0000 - 0x00007ffdb5400000 	C:\WINDOWS\System32\DriverStore\FileRepository\iigd_dch.inf_amd64_5ff19bda550c7b73\igdgmm64.dll
0x00007ffd644a0000 - 0x00007ffd680b1000 	C:\WINDOWS\System32\DriverStore\FileRepository\iigd_dch.inf_amd64_5ff19bda550c7b73\igd9dxva64.dll
0x00007ffdc06a0000 - 0x00007ffdc07ca000 	C:\WINDOWS\System32\OLE32.dll
0x00007ffdc05d0000 - 0x00007ffdc069d000 	C:\WINDOWS\System32\OLEAUT32.dll
0x00007ffda07c0000 - 0x00007ffda0802000 	C:\Users\User\.openjfx\cache\17.0.2-ea\glass.dll
0x00007ffdc1ea0000 - 0x00007ffdc1f7a000 	C:\WINDOWS\System32\COMDLG32.dll
0x00007ffdc1a20000 - 0x00007ffdc1b35000 	C:\WINDOWS\System32\MSCTF.dll
0x00007ffdba5a0000 - 0x00007ffdba5db000 	C:\WINDOWS\SYSTEM32\dxcore.dll
0x00007ffdbf970000 - 0x00007ffdbf9be000 	C:\WINDOWS\System32\cfgmgr32.dll

dbghelp: loaded successfully - version: 4.0.5 - missing functions: none
symbol engine: initialized successfully - sym options: 0x614 - pdb path: .;C:\Program Files\Java\jdk-17.0.2\bin;C:\WINDOWS\SYSTEM32;C:\WINDOWS\WinSxS\amd64_microsoft.windows.common-controls_6595b64144ccf1df_6.0.19041.1110_none_60b5254171f9507e;C:\Program Files\Java\jdk-17.0.2\bin\server;E:\IntelliJ IDEA PRO\IntelliJ IDEA 2022.2.3\bin;C:\Users\User\.openjfx\cache\17.0.2-ea;C:\WINDOWS\System32\DriverStore\FileRepository\iigd_dch.inf_amd64_5ff19bda550c7b73

VM Arguments:
jvm_args: -javaagent:E:\IntelliJ IDEA PRO\IntelliJ IDEA 2022.2.3\lib\idea_rt.jar=59356:E:\IntelliJ IDEA PRO\IntelliJ IDEA 2022.2.3\bin -Dfile.encoding=UTF-8 --module-path=C:\Users\User\.m2\repository\org\openjfx\javafx-controls\17.0.2\javafx-controls-17.0.2-win.jar;E:\ProgSP_course_project\Java\Course_project\target\classes;C:\Users\User\.m2\repository\org\openjfx\javafx-base\17.0.2\javafx-base-17.0.2-win.jar;C:\Users\User\.m2\repository\org\openjfx\javafx-fxml\17.0.2\javafx-fxml-17.0.2-win.jar;C:\Users\User\.m2\repository\org\openjfx\javafx-graphics\17.0.2\javafx-graphics-17.0.2-win.jar -Djdk.module.main=com.example.course_project 
java_command: com.example.course_project/com.example.course_project.StartClient
java_class_path (initial): D:\mysql-connector-j-8.0.31\mysql-connector-j-8.0.31.jar;C:\Users\User\.m2\repository\org\openjfx\javafx-controls\17.0.2\javafx-controls-17.0.2.jar;C:\Users\User\.m2\repository\org\openjfx\javafx-graphics\17.0.2\javafx-graphics-17.0.2.jar;C:\Users\User\.m2\repository\org\openjfx\javafx-base\17.0.2\javafx-base-17.0.2.jar;C:\Users\User\.m2\repository\org\openjfx\javafx-fxml\17.0.2\javafx-fxml-17.0.2.jar
Launcher Type: SUN_STANDARD

[Global flags]
     intx CICompilerCount                          = 4                                         {product} {ergonomic}
     uint ConcGCThreads                            = 2                                         {product} {ergonomic}
     uint G1ConcRefinementThreads                  = 8                                         {product} {ergonomic}
   size_t G1HeapRegionSize                         = 2097152                                   {product} {ergonomic}
    uintx GCDrainStackTargetSize                   = 64                                        {product} {ergonomic}
   size_t InitialHeapSize                          = 266338304                                 {product} {ergonomic}
   size_t MarkStackSize                            = 4194304                                   {product} {ergonomic}
   size_t MaxHeapSize                              = 4244635648                                {product} {ergonomic}
   size_t MaxNewSize                               = 2545942528                                {product} {ergonomic}
   size_t MinHeapDeltaBytes                        = 2097152                                   {product} {ergonomic}
   size_t MinHeapSize                              = 8388608                                   {product} {ergonomic}
    uintx NonNMethodCodeHeapSize                   = 5839372                                {pd product} {ergonomic}
    uintx NonProfiledCodeHeapSize                  = 122909434                              {pd product} {ergonomic}
    uintx ProfiledCodeHeapSize                     = 122909434                              {pd product} {ergonomic}
    uintx ReservedCodeCacheSize                    = 251658240                              {pd product} {ergonomic}
     bool SegmentedCodeCache                       = true                                      {product} {ergonomic}
   size_t SoftMaxHeapSize                          = 4244635648                             {manageable} {ergonomic}
     bool UseCompressedClassPointers               = true                           {product lp64_product} {ergonomic}
     bool UseCompressedOops                        = true                           {product lp64_product} {ergonomic}
     bool UseG1GC                                  = true                                      {product} {ergonomic}
     bool UseLargePagesIndividualAllocation        = false                                  {pd product} {ergonomic}

Logging:
Log output configuration:
 #0: stdout all=warning uptime,level,tags
 #1: stderr all=off uptime,level,tags

Environment Variables:
CLASSPATH=.;C:\PROGRA~1\IBM\IBMDAT~1\java\db2jcc.jar;C:\PROGRA~1\IBM\IBMDAT~1\java\sqlj.zip;C:\PROGRA~1\IBM\IBMDAT~1\bin
PATH=C:\Program Files\Microsoft MPI\Bin\;C:\Program Files\Python38\Scripts\;C:\Program Files\Python38\;D:\WinAVR\bin;D:\WinAVR\utils\bin;C:\Program Files\Common Files\Oracle\Java\javapath;C:\Program Files (x86)\Common Files\Oracle\Java\javapath;C:\WINDOWS\system32;C:\WINDOWS;C:\WINDOWS\System32\Wbem;C:\WINDOWS\System32\WindowsPowerShell\v1.0\;C:\WINDOWS\System32\OpenSSH\;C:\Program Files (x86)\NVIDIA Corporation\PhysX\Common;C:\Program Files\NVIDIA Corporation\NVIDIA NvDLISR;C:\Program Files\Git\cmd;C:\Program Files\Microsoft SQL Server\Client SDK\ODBC\170\Tools\Binn\;C:\Program Files\Microsoft SQL Server\130\Tools\Binn\;C:\Program Files\Microsoft SQL Server\150\Tools\Binn\;C:\Program Files (x86)\Microsoft SQL Server\150\DTS\Binn\;C:\Program Files\dotnet\;C:\Program Files (x86)\Microsoft SQL Server\110\DTS\Binn\;C:\Program Files (x86)\Microsoft SQL Server\120\DTS\Binn\;C:\Program Files (x86)\Microsoft SQL Server\130\DTS\Binn\;C:\Program Files (x86)\Microsoft SQL Server\140\DTS\Binn\;C:\Program Files (x86)\Microsoft SQL Server\160\DTS\Binn\;C:\WINDOWS\system32;C:\WINDOWS;C:\WINDOWS\System32\Wbem;C:\WINDOWS\System32\WindowsPowerShell\v1.0\;C:\WINDOWS\System32\OpenSSH\;C:\PROGRA~1\IBM\IBMDAT~1\BIN;E:\Git_LFS\Git LFS;E:\TortoiseGIT\bin;C:\Users\User\.dnx\bin;C:\Program Files\Microsoft DNX\Dnvm\;C:\Program Files (x86)\Microsoft SQL Server\150\Tools\Binn\;C:\Program Files\Microsoft SQL Server\150\DTS\Binn\;C:\Program Files\MySQL\MySQL Shell 8.0\bin\;E:\Python_3_10\Scripts\;E:\Python_3_10\;C:\Users\User\AppData\Local\Microsoft\WindowsApps;C:\Users\User\AppData\Local\GitHubDesktop\bin;C:\Program Files\Azure Data Studio\bin;C:\Program Files (x86)\GNU Tools ARM Embedded\4.6 2012q4\bin;C:\Users\User\.dotnet\tools;;E:\PyCharm PRO\PyCharm 2022.2.2\bin;;E:\IntelliJ IDEA PRO\IntelliJ IDEA 2022.2.3\bin;
USERNAME=User
OS=Windows_NT
PROCESSOR_IDENTIFIER=Intel64 Family 6 Model 165 Stepping 2, GenuineIntel



---------------  S Y S T E M  ---------------

OS:
 Windows 10 , 64 bit Build 19041 (10.0.19041.1889)
OS uptime: 8 days 10:53 hours

CPU: total 8 (initial active 8) (4 cores per cpu, 2 threads per core) family 6 model 165 stepping 2 microcode 0xc8, cx8, cmov, fxsr, ht, mmx, 3dnowpref, sse, sse2, sse3, ssse3, sse4.1, sse4.2, popcnt, lzcnt, tsc, tscinvbit, avx, avx2, aes, erms, clmul, bmi1, bmi2, adx, fma, vzeroupper, clflush, clflushopt

Memory: 4k page, system-wide physical 16185M (4383M free)
TotalPageFile size 18233M (AvailPageFile size 3M)
current process WorkingSet (physical memory assigned to process): 72M, peak: 72M
current process commit charge ("private bytes"): 368M, peak: 375M

vm_info: Java HotSpot(TM) 64-Bit Server VM (17.0.2+8-LTS-86) for windows-amd64 JRE (17.0.2+8-LTS-86), built on Dec  7 2021 21:51:03 by "mach5one" with MS VC++ 16.8 / 16.9 (VS2019)

END.
